23-07-2019 19:02:54 HandleData. CadOri:OOLOGILYZ Nom:UI:2 N: 438 D: El objeto no acepta esta propiedad o método
23-07-2019 19:02:57 HandleData. CadOri:OOLOGILYZ Nom:UI:2 N: 438 D: El objeto no acepta esta propiedad o método
23-07-2019 19:02:59 HandleData. CadOri:OOLOGILYZ Nom:UI:2 N: 438 D: El objeto no acepta esta propiedad o método
23-07-2019 19:09:48 HandleData. CadOri:OOLOGILYZ Nom:UI:2 N: 13 D: No coinciden los tipos
23-07-2019 19:09:51 HandleData. CadOri:OOLOGILYZ Nom:UI:2 N: 13 D: No coinciden los tipos
23-07-2019 19:10:10 HandleData. CadOri:OOLOGILYZ Nom:UI:2 N: 13 D: No coinciden los tipos
23-07-2019 19:10:21 HandleData. CadOri:OOLOGILYZ Nom:UI:2 N: 13 D: No coinciden los tipos
23-07-2019 19:11:22 HandleData. CadOri:OOLOGIRAGNAR Nom:UI:2 N: 13 D: No coinciden los tipos
23-07-2019 19:11:25 HandleData. CadOri:OOLOGIRAGNAR Nom:UI:2 N: 13 D: No coinciden los tipos
24-07-2019 19:59:39 HandleData. CadOri:OOLOGILYZ Nom:UI:2 N: 13 D: No coinciden los tipos
24-07-2019 19:59:42 HandleData. CadOri:OOLOGILYZ Nom:UI:2 N: 13 D: No coinciden los tipos
24-07-2019 19:59:43 HandleData. CadOri:OOLOGILYZ Nom:UI:2 N: 13 D: No coinciden los tipos
24-07-2019 19:59:46 HandleData. CadOri:OOLOGILYZ Nom:UI:2 N: 13 D: No coinciden los tipos
24-07-2019 19:59:49 HandleData. CadOri:OOLOGILYZ Nom:UI:2 N: 13 D: No coinciden los tipos
24-07-2019 19:59:56 HandleData. CadOri:OOLOGIRAGNAR Nom:UI:2 N: 13 D: No coinciden los tipos
24-07-2019 23:38:10 HandleData. CadOri:OOLOGILYZ Nom:UI:2 N: 6 D: Desbordamiento
24-07-2019 23:38:17 HandleData. CadOri:OOLOGILYZ Nom:UI:2 N: 6 D: Desbordamiento
24-07-2019 23:39:11 HandleData. CadOri:OOLOGILYZ Nom:UI:2 N: 6 D: Desbordamiento
25-07-2019 22:37:16 HandleData. CadOri:OOLOGILYZ Nom:UI:2 N: 6 D: Desbordamiento
25-07-2019 22:37:19 HandleData. CadOri:OOLOGILYZ Nom:UI:2 N: 6 D: Desbordamiento
25-07-2019 22:37:21 HandleData. CadOri:OOLOGILYZ Nom:UI:2 N: 6 D: Desbordamiento
25-07-2019 22:45:39 HandleData. CadOri:OOLOGILYZ Nom:UI:2 N: 6 D: Desbordamiento
25-07-2019 22:45:42 HandleData. CadOri:OOLOGILYZ Nom:UI:2 N: 6 D: Desbordamiento
25-07-2019 22:46:37 HandleData. CadOri:OOLOGILYZ Nom:UI:2 N: 6 D: Desbordamiento
25-07-2019 23:26:07 HandleData. CadOri:/infosubasta Nom:LYZUI:2 N: 13 D: No coinciden los tipos
25-07-2019 23:26:43 HandleData. CadOri:/ofertar 1 Nom:LYZUI:2 N: 13 D: No coinciden los tipos
25-07-2019 23:29:06 HandleData. CadOri:/infosubasta Nom:LYZUI:2 N: 13 D: No coinciden los tipos
26-07-2019 14:03:26 HandleData. CadOri:OOLOGILYZ Nom:UI:2 N: 6 D: Desbordamiento
26-07-2019 14:08:57 HandleData. CadOri:OOLOGILYZ Nom:UI:2 N: 6 D: Desbordamiento
26-07-2019 15:07:32 HandleData. CadOri:OOLOGILYZ Nom:UI:2 N: 6 D: Desbordamiento
26-07-2019 19:42:32 HandleData. CadOri:OOLOGIRAGNAR Nom:UI:2 N: 6 D: Desbordamiento
26-07-2019 20:19:44 HandleData. CadOri:OOLOGILYZ Nom:UI:2 N: 6 D: Desbordamiento
26-07-2019 20:50:45 HandleData. CadOri:OOLOGIRAGNAR Nom:UI:1 N: 6 D: Desbordamiento
26-07-2019 20:50:48 HandleData. CadOri:OOLOGIRAGNAR Nom:UI:1 N: 6 D: Desbordamiento
26-07-2019 20:50:50 HandleData. CadOri:OOLOGIRAGNAR Nom:UI:1 N: 6 D: Desbordamiento
26-07-2019 20:53:15 HandleData. CadOri:OOLOGIRAGNAR Nom:UI:2 N: 6 D: Desbordamiento
26-07-2019 20:53:17 HandleData. CadOri:OOLOGILYZ Nom:UI:2 N: 6 D: Desbordamiento
26-07-2019 21:00:33 HandleData. CadOri:OOLOGIRAGNAR Nom:UI:2 N: 6 D: Desbordamiento
26-07-2019 22:21:58 HandleData. CadOri:OOLOGILYZ Nom:UI:2 N: 6 D: Desbordamiento
26-07-2019 22:50:46 HandleData. CadOri:OOLOGILYZ Nom:UI:2 N: 6 D: Desbordamiento
26-07-2019 23:02:51 HandleData. CadOri:OOLOGILYZ Nom:UI:2 N: 6 D: Desbordamiento
27-07-2019 15:20:53 HandleData. CadOri:OOLOGILYZ Nom:UI:2 N: 6 D: Desbordamiento
27-07-2019 15:20:55 HandleData. CadOri:OOLOGILYZ Nom:UI:2 N: 6 D: Desbordamiento
30-07-2019 17:11:52 HandleData. CadOri:OOLOGILYZ Nom:UI:2 N: 6 D: Desbordamiento
30-07-2019 17:12:59 HandleData. CadOri:/dt Nom:RAGNARUI:2 N: 9 D: El subíndice está fuera del intervalo
30-07-2019 17:13:03 HandleData. CadOri:OOLOGILYZ Nom:UI:2 N: 6 D: Desbordamiento
30-07-2019 17:29:31 HandleData. CadOri:OOLOGILYZ Nom:UI:2 N: 6 D: Desbordamiento
30-07-2019 17:29:33 HandleData. CadOri:OOLOGIRAGNAR Nom:UI:2 N: 6 D: Desbordamiento
30-07-2019 17:39:56 HandleData. CadOri:OOLOGILYZ Nom:UI:2 N: 6 D: Desbordamiento
30-07-2019 17:39:59 HandleData. CadOri:OOLOGILYZ Nom:UI:2 N: 6 D: Desbordamiento
30-07-2019 17:45:33 HandleData. CadOri:OOLOGILYZ Nom:UI:2 N: 6 D: Desbordamiento
30-07-2019 20:43:31 HandleData. CadOri:OOLOGILYZ Nom:UI:2 N: 6 D: Desbordamiento
30-07-2019 20:44:12 HandleData. CadOri:OOLOGILYZ Nom:UI:2 N: 6 D: Desbordamiento
30-07-2019 20:45:49 HandleData. CadOri:WLC59,48,2 Nom:LYZUI:2 N: 9 D: El subíndice está fuera del intervalo
30-07-2019 20:45:56 HandleData. CadOri:WLC59,48,2 Nom:LYZUI:2 N: 9 D: El subíndice está fuera del intervalo
30-07-2019 20:46:22 HandleData. CadOri:WLC50,54,2 Nom:LYZUI:2 N: 9 D: El subíndice está fuera del intervalo
30-07-2019 20:46:33 HandleData. CadOri:WLC53,47,2 Nom:LYZUI:2 N: 9 D: El subíndice está fuera del intervalo
30-07-2019 20:46:51 HandleData. CadOri:WLC50,63,2 Nom:LYZUI:2 N: 9 D: El subíndice está fuera del intervalo
30-07-2019 20:46:57 HandleData. CadOri:WLC52,47,2 Nom:LYZUI:2 N: 9 D: El subíndice está fuera del intervalo
30-07-2019 20:47:03 HandleData. CadOri:WLC48,52,2 Nom:LYZUI:2 N: 9 D: El subíndice está fuera del intervalo
30-07-2019 20:47:15 HandleData. CadOri:WLC56,48,2 Nom:LYZUI:2 N: 9 D: El subíndice está fuera del intervalo
30-07-2019 20:47:34 HandleData. CadOri:WLC53,74,2 Nom:LYZUI:2 N: 9 D: El subíndice está fuera del intervalo
30-07-2019 20:56:35 HandleData. CadOri:WLC57,57,2 Nom:RAGNARUI:2 N: 9 D: El subíndice está fuera del intervalo
30-07-2019 21:59:20 HandleData. CadOri:OOLOGILYZ Nom:UI:1 N: 6 D: Desbordamiento
30-07-2019 21:59:22 HandleData. CadOri:OOLOGILYZ Nom:UI:1 N: 6 D: Desbordamiento
30-07-2019 21:59:26 HandleData. CadOri:OOLOGILYZ Nom:UI:1 N: 6 D: Desbordamiento
30-07-2019 22:57:35 HandleData. CadOri:OOLOGILYZ Nom:UI:1 N: 6 D: Desbordamiento
30-07-2019 23:33:41 HandleData. CadOri:OOLOGILYZ Nom:UI:2 N: 6 D: Desbordamiento
31-07-2019 12:04:53 HandleData. CadOri:OOLOGILYZ Nom:UI:2 N: 6 D: Desbordamiento
31-07-2019 12:04:58 HandleData. CadOri:OOLOGILYZ Nom:UI:2 N: 6 D: Desbordamiento
31-07-2019 12:05:00 HandleData. CadOri:OOLOGILYZ Nom:UI:2 N: 6 D: Desbordamiento
31-07-2019 16:58:52 HandleData. CadOri:SWAP25,20 Nom:LYZUI:2 N: 9 D: El subíndice está fuera del intervalo
02-08-2019 1:36:26 HandleData. CadOri:SPX40 Nom:LYZUI:2 N: 9 D: El subíndice está fuera del intervalo
02-08-2019 1:36:27 HandleData. CadOri:SPX40 Nom:LYZUI:2 N: 9 D: El subíndice está fuera del intervalo
26-12-2019 14:17:05 HandleData. CadOri:WLC47,54,2 Nom:LYZUI:2 N: 9 D: El subíndice está fuera del intervalo
26-12-2019 14:17:12 HandleData. CadOri:WLC46,54,2 Nom:LYZUI:2 N: 9 D: El subíndice está fuera del intervalo
