22/02/2009 14:34:39 NumUsers: 0 WSAPISock2Usr: 0
22/02/2009 15:06:58 NumUsers: 0 WSAPISock2Usr: 0
22/02/2009 15:11:58 NumUsers: 0 WSAPISock2Usr: 0
22/02/2009 15:16:58 NumUsers: 0 WSAPISock2Usr: 0
22/02/2009 15:21:58 NumUsers: 0 WSAPISock2Usr: 0
22/02/2009 16:50:08 NumUsers: 0 WSAPISock2Usr: 0
22/02/2009 20:39:31 NumUsers: 0 WSAPISock2Usr: 0
23/02/2009 19:04:20 NumUsers: 1 WSAPISock2Usr: 1
23/02/2009 19:09:20 NumUsers: 0 WSAPISock2Usr: 0
23/02/2009 20:00:41 NumUsers: 0 WSAPISock2Usr: 0
24/02/2009 14:00:29 NumUsers: 0 WSAPISock2Usr: 0
24/02/2009 14:05:29 NumUsers: 0 WSAPISock2Usr: 0
24/02/2009 14:10:29 NumUsers: 0 WSAPISock2Usr: 0
24/02/2009 14:15:29 NumUsers: 1 WSAPISock2Usr: 1
24/02/2009 14:20:29 NumUsers: 0 WSAPISock2Usr: 0
24/02/2009 19:58:24 NumUsers: 1 WSAPISock2Usr: 1
24/02/2009 20:32:10 NumUsers: 0 WSAPISock2Usr: 0
24/02/2009 20:37:10 NumUsers: 0 WSAPISock2Usr: 0
24/02/2009 20:42:10 NumUsers: 0 WSAPISock2Usr: 0
24/02/2009 20:47:10 NumUsers: 0 WSAPISock2Usr: 0
24/02/2009 20:52:10 NumUsers: 0 WSAPISock2Usr: 0
05/03/2009 13:43:10 NumUsers: 0 WSAPISock2Usr: 0
05/03/2009 13:48:10 NumUsers: 0 WSAPISock2Usr: 0
05/03/2009 15:32:21 NumUsers: 0 WSAPISock2Usr: 0
05/03/2009 15:37:21 NumUsers: 0 WSAPISock2Usr: 0
05/03/2009 15:42:21 NumUsers: 1 WSAPISock2Usr: 1
05/03/2009 15:47:21 NumUsers: 0 WSAPISock2Usr: 0
05/03/2009 15:52:21 NumUsers: 0 WSAPISock2Usr: 0
05/03/2009 16:08:29 NumUsers: 0 WSAPISock2Usr: 0
05/03/2009 16:13:29 NumUsers: 0 WSAPISock2Usr: 0
05/03/2009 20:13:16 NumUsers: 0 WSAPISock2Usr: 0
05/03/2009 20:18:16 NumUsers: 0 WSAPISock2Usr: 0
05/03/2009 20:23:16 NumUsers: 0 WSAPISock2Usr: 0
05/03/2009 20:28:16 NumUsers: 0 WSAPISock2Usr: 0
05/03/2009 20:33:16 NumUsers: 0 WSAPISock2Usr: 0
05/03/2009 20:38:16 NumUsers: 0 WSAPISock2Usr: 0
06/03/2009 14:04:13 NumUsers: 0 WSAPISock2Usr: 0
07/03/2009 12:41:58 NumUsers: 0 WSAPISock2Usr: 0
07/03/2009 12:46:58 NumUsers: 0 WSAPISock2Usr: 0
07/03/2009 15:08:46 NumUsers: 0 WSAPISock2Usr: 0
07/03/2009 15:13:46 NumUsers: 0 WSAPISock2Usr: 0
07/03/2009 15:18:46 NumUsers: 0 WSAPISock2Usr: 0
07/03/2009 15:23:46 NumUsers: 0 WSAPISock2Usr: 0
07/03/2009 15:28:46 NumUsers: 0 WSAPISock2Usr: 0
07/03/2009 15:33:46 NumUsers: 0 WSAPISock2Usr: 0
07/03/2009 15:38:46 NumUsers: 0 WSAPISock2Usr: 0
08/03/2009 12:14:19 NumUsers: 0 WSAPISock2Usr: 0
09/03/2009 20:17:27 NumUsers: 1 WSAPISock2Usr: 1
12/03/2009 13:18:02 NumUsers: 0 WSAPISock2Usr: 0
12/03/2009 13:23:02 NumUsers: 1 WSAPISock2Usr: 1
15/03/2009 19:03:33 NumUsers: 0 WSAPISock2Usr: 0
15/03/2009 19:08:33 NumUsers: 0 WSAPISock2Usr: 0
15/03/2009 19:13:33 NumUsers: 0 WSAPISock2Usr: 0
16/03/2009 14:35:19 NumUsers: 0 WSAPISock2Usr: 0
16/03/2009 14:40:19 NumUsers: 0 WSAPISock2Usr: 0
16/03/2009 14:45:19 NumUsers: 0 WSAPISock2Usr: 0
16/03/2009 14:50:19 NumUsers: 0 WSAPISock2Usr: 0
16/03/2009 14:55:19 NumUsers: 0 WSAPISock2Usr: 0
16/03/2009 15:00:20 NumUsers: 0 WSAPISock2Usr: 0
18/03/2009 12:49:35 NumUsers: 0 WSAPISock2Usr: 0
21/03/2009 18:06:59 NumUsers: 1 WSAPISock2Usr: 1
21/03/2009 18:11:59 NumUsers: 0 WSAPISock2Usr: 0
21/03/2009 18:16:59 NumUsers: 0 WSAPISock2Usr: 0
21/03/2009 18:21:59 NumUsers: 0 WSAPISock2Usr: 0
21/03/2009 19:29:35 NumUsers: 0 WSAPISock2Usr: 0
21/03/2009 19:34:35 NumUsers: 0 WSAPISock2Usr: 0
21/03/2009 19:39:35 NumUsers: 0 WSAPISock2Usr: 0
06/08/2009 11:12:20 p.m. NumUsers: 0 WSAPISock2Usr: 0
06/08/2009 11:17:20 p.m. NumUsers: 0 WSAPISock2Usr: 0
06/08/2009 11:22:20 p.m. NumUsers: 0 WSAPISock2Usr: 0
06/08/2009 11:27:20 p.m. NumUsers: 0 WSAPISock2Usr: 0
06/08/2009 11:32:20 p.m. NumUsers: 0 WSAPISock2Usr: 0
06/08/2009 11:37:20 p.m. NumUsers: 0 WSAPISock2Usr: 0
06/08/2009 11:42:20 p.m. NumUsers: 0 WSAPISock2Usr: 0
06/08/2009 11:47:20 p.m. NumUsers: 0 WSAPISock2Usr: 0
06/08/2009 11:52:20 p.m. NumUsers: 0 WSAPISock2Usr: 0
06/08/2009 11:57:20 p.m. NumUsers: 0 WSAPISock2Usr: 0
07/08/2009 12:02:20 a.m. NumUsers: 0 WSAPISock2Usr: 0
07/08/2009 12:07:20 a.m. NumUsers: 0 WSAPISock2Usr: 0
07/08/2009 12:12:20 a.m. NumUsers: 0 WSAPISock2Usr: 0
07/08/2009 12:17:20 a.m. NumUsers: 0 WSAPISock2Usr: 0
07/08/2009 12:22:20 a.m. NumUsers: 0 WSAPISock2Usr: 0
07/08/2009 12:27:20 a.m. NumUsers: 0 WSAPISock2Usr: 0
07/08/2009 12:55:21 a.m. NumUsers: 0 WSAPISock2Usr: 0
28/08/2010 21:25:52 NumUsers: 0 WSAPISock2Usr: 0
28/08/2010 21:30:52 NumUsers: 0 WSAPISock2Usr: 0
28/08/2010 21:35:52 NumUsers: 0 WSAPISock2Usr: 0
28/08/2010 21:40:52 NumUsers: 0 WSAPISock2Usr: 0
28/08/2010 21:45:52 NumUsers: 0 WSAPISock2Usr: 0
28/08/2010 21:50:52 NumUsers: 1 WSAPISock2Usr: 1
16/09/2011 07:10:13 p.m. NumUsers: 1 WSAPISock2Usr: 0
18/09/2011 01:39:35 p.m. NumUsers: 0 WSAPISock2Usr: 0
18/09/2011 01:44:35 p.m. NumUsers: 0 WSAPISock2Usr: 0
18/09/2011 01:49:35 p.m. NumUsers: 1 WSAPISock2Usr: 1
18/09/2011 01:54:35 p.m. NumUsers: 0 WSAPISock2Usr: 0
18/09/2011 01:59:35 p.m. NumUsers: 0 WSAPISock2Usr: 0
18/09/2011 02:04:35 p.m. NumUsers: 0 WSAPISock2Usr: 0
18/09/2011 02:09:35 p.m. NumUsers: 0 WSAPISock2Usr: 0
18/09/2011 02:14:35 p.m. NumUsers: 1 WSAPISock2Usr: 1
18/09/2011 02:19:35 p.m. NumUsers: 1 WSAPISock2Usr: 1
18/09/2011 02:24:35 p.m. NumUsers: 0 WSAPISock2Usr: 0
18/09/2011 02:29:35 p.m. NumUsers: 0 WSAPISock2Usr: 0
18/09/2011 02:34:36 p.m. NumUsers: 0 WSAPISock2Usr: 0
18/09/2011 07:59:15 p.m. NumUsers: 0 WSAPISock2Usr: 0
18/09/2011 08:04:15 p.m. NumUsers: 0 WSAPISock2Usr: 0
18/09/2011 08:09:15 p.m. NumUsers: 0 WSAPISock2Usr: 0
18/09/2011 08:14:15 p.m. NumUsers: 0 WSAPISock2Usr: 0
18/09/2011 08:19:15 p.m. NumUsers: 0 WSAPISock2Usr: 0
18/09/2011 08:24:16 p.m. NumUsers: 0 WSAPISock2Usr: 0
18/09/2011 08:29:16 p.m. NumUsers: 0 WSAPISock2Usr: 0
18/09/2011 08:34:16 p.m. NumUsers: 0 WSAPISock2Usr: 0
18/09/2011 08:39:16 p.m. NumUsers: 0 WSAPISock2Usr: 0
18/09/2011 08:44:16 p.m. NumUsers: 0 WSAPISock2Usr: 0
18/09/2011 08:49:16 p.m. NumUsers: 0 WSAPISock2Usr: 0
18/09/2011 08:54:16 p.m. NumUsers: 0 WSAPISock2Usr: 0
18/09/2011 08:59:16 p.m. NumUsers: 0 WSAPISock2Usr: 0
18/09/2011 09:04:16 p.m. NumUsers: 0 WSAPISock2Usr: 0
18/09/2011 09:09:16 p.m. NumUsers: 0 WSAPISock2Usr: 0
18/09/2011 09:14:16 p.m. NumUsers: 0 WSAPISock2Usr: 0
18/09/2011 09:19:16 p.m. NumUsers: 0 WSAPISock2Usr: 0
18/09/2011 09:24:16 p.m. NumUsers: 0 WSAPISock2Usr: 0
18/09/2011 09:29:16 p.m. NumUsers: 0 WSAPISock2Usr: 0
18/09/2011 09:34:17 p.m. NumUsers: 0 WSAPISock2Usr: 0
18/09/2011 09:39:17 p.m. NumUsers: 0 WSAPISock2Usr: 0
18/09/2011 09:44:17 p.m. NumUsers: 0 WSAPISock2Usr: 0
18/09/2011 09:49:17 p.m. NumUsers: 0 WSAPISock2Usr: 0
18/09/2011 09:54:17 p.m. NumUsers: 0 WSAPISock2Usr: 0
04/01/2014 08:18:52 p.m. NumUsers: 0 WSAPISock2Usr: 0
04/01/2014 08:23:52 p.m. NumUsers: 0 WSAPISock2Usr: 0
04/01/2014 08:28:52 p.m. NumUsers: 0 WSAPISock2Usr: 0
04/01/2014 08:33:52 p.m. NumUsers: 0 WSAPISock2Usr: 0
04/01/2014 08:38:52 p.m. NumUsers: 0 WSAPISock2Usr: 0
04/01/2014 08:43:52 p.m. NumUsers: 0 WSAPISock2Usr: 0
04/01/2014 08:48:52 p.m. NumUsers: 0 WSAPISock2Usr: 0
04/01/2014 08:53:52 p.m. NumUsers: 0 WSAPISock2Usr: 0
04/01/2014 08:58:52 p.m. NumUsers: 0 WSAPISock2Usr: 0
04/01/2014 09:03:54 p.m. NumUsers: 0 WSAPISock2Usr: 0
04/01/2014 09:08:54 p.m. NumUsers: 0 WSAPISock2Usr: 0
04/01/2014 09:19:05 p.m. NumUsers: 0 WSAPISock2Usr: 0
04/01/2014 09:24:05 p.m. NumUsers: 0 WSAPISock2Usr: 0
04/01/2014 09:41:14 p.m. NumUsers: 0 WSAPISock2Usr: 0
04/01/2014 09:46:14 p.m. NumUsers: 0 WSAPISock2Usr: 0
04/01/2014 10:00:37 p.m. NumUsers: 0 WSAPISock2Usr: 0
04/01/2014 10:05:37 p.m. NumUsers: 0 WSAPISock2Usr: 0
04/01/2014 11:11:53 p.m. NumUsers: 0 WSAPISock2Usr: 0
04/01/2014 11:16:53 p.m. NumUsers: 0 WSAPISock2Usr: 0
04/01/2014 11:21:53 p.m. NumUsers: 0 WSAPISock2Usr: 0
04/01/2014 11:26:53 p.m. NumUsers: 0 WSAPISock2Usr: 0
04/01/2014 11:31:53 p.m. NumUsers: 0 WSAPISock2Usr: 0
04/01/2014 11:36:53 p.m. NumUsers: 0 WSAPISock2Usr: 0
04/01/2014 11:41:53 p.m. NumUsers: 0 WSAPISock2Usr: 0
09/01/2014 11:57:23 p.m. NumUsers: 0 WSAPISock2Usr: 0
10/01/2014 12:02:25 a.m. NumUsers: 0 WSAPISock2Usr: 0
10/01/2014 12:07:25 a.m. NumUsers: 0 WSAPISock2Usr: 0
10/01/2014 12:12:25 a.m. NumUsers: 0 WSAPISock2Usr: 0
10/01/2014 12:17:25 a.m. NumUsers: 0 WSAPISock2Usr: 0
10/01/2014 12:22:25 a.m. NumUsers: 0 WSAPISock2Usr: 0
10/01/2014 12:34:55 a.m. NumUsers: 1 WSAPISock2Usr: 1
10/01/2014 12:40:56 p.m. NumUsers: 0 WSAPISock2Usr: 0
10/01/2014 12:57:57 p.m. NumUsers: 0 WSAPISock2Usr: 0
10/01/2014 01:02:57 p.m. NumUsers: 0 WSAPISock2Usr: 0
10/01/2014 01:07:57 p.m. NumUsers: 0 WSAPISock2Usr: 0
10/01/2014 01:12:58 p.m. NumUsers: 0 WSAPISock2Usr: 0
10/01/2014 01:17:58 p.m. NumUsers: 0 WSAPISock2Usr: 0
10/01/2014 01:22:58 p.m. NumUsers: 0 WSAPISock2Usr: 0
10/01/2014 01:27:58 p.m. NumUsers: 0 WSAPISock2Usr: 0
10/01/2014 01:32:58 p.m. NumUsers: 0 WSAPISock2Usr: 0
10/01/2014 01:37:58 p.m. NumUsers: 0 WSAPISock2Usr: 0
10/01/2014 01:42:58 p.m. NumUsers: 0 WSAPISock2Usr: 0
10/01/2014 01:47:58 p.m. NumUsers: 0 WSAPISock2Usr: 0
10/01/2014 02:05:37 p.m. NumUsers: 1 WSAPISock2Usr: 1
10/01/2014 11:12:36 p.m. NumUsers: 0 WSAPISock2Usr: 0
10/01/2014 11:32:44 p.m. NumUsers: 0 WSAPISock2Usr: 0
10/01/2014 11:37:44 p.m. NumUsers: 0 WSAPISock2Usr: 0
10/01/2014 11:42:44 p.m. NumUsers: 0 WSAPISock2Usr: 0
10/01/2014 11:47:44 p.m. NumUsers: 0 WSAPISock2Usr: 0
10/01/2014 11:52:44 p.m. NumUsers: 0 WSAPISock2Usr: 0
10/01/2014 11:57:44 p.m. NumUsers: 0 WSAPISock2Usr: 0
11/01/2014 12:02:45 a.m. NumUsers: 0 WSAPISock2Usr: 0
11/01/2014 12:07:45 a.m. NumUsers: 0 WSAPISock2Usr: 0
11/01/2014 12:12:45 a.m. NumUsers: 0 WSAPISock2Usr: 0
11/01/2014 12:17:45 a.m. NumUsers: 0 WSAPISock2Usr: 0
11/01/2014 12:22:45 a.m. NumUsers: 1 WSAPISock2Usr: 1
11/01/2014 12:27:45 a.m. NumUsers: 0 WSAPISock2Usr: 0
11/01/2014 02:48:47 p.m. NumUsers: 0 WSAPISock2Usr: 0
11/01/2014 02:53:47 p.m. NumUsers: 0 WSAPISock2Usr: 0
11/01/2014 02:58:47 p.m. NumUsers: 1 WSAPISock2Usr: 1
11/01/2014 10:57:55 p.m. NumUsers: 0 WSAPISock2Usr: 0
11/01/2014 11:02:55 p.m. NumUsers: 0 WSAPISock2Usr: 0
11/01/2014 11:07:55 p.m. NumUsers: 0 WSAPISock2Usr: 0
11/01/2014 11:12:55 p.m. NumUsers: 1 WSAPISock2Usr: 1
11/01/2014 11:17:55 p.m. NumUsers: 0 WSAPISock2Usr: 0
11/01/2014 11:34:51 p.m. NumUsers: 0 WSAPISock2Usr: 0
11/01/2014 11:39:51 p.m. NumUsers: 0 WSAPISock2Usr: 0
12/01/2014 12:07:56 a.m. NumUsers: 0 WSAPISock2Usr: 0
12/01/2014 12:21:30 a.m. NumUsers: 0 WSAPISock2Usr: 0
12/01/2014 12:26:30 a.m. NumUsers: 0 WSAPISock2Usr: 0
12/01/2014 12:49:13 a.m. NumUsers: 0 WSAPISock2Usr: 0
12/01/2014 12:54:13 a.m. NumUsers: 0 WSAPISock2Usr: 0
12/01/2014 12:59:13 a.m. NumUsers: 0 WSAPISock2Usr: 0
12/01/2014 01:04:13 a.m. NumUsers: 0 WSAPISock2Usr: 0
12/01/2014 01:09:14 a.m. NumUsers: 0 WSAPISock2Usr: 0
12/01/2014 01:14:14 a.m. NumUsers: 0 WSAPISock2Usr: 0
12/01/2014 01:19:14 a.m. NumUsers: 0 WSAPISock2Usr: 0
12/01/2014 01:24:14 a.m. NumUsers: 0 WSAPISock2Usr: 0
12/01/2014 01:29:14 a.m. NumUsers: 0 WSAPISock2Usr: 0
12/01/2014 01:34:14 a.m. NumUsers: 0 WSAPISock2Usr: 0
12/01/2014 01:39:14 a.m. NumUsers: 0 WSAPISock2Usr: 0
12/01/2014 01:56:20 a.m. NumUsers: 0 WSAPISock2Usr: 0
12/01/2014 02:01:20 a.m. NumUsers: 0 WSAPISock2Usr: 0
12/01/2014 02:10:51 a.m. NumUsers: 0 WSAPISock2Usr: 0
12/01/2014 02:11:08 a.m. NumUsers: 0 WSAPISock2Usr: 0
12/01/2014 08:28:18 p.m. NumUsers: 0 WSAPISock2Usr: 0
12/01/2014 08:49:33 p.m. NumUsers: 0 WSAPISock2Usr: 0
12/01/2014 11:08:39 p.m. NumUsers: 0 WSAPISock2Usr: 0
12/01/2014 11:13:39 p.m. NumUsers: 0 WSAPISock2Usr: 0
13/01/2014 12:16:09 a.m. NumUsers: 1 WSAPISock2Usr: 1
13/01/2014 12:55:45 a.m. NumUsers: 0 WSAPISock2Usr: 0
13/01/2014 01:00:45 a.m. NumUsers: 0 WSAPISock2Usr: 0
13/01/2014 12:47:35 p.m. NumUsers: 0 WSAPISock2Usr: 0
13/01/2014 12:52:35 p.m. NumUsers: 1 WSAPISock2Usr: 1
13/01/2014 01:40:04 p.m. NumUsers: 0 WSAPISock2Usr: 0
13/01/2014 01:45:04 p.m. NumUsers: 0 WSAPISock2Usr: 0
13/01/2014 01:50:04 p.m. NumUsers: 0 WSAPISock2Usr: 0
13/01/2014 01:55:04 p.m. NumUsers: 0 WSAPISock2Usr: 0
13/01/2014 02:03:04 p.m. NumUsers: 0 WSAPISock2Usr: 0
13/01/2014 02:08:04 p.m. NumUsers: 0 WSAPISock2Usr: 0
13/01/2014 06:37:35 p.m. NumUsers: 0 WSAPISock2Usr: 0
13/01/2014 07:02:44 p.m. NumUsers: 0 WSAPISock2Usr: 0
13/01/2014 07:07:44 p.m. NumUsers: 0 WSAPISock2Usr: 0
13/01/2014 07:12:44 p.m. NumUsers: 0 WSAPISock2Usr: 0
13/01/2014 07:17:44 p.m. NumUsers: 0 WSAPISock2Usr: 0
13/01/2014 07:22:44 p.m. NumUsers: 0 WSAPISock2Usr: 0
13/01/2014 07:27:44 p.m. NumUsers: 0 WSAPISock2Usr: 0
13/01/2014 07:32:44 p.m. NumUsers: 0 WSAPISock2Usr: 0
13/01/2014 07:37:44 p.m. NumUsers: 0 WSAPISock2Usr: 0
13/01/2014 07:42:45 p.m. NumUsers: 0 WSAPISock2Usr: 0
13/01/2014 07:47:45 p.m. NumUsers: 0 WSAPISock2Usr: 0
13/01/2014 07:52:45 p.m. NumUsers: 0 WSAPISock2Usr: 0
13/01/2014 07:57:45 p.m. NumUsers: 0 WSAPISock2Usr: 0
13/01/2014 08:02:45 p.m. NumUsers: 0 WSAPISock2Usr: 0
13/01/2014 08:07:45 p.m. NumUsers: 0 WSAPISock2Usr: 0
13/01/2014 08:12:45 p.m. NumUsers: 0 WSAPISock2Usr: 0
13/01/2014 08:17:45 p.m. NumUsers: 0 WSAPISock2Usr: 0
13/01/2014 08:22:45 p.m. NumUsers: 0 WSAPISock2Usr: 0
13/01/2014 11:24:46 p.m. NumUsers: 0 WSAPISock2Usr: 0
13/01/2014 11:29:46 p.m. NumUsers: 0 WSAPISock2Usr: 0
13/01/2014 11:34:46 p.m. NumUsers: 0 WSAPISock2Usr: 0
17/01/2014 10:50:24 p.m. NumUsers: 0 WSAPISock2Usr: 0
17/01/2014 11:00:34 p.m. NumUsers: 0 WSAPISock2Usr: 0
18/01/2014 07:44:01 p.m. NumUsers: 1 WSAPISock2Usr: 1
18/01/2014 07:49:01 p.m. NumUsers: 0 WSAPISock2Usr: 0
18/01/2014 08:24:45 p.m. NumUsers: 0 WSAPISock2Usr: 0
18/01/2014 08:29:45 p.m. NumUsers: 0 WSAPISock2Usr: 0
18/01/2014 08:42:46 p.m. NumUsers: 0 WSAPISock2Usr: 0
18/01/2014 08:47:46 p.m. NumUsers: 0 WSAPISock2Usr: 0
18/01/2014 08:52:46 p.m. NumUsers: 0 WSAPISock2Usr: 0
18/01/2014 08:57:46 p.m. NumUsers: 0 WSAPISock2Usr: 0
18/01/2014 09:02:47 p.m. NumUsers: 0 WSAPISock2Usr: 0
18/01/2014 09:07:47 p.m. NumUsers: 0 WSAPISock2Usr: 0
18/01/2014 09:12:47 p.m. NumUsers: 0 WSAPISock2Usr: 0
18/01/2014 09:17:47 p.m. NumUsers: 0 WSAPISock2Usr: 0
18/01/2014 09:22:47 p.m. NumUsers: 0 WSAPISock2Usr: 0
18/01/2014 09:27:47 p.m. NumUsers: 0 WSAPISock2Usr: 0
18/01/2014 09:32:47 p.m. NumUsers: 0 WSAPISock2Usr: 0
18/01/2014 09:37:47 p.m. NumUsers: 0 WSAPISock2Usr: 0
18/01/2014 09:42:47 p.m. NumUsers: 0 WSAPISock2Usr: 0
18/01/2014 10:00:26 p.m. NumUsers: 0 WSAPISock2Usr: 0
18/01/2014 10:05:26 p.m. NumUsers: 0 WSAPISock2Usr: 0
18/01/2014 10:10:26 p.m. NumUsers: 0 WSAPISock2Usr: 0
18/01/2014 10:15:26 p.m. NumUsers: 0 WSAPISock2Usr: 0
18/01/2014 10:20:26 p.m. NumUsers: 0 WSAPISock2Usr: 0
18/01/2014 10:25:26 p.m. NumUsers: 0 WSAPISock2Usr: 0
18/01/2014 10:30:26 p.m. NumUsers: 0 WSAPISock2Usr: 0
19/01/2014 06:30:06 p.m. NumUsers: 0 WSAPISock2Usr: 0
19/01/2014 06:35:06 p.m. NumUsers: 1 WSAPISock2Usr: 1
19/01/2014 06:40:06 p.m. NumUsers: 0 WSAPISock2Usr: 0
19/01/2014 06:45:06 p.m. NumUsers: 0 WSAPISock2Usr: 0
19/01/2014 06:50:06 p.m. NumUsers: 0 WSAPISock2Usr: 0
19/01/2014 06:55:06 p.m. NumUsers: 0 WSAPISock2Usr: 0
19/01/2014 07:00:06 p.m. NumUsers: 0 WSAPISock2Usr: 0
19/01/2014 07:05:06 p.m. NumUsers: 0 WSAPISock2Usr: 0
19/01/2014 07:27:47 p.m. NumUsers: 0 WSAPISock2Usr: 0
19/01/2014 07:52:22 p.m. NumUsers: 0 WSAPISock2Usr: 0
19/01/2014 07:57:22 p.m. NumUsers: 0 WSAPISock2Usr: 0
19/01/2014 08:02:22 p.m. NumUsers: 0 WSAPISock2Usr: 0
19/01/2014 08:07:23 p.m. NumUsers: 0 WSAPISock2Usr: 0
19/01/2014 08:12:23 p.m. NumUsers: 0 WSAPISock2Usr: 0
19/01/2014 08:17:23 p.m. NumUsers: 0 WSAPISock2Usr: 0
19/01/2014 08:22:23 p.m. NumUsers: 0 WSAPISock2Usr: 0
19/01/2014 08:27:23 p.m. NumUsers: 0 WSAPISock2Usr: 0
19/01/2014 08:32:23 p.m. NumUsers: 0 WSAPISock2Usr: 0
19/01/2014 08:37:23 p.m. NumUsers: 0 WSAPISock2Usr: 0
19/01/2014 08:42:23 p.m. NumUsers: 0 WSAPISock2Usr: 0
19/01/2014 08:47:23 p.m. NumUsers: 0 WSAPISock2Usr: 0
19/01/2014 08:52:23 p.m. NumUsers: 0 WSAPISock2Usr: 0
19/01/2014 08:57:23 p.m. NumUsers: 0 WSAPISock2Usr: 0
19/01/2014 09:02:24 p.m. NumUsers: 0 WSAPISock2Usr: 0
19/01/2014 09:07:24 p.m. NumUsers: 0 WSAPISock2Usr: 0
19/01/2014 09:12:24 p.m. NumUsers: 0 WSAPISock2Usr: 0
19/01/2014 09:17:24 p.m. NumUsers: 0 WSAPISock2Usr: 0
19/01/2014 09:22:24 p.m. NumUsers: 0 WSAPISock2Usr: 0
19/01/2014 10:23:04 p.m. NumUsers: 0 WSAPISock2Usr: 0
19/01/2014 10:45:22 p.m. NumUsers: 0 WSAPISock2Usr: 0
19/01/2014 10:50:22 p.m. NumUsers: 0 WSAPISock2Usr: 0
19/01/2014 10:55:23 p.m. NumUsers: 0 WSAPISock2Usr: 0
19/01/2014 11:00:23 p.m. NumUsers: 0 WSAPISock2Usr: 0
19/01/2014 11:05:23 p.m. NumUsers: 0 WSAPISock2Usr: 0
19/01/2014 11:10:23 p.m. NumUsers: 0 WSAPISock2Usr: 0
19/01/2014 11:15:23 p.m. NumUsers: 0 WSAPISock2Usr: 0
19/01/2014 11:20:23 p.m. NumUsers: 0 WSAPISock2Usr: 0
19/01/2014 11:25:23 p.m. NumUsers: 0 WSAPISock2Usr: 0
19/01/2014 11:30:23 p.m. NumUsers: 0 WSAPISock2Usr: 0
19/01/2014 11:35:23 p.m. NumUsers: 0 WSAPISock2Usr: 0
19/01/2014 11:40:23 p.m. NumUsers: 0 WSAPISock2Usr: 0
19/01/2014 11:45:23 p.m. NumUsers: 0 WSAPISock2Usr: 0
19/01/2014 11:50:23 p.m. NumUsers: 0 WSAPISock2Usr: 0
19/01/2014 11:55:23 p.m. NumUsers: 0 WSAPISock2Usr: 0
20/01/2014 12:00:24 a.m. NumUsers: 0 WSAPISock2Usr: 0
20/01/2014 12:05:24 a.m. NumUsers: 0 WSAPISock2Usr: 0
20/01/2014 12:10:24 a.m. NumUsers: 0 WSAPISock2Usr: 0
20/01/2014 12:15:24 a.m. NumUsers: 0 WSAPISock2Usr: 0
20/01/2014 12:20:24 a.m. NumUsers: 0 WSAPISock2Usr: 0
21/01/2014 02:05:15 p.m. NumUsers: 0 WSAPISock2Usr: 0
21/01/2014 02:10:15 p.m. NumUsers: 1 WSAPISock2Usr: 1
19-07-2019 23:34:47 NumUsers: 1 WSAPISock2Usr: 1
19-07-2019 23:39:47 NumUsers: 1 WSAPISock2Usr: 1
19-07-2019 23:41:47 Num <> NumUsers
19-07-2019 23:44:47 NumUsers: 1 WSAPISock2Usr: 1
19-07-2019 23:49:47 NumUsers: 0 WSAPISock2Usr: 0
19-07-2019 23:54:47 NumUsers: 0 WSAPISock2Usr: 0
19-07-2019 23:59:47 NumUsers: 1 WSAPISock2Usr: 1
20-07-2019 0:04:48 NumUsers: 1 WSAPISock2Usr: 1
20-07-2019 0:09:48 NumUsers: 0 WSAPISock2Usr: 0
20-07-2019 0:14:48 NumUsers: 0 WSAPISock2Usr: 0
20-07-2019 0:19:48 NumUsers: 0 WSAPISock2Usr: 0
20-07-2019 0:24:48 NumUsers: 0 WSAPISock2Usr: 0
20-07-2019 0:29:48 NumUsers: 0 WSAPISock2Usr: 0
20-07-2019 0:34:48 NumUsers: 0 WSAPISock2Usr: 0
20-07-2019 0:39:48 NumUsers: 0 WSAPISock2Usr: 0
20-07-2019 0:49:35 NumUsers: 1 WSAPISock2Usr: 1
20-07-2019 0:54:35 NumUsers: 0 WSAPISock2Usr: 0
20-07-2019 0:59:35 NumUsers: 0 WSAPISock2Usr: 0
20-07-2019 1:04:35 NumUsers: 0 WSAPISock2Usr: 0
20-07-2019 1:09:35 NumUsers: 0 WSAPISock2Usr: 0
20-07-2019 1:14:35 NumUsers: 0 WSAPISock2Usr: 0
21-07-2019 0:31:32 NumUsers: 0 WSAPISock2Usr: 0
21-07-2019 0:36:32 NumUsers: 0 WSAPISock2Usr: 0
21-07-2019 0:41:32 NumUsers: 0 WSAPISock2Usr: 0
21-07-2019 0:46:32 NumUsers: 0 WSAPISock2Usr: 0
21-07-2019 0:51:32 NumUsers: 0 WSAPISock2Usr: 0
21-07-2019 0:56:32 NumUsers: 0 WSAPISock2Usr: 0
21-07-2019 1:01:32 NumUsers: 0 WSAPISock2Usr: 0
21-07-2019 1:06:32 NumUsers: 0 WSAPISock2Usr: 0
21-07-2019 1:11:32 NumUsers: 0 WSAPISock2Usr: 0
21-07-2019 1:16:32 NumUsers: 0 WSAPISock2Usr: 0
21-07-2019 1:21:32 NumUsers: 0 WSAPISock2Usr: 0
21-07-2019 1:26:32 NumUsers: 0 WSAPISock2Usr: 0
21-07-2019 1:31:32 NumUsers: 0 WSAPISock2Usr: 0
21-07-2019 1:36:32 NumUsers: 0 WSAPISock2Usr: 0
21-07-2019 1:41:32 NumUsers: 0 WSAPISock2Usr: 0
21-07-2019 1:46:32 NumUsers: 0 WSAPISock2Usr: 0
21-07-2019 1:51:32 NumUsers: 0 WSAPISock2Usr: 0
21-07-2019 1:56:32 NumUsers: 0 WSAPISock2Usr: 0
21-07-2019 2:01:32 NumUsers: 0 WSAPISock2Usr: 0
21-07-2019 2:07:27 NumUsers: 0 WSAPISock2Usr: 0
21-07-2019 2:12:27 NumUsers: 0 WSAPISock2Usr: 0
21-07-2019 2:21:52 NumUsers: 1 WSAPISock2Usr: 1
21-07-2019 2:26:52 NumUsers: 1 WSAPISock2Usr: 1
21-07-2019 2:34:17 NumUsers: 0 WSAPISock2Usr: 0
21-07-2019 3:52:49 Num <> NumUsers
21-07-2019 22:15:33 NumUsers: 0 WSAPISock2Usr: 0
21-07-2019 22:22:36 NumUsers: 0 WSAPISock2Usr: 0
21-07-2019 22:27:36 NumUsers: 0 WSAPISock2Usr: 0
21-07-2019 22:32:36 NumUsers: 0 WSAPISock2Usr: 0
21-07-2019 22:37:36 NumUsers: 0 WSAPISock2Usr: 0
21-07-2019 22:55:44 NumUsers: 0 WSAPISock2Usr: 0
21-07-2019 23:00:44 NumUsers: 0 WSAPISock2Usr: 0
21-07-2019 23:05:44 NumUsers: 0 WSAPISock2Usr: 0
21-07-2019 23:10:44 NumUsers: 0 WSAPISock2Usr: 0
21-07-2019 23:15:44 NumUsers: 0 WSAPISock2Usr: 0
21-07-2019 23:20:44 NumUsers: 0 WSAPISock2Usr: 0
21-07-2019 23:25:44 NumUsers: 1 WSAPISock2Usr: 1
21-07-2019 23:30:44 NumUsers: 1 WSAPISock2Usr: 1
21-07-2019 23:35:44 NumUsers: 0 WSAPISock2Usr: 0
21-07-2019 23:40:44 NumUsers: 0 WSAPISock2Usr: 0
21-07-2019 23:45:44 NumUsers: 0 WSAPISock2Usr: 0
21-07-2019 23:53:18 NumUsers: 1 WSAPISock2Usr: 1
21-07-2019 23:58:18 NumUsers: 1 WSAPISock2Usr: 1
22-07-2019 0:03:18 NumUsers: 0 WSAPISock2Usr: 0
22-07-2019 0:08:18 NumUsers: 1 WSAPISock2Usr: 1
22-07-2019 0:13:18 NumUsers: 0 WSAPISock2Usr: 0
22-07-2019 0:18:18 NumUsers: 0 WSAPISock2Usr: 0
22-07-2019 0:23:18 NumUsers: 0 WSAPISock2Usr: 0
22-07-2019 0:28:18 NumUsers: 0 WSAPISock2Usr: 0
22-07-2019 0:33:18 NumUsers: 0 WSAPISock2Usr: 0
22-07-2019 0:38:18 NumUsers: 0 WSAPISock2Usr: 0
22-07-2019 0:43:18 NumUsers: 0 WSAPISock2Usr: 0
22-07-2019 0:48:18 NumUsers: 0 WSAPISock2Usr: 0
22-07-2019 0:53:18 NumUsers: 0 WSAPISock2Usr: 0
22-07-2019 0:58:18 NumUsers: 0 WSAPISock2Usr: 0
22-07-2019 1:03:18 NumUsers: 0 WSAPISock2Usr: 0
22-07-2019 1:08:18 NumUsers: 0 WSAPISock2Usr: 0
22-07-2019 1:13:18 NumUsers: 0 WSAPISock2Usr: 0
22-07-2019 1:18:18 NumUsers: 0 WSAPISock2Usr: 0
22-07-2019 12:05:46 NumUsers: 1 WSAPISock2Usr: 1
22-07-2019 12:10:46 NumUsers: 1 WSAPISock2Usr: 1
22-07-2019 12:15:46 NumUsers: 0 WSAPISock2Usr: 0
22-07-2019 12:20:46 NumUsers: 0 WSAPISock2Usr: 0
22-07-2019 12:25:46 NumUsers: 0 WSAPISock2Usr: 0
22-07-2019 12:30:46 NumUsers: 0 WSAPISock2Usr: 0
22-07-2019 12:35:46 NumUsers: 0 WSAPISock2Usr: 0
22-07-2019 12:40:46 NumUsers: 0 WSAPISock2Usr: 0
22-07-2019 12:45:46 NumUsers: 0 WSAPISock2Usr: 0
22-07-2019 12:50:46 NumUsers: 0 WSAPISock2Usr: 0
22-07-2019 12:55:46 NumUsers: 0 WSAPISock2Usr: 0
22-07-2019 13:00:46 NumUsers: 0 WSAPISock2Usr: 0
22-07-2019 13:05:46 NumUsers: 0 WSAPISock2Usr: 0
22-07-2019 13:10:46 NumUsers: 0 WSAPISock2Usr: 0
22-07-2019 13:15:46 NumUsers: 0 WSAPISock2Usr: 0
22-07-2019 13:20:46 NumUsers: 0 WSAPISock2Usr: 0
22-07-2019 13:25:46 NumUsers: 0 WSAPISock2Usr: 0
22-07-2019 13:30:46 NumUsers: 0 WSAPISock2Usr: 0
22-07-2019 13:35:46 NumUsers: 1 WSAPISock2Usr: 1
22-07-2019 13:40:46 NumUsers: 1 WSAPISock2Usr: 1
22-07-2019 13:45:46 NumUsers: 1 WSAPISock2Usr: 1
22-07-2019 13:50:46 NumUsers: 1 WSAPISock2Usr: 1
22-07-2019 13:59:51 NumUsers: 1 WSAPISock2Usr: 1
22-07-2019 14:08:44 NumUsers: 1 WSAPISock2Usr: 1
22-07-2019 14:13:44 NumUsers: 1 WSAPISock2Usr: 1
22-07-2019 14:18:44 NumUsers: 0 WSAPISock2Usr: 0
22-07-2019 14:23:44 NumUsers: 0 WSAPISock2Usr: 0
22-07-2019 14:28:44 NumUsers: 0 WSAPISock2Usr: 0
22-07-2019 14:33:44 NumUsers: 0 WSAPISock2Usr: 0
22-07-2019 14:38:44 NumUsers: 0 WSAPISock2Usr: 0
22-07-2019 14:43:44 NumUsers: 0 WSAPISock2Usr: 0
22-07-2019 14:48:44 NumUsers: 0 WSAPISock2Usr: 0
22-07-2019 14:53:44 NumUsers: 0 WSAPISock2Usr: 0
22-07-2019 14:58:44 NumUsers: 0 WSAPISock2Usr: 0
22-07-2019 15:03:44 NumUsers: 0 WSAPISock2Usr: 0
22-07-2019 15:08:44 NumUsers: 0 WSAPISock2Usr: 0
22-07-2019 15:20:50 NumUsers: 0 WSAPISock2Usr: 0
22-07-2019 15:25:50 NumUsers: 0 WSAPISock2Usr: 0
22-07-2019 15:40:25 NumUsers: 0 WSAPISock2Usr: 0
22-07-2019 15:46:18 NumUsers: 1 WSAPISock2Usr: 1
22-07-2019 15:53:28 NumUsers: 0 WSAPISock2Usr: 0
22-07-2019 15:58:28 NumUsers: 0 WSAPISock2Usr: 0
22-07-2019 16:03:28 NumUsers: 0 WSAPISock2Usr: 0
22-07-2019 16:08:28 NumUsers: 0 WSAPISock2Usr: 0
22-07-2019 16:13:28 NumUsers: 0 WSAPISock2Usr: 0
22-07-2019 16:18:28 NumUsers: 0 WSAPISock2Usr: 0
22-07-2019 16:23:28 NumUsers: 0 WSAPISock2Usr: 0
22-07-2019 16:28:28 NumUsers: 0 WSAPISock2Usr: 0
22-07-2019 16:33:28 NumUsers: 0 WSAPISock2Usr: 0
22-07-2019 16:38:28 NumUsers: 0 WSAPISock2Usr: 0
22-07-2019 16:43:28 NumUsers: 0 WSAPISock2Usr: 0
22-07-2019 16:48:28 NumUsers: 0 WSAPISock2Usr: 0
22-07-2019 16:53:28 NumUsers: 0 WSAPISock2Usr: 0
22-07-2019 17:22:53 NumUsers: 0 WSAPISock2Usr: 0
22-07-2019 17:27:53 NumUsers: 0 WSAPISock2Usr: 0
22-07-2019 17:32:53 NumUsers: 0 WSAPISock2Usr: 0
22-07-2019 17:37:53 NumUsers: 0 WSAPISock2Usr: 0
22-07-2019 17:42:53 NumUsers: 0 WSAPISock2Usr: 0
22-07-2019 18:05:15 NumUsers: 0 WSAPISock2Usr: 0
22-07-2019 18:12:04 NumUsers: 1 WSAPISock2Usr: 1
22-07-2019 18:17:04 NumUsers: 0 WSAPISock2Usr: 0
22-07-2019 18:22:04 NumUsers: 0 WSAPISock2Usr: 0
22-07-2019 18:27:04 NumUsers: 0 WSAPISock2Usr: 0
22-07-2019 18:32:04 NumUsers: 0 WSAPISock2Usr: 0
22-07-2019 18:37:04 NumUsers: 1 WSAPISock2Usr: 1
22-07-2019 18:42:04 NumUsers: 0 WSAPISock2Usr: 0
22-07-2019 18:47:04 NumUsers: 0 WSAPISock2Usr: 0
22-07-2019 18:52:04 NumUsers: 0 WSAPISock2Usr: 0
22-07-2019 18:57:04 NumUsers: 0 WSAPISock2Usr: 0
22-07-2019 19:02:04 NumUsers: 0 WSAPISock2Usr: 0
22-07-2019 19:07:04 NumUsers: 0 WSAPISock2Usr: 0
22-07-2019 19:12:04 NumUsers: 0 WSAPISock2Usr: 0
22-07-2019 19:17:04 NumUsers: 0 WSAPISock2Usr: 0
22-07-2019 19:22:04 NumUsers: 0 WSAPISock2Usr: 0
22-07-2019 19:27:04 NumUsers: 0 WSAPISock2Usr: 0
22-07-2019 19:32:04 NumUsers: 0 WSAPISock2Usr: 0
22-07-2019 19:37:04 NumUsers: 0 WSAPISock2Usr: 0
22-07-2019 19:42:04 NumUsers: 0 WSAPISock2Usr: 0
22-07-2019 19:53:09 NumUsers: 0 WSAPISock2Usr: 0
22-07-2019 19:58:09 NumUsers: 1 WSAPISock2Usr: 1
22-07-2019 20:03:09 NumUsers: 0 WSAPISock2Usr: 0
22-07-2019 20:08:09 NumUsers: 0 WSAPISock2Usr: 0
22-07-2019 20:13:09 NumUsers: 0 WSAPISock2Usr: 0
22-07-2019 20:18:09 NumUsers: 0 WSAPISock2Usr: 0
22-07-2019 20:23:09 NumUsers: 0 WSAPISock2Usr: 0
22-07-2019 20:28:09 NumUsers: 0 WSAPISock2Usr: 0
22-07-2019 20:33:09 NumUsers: 0 WSAPISock2Usr: 0
22-07-2019 20:38:09 NumUsers: 0 WSAPISock2Usr: 0
22-07-2019 20:43:09 NumUsers: 0 WSAPISock2Usr: 0
22-07-2019 20:48:09 NumUsers: 0 WSAPISock2Usr: 0
22-07-2019 20:53:09 NumUsers: 0 WSAPISock2Usr: 0
22-07-2019 20:58:09 NumUsers: 0 WSAPISock2Usr: 0
22-07-2019 21:03:09 NumUsers: 0 WSAPISock2Usr: 0
22-07-2019 21:08:09 NumUsers: 0 WSAPISock2Usr: 0
22-07-2019 21:13:09 NumUsers: 1 WSAPISock2Usr: 1
22-07-2019 21:18:09 NumUsers: 0 WSAPISock2Usr: 0
22-07-2019 21:23:09 NumUsers: 1 WSAPISock2Usr: 1
22-07-2019 21:28:09 NumUsers: 1 WSAPISock2Usr: 1
22-07-2019 21:33:09 NumUsers: 0 WSAPISock2Usr: 0
22-07-2019 21:38:09 NumUsers: 0 WSAPISock2Usr: 0
22-07-2019 21:43:09 NumUsers: 0 WSAPISock2Usr: 0
22-07-2019 21:48:09 NumUsers: 0 WSAPISock2Usr: 0
22-07-2019 21:53:09 NumUsers: 0 WSAPISock2Usr: 0
22-07-2019 21:58:09 NumUsers: 0 WSAPISock2Usr: 0
22-07-2019 22:03:09 NumUsers: 0 WSAPISock2Usr: 0
22-07-2019 22:09:48 NumUsers: 0 WSAPISock2Usr: 0
22-07-2019 22:14:48 NumUsers: 1 WSAPISock2Usr: 1
22-07-2019 22:19:48 NumUsers: 0 WSAPISock2Usr: 0
22-07-2019 22:24:48 NumUsers: 0 WSAPISock2Usr: 0
22-07-2019 22:34:16 NumUsers: 0 WSAPISock2Usr: 0
22-07-2019 22:39:16 NumUsers: 1 WSAPISock2Usr: 1
22-07-2019 22:44:16 NumUsers: 0 WSAPISock2Usr: 0
22-07-2019 22:49:16 NumUsers: 0 WSAPISock2Usr: 0
22-07-2019 22:54:16 NumUsers: 0 WSAPISock2Usr: 0
22-07-2019 22:59:16 NumUsers: 0 WSAPISock2Usr: 0
22-07-2019 23:04:16 NumUsers: 0 WSAPISock2Usr: 0
22-07-2019 23:09:16 NumUsers: 0 WSAPISock2Usr: 0
22-07-2019 23:20:35 NumUsers: 0 WSAPISock2Usr: 0
23-07-2019 12:56:27 NumUsers: 0 WSAPISock2Usr: 0
23-07-2019 13:01:27 NumUsers: 0 WSAPISock2Usr: 0
23-07-2019 13:06:27 NumUsers: 0 WSAPISock2Usr: 0
23-07-2019 13:11:27 NumUsers: 0 WSAPISock2Usr: 0
23-07-2019 13:16:27 NumUsers: 0 WSAPISock2Usr: 0
23-07-2019 13:21:27 NumUsers: 1 WSAPISock2Usr: 1
23-07-2019 13:26:27 NumUsers: 0 WSAPISock2Usr: 0
23-07-2019 13:27:27 Num <> NumUsers
23-07-2019 13:31:27 NumUsers: 1 WSAPISock2Usr: 1
23-07-2019 13:36:27 NumUsers: 0 WSAPISock2Usr: 0
23-07-2019 13:41:27 NumUsers: 0 WSAPISock2Usr: 0
23-07-2019 13:46:27 NumUsers: 0 WSAPISock2Usr: 0
23-07-2019 13:51:27 NumUsers: 1 WSAPISock2Usr: 1
23-07-2019 13:56:27 NumUsers: 1 WSAPISock2Usr: 1
23-07-2019 14:01:27 NumUsers: 1 WSAPISock2Usr: 1
23-07-2019 14:06:27 NumUsers: 0 WSAPISock2Usr: 0
23-07-2019 14:11:27 NumUsers: 0 WSAPISock2Usr: 0
23-07-2019 14:16:27 NumUsers: 0 WSAPISock2Usr: 0
23-07-2019 14:21:27 NumUsers: 0 WSAPISock2Usr: 0
23-07-2019 14:26:27 NumUsers: 0 WSAPISock2Usr: 0
23-07-2019 14:31:27 NumUsers: 0 WSAPISock2Usr: 0
23-07-2019 14:36:27 NumUsers: 0 WSAPISock2Usr: 0
23-07-2019 14:41:27 NumUsers: 0 WSAPISock2Usr: 0
23-07-2019 14:46:27 NumUsers: 0 WSAPISock2Usr: 0
23-07-2019 14:51:27 NumUsers: 0 WSAPISock2Usr: 0
23-07-2019 14:56:27 NumUsers: 1 WSAPISock2Usr: 1
23-07-2019 15:01:29 NumUsers: 0 WSAPISock2Usr: 0
23-07-2019 15:06:29 NumUsers: 0 WSAPISock2Usr: 0
23-07-2019 15:11:29 NumUsers: 0 WSAPISock2Usr: 0
23-07-2019 15:16:29 NumUsers: 0 WSAPISock2Usr: 0
23-07-2019 15:21:29 NumUsers: 1 WSAPISock2Usr: 1
23-07-2019 15:26:29 NumUsers: 0 WSAPISock2Usr: 0
23-07-2019 15:31:29 NumUsers: 1 WSAPISock2Usr: 1
23-07-2019 15:36:29 NumUsers: 1 WSAPISock2Usr: 1
23-07-2019 15:41:29 NumUsers: 0 WSAPISock2Usr: 0
23-07-2019 15:46:29 NumUsers: 0 WSAPISock2Usr: 0
23-07-2019 15:51:29 NumUsers: 0 WSAPISock2Usr: 0
23-07-2019 15:56:29 NumUsers: 0 WSAPISock2Usr: 0
23-07-2019 16:01:29 NumUsers: 0 WSAPISock2Usr: 0
23-07-2019 16:06:29 NumUsers: 0 WSAPISock2Usr: 0
23-07-2019 16:11:29 NumUsers: 0 WSAPISock2Usr: 0
23-07-2019 16:16:29 NumUsers: 0 WSAPISock2Usr: 0
23-07-2019 16:21:29 NumUsers: 0 WSAPISock2Usr: 0
23-07-2019 16:26:29 NumUsers: 0 WSAPISock2Usr: 0
23-07-2019 16:31:29 NumUsers: 0 WSAPISock2Usr: 0
23-07-2019 16:36:29 NumUsers: 1 WSAPISock2Usr: 1
23-07-2019 16:41:29 NumUsers: 0 WSAPISock2Usr: 0
23-07-2019 16:46:29 NumUsers: 0 WSAPISock2Usr: 0
23-07-2019 16:51:29 NumUsers: 0 WSAPISock2Usr: 0
23-07-2019 16:56:29 NumUsers: 0 WSAPISock2Usr: 0
23-07-2019 17:01:29 NumUsers: 0 WSAPISock2Usr: 0
23-07-2019 17:06:29 NumUsers: 0 WSAPISock2Usr: 0
23-07-2019 17:11:29 NumUsers: 0 WSAPISock2Usr: 0
23-07-2019 17:16:29 NumUsers: 1 WSAPISock2Usr: 1
23-07-2019 17:21:29 NumUsers: 1 WSAPISock2Usr: 1
23-07-2019 17:26:29 NumUsers: 1 WSAPISock2Usr: 1
23-07-2019 17:31:30 NumUsers: 0 WSAPISock2Usr: 0
23-07-2019 17:36:30 NumUsers: 0 WSAPISock2Usr: 0
23-07-2019 17:41:30 NumUsers: 0 WSAPISock2Usr: 0
23-07-2019 17:46:30 NumUsers: 0 WSAPISock2Usr: 0
23-07-2019 17:51:30 NumUsers: 0 WSAPISock2Usr: 0
23-07-2019 17:56:30 NumUsers: 0 WSAPISock2Usr: 0
23-07-2019 18:01:31 NumUsers: 0 WSAPISock2Usr: 0
23-07-2019 18:06:31 NumUsers: 0 WSAPISock2Usr: 0
23-07-2019 18:11:31 NumUsers: 0 WSAPISock2Usr: 0
23-07-2019 18:16:31 NumUsers: 0 WSAPISock2Usr: 0
23-07-2019 18:21:31 NumUsers: 0 WSAPISock2Usr: 0
23-07-2019 18:26:32 NumUsers: 0 WSAPISock2Usr: 0
23-07-2019 18:31:32 NumUsers: 0 WSAPISock2Usr: 0
23-07-2019 18:36:32 NumUsers: 0 WSAPISock2Usr: 0
23-07-2019 18:41:32 NumUsers: 0 WSAPISock2Usr: 0
23-07-2019 18:46:32 NumUsers: 0 WSAPISock2Usr: 0
23-07-2019 18:51:32 NumUsers: 0 WSAPISock2Usr: 0
23-07-2019 18:56:32 NumUsers: 0 WSAPISock2Usr: 0
23-07-2019 19:01:32 NumUsers: 0 WSAPISock2Usr: 0
23-07-2019 19:18:11 NumUsers: 0 WSAPISock2Usr: 0
23-07-2019 19:25:12 NumUsers: 0 WSAPISock2Usr: 0
23-07-2019 19:30:12 NumUsers: 0 WSAPISock2Usr: 0
23-07-2019 19:37:06 NumUsers: 1 WSAPISock2Usr: 1
23-07-2019 19:42:06 NumUsers: 0 WSAPISock2Usr: 0
23-07-2019 19:47:06 NumUsers: 0 WSAPISock2Usr: 0
23-07-2019 19:52:06 NumUsers: 0 WSAPISock2Usr: 0
23-07-2019 19:57:06 NumUsers: 0 WSAPISock2Usr: 0
23-07-2019 20:02:06 NumUsers: 1 WSAPISock2Usr: 1
23-07-2019 20:07:06 NumUsers: 1 WSAPISock2Usr: 1
23-07-2019 20:12:06 NumUsers: 0 WSAPISock2Usr: 0
23-07-2019 20:17:06 NumUsers: 0 WSAPISock2Usr: 0
23-07-2019 20:22:06 NumUsers: 0 WSAPISock2Usr: 0
23-07-2019 20:27:06 NumUsers: 0 WSAPISock2Usr: 0
23-07-2019 20:32:06 NumUsers: 0 WSAPISock2Usr: 0
23-07-2019 20:37:06 NumUsers: 0 WSAPISock2Usr: 0
23-07-2019 20:42:06 NumUsers: 0 WSAPISock2Usr: 0
23-07-2019 20:47:06 NumUsers: 0 WSAPISock2Usr: 0
23-07-2019 20:52:06 NumUsers: 0 WSAPISock2Usr: 0
23-07-2019 20:57:06 NumUsers: 0 WSAPISock2Usr: 0
23-07-2019 21:02:07 NumUsers: 0 WSAPISock2Usr: 0
23-07-2019 21:07:07 NumUsers: 0 WSAPISock2Usr: 0
23-07-2019 21:12:07 NumUsers: 0 WSAPISock2Usr: 0
23-07-2019 21:17:07 NumUsers: 0 WSAPISock2Usr: 0
23-07-2019 21:22:07 NumUsers: 0 WSAPISock2Usr: 0
23-07-2019 21:27:07 NumUsers: 0 WSAPISock2Usr: 0
23-07-2019 21:32:07 NumUsers: 0 WSAPISock2Usr: 0
23-07-2019 21:37:07 NumUsers: 0 WSAPISock2Usr: 0
23-07-2019 21:42:07 NumUsers: 0 WSAPISock2Usr: 0
23-07-2019 21:47:07 NumUsers: 0 WSAPISock2Usr: 0
23-07-2019 21:52:07 NumUsers: 0 WSAPISock2Usr: 0
23-07-2019 21:57:07 NumUsers: 0 WSAPISock2Usr: 0
23-07-2019 22:02:07 NumUsers: 1 WSAPISock2Usr: 1
23-07-2019 22:07:07 NumUsers: 0 WSAPISock2Usr: 0
23-07-2019 22:12:07 NumUsers: 0 WSAPISock2Usr: 0
23-07-2019 22:17:07 NumUsers: 0 WSAPISock2Usr: 0
23-07-2019 22:22:07 NumUsers: 0 WSAPISock2Usr: 0
23-07-2019 22:27:07 NumUsers: 0 WSAPISock2Usr: 0
23-07-2019 22:32:07 NumUsers: 0 WSAPISock2Usr: 0
23-07-2019 22:37:07 NumUsers: 0 WSAPISock2Usr: 0
23-07-2019 22:42:07 NumUsers: 0 WSAPISock2Usr: 0
23-07-2019 22:47:07 NumUsers: 0 WSAPISock2Usr: 0
23-07-2019 22:52:07 NumUsers: 0 WSAPISock2Usr: 0
23-07-2019 22:57:07 NumUsers: 0 WSAPISock2Usr: 0
23-07-2019 23:02:07 NumUsers: 0 WSAPISock2Usr: 0
23-07-2019 23:07:07 NumUsers: 0 WSAPISock2Usr: 0
23-07-2019 23:12:07 NumUsers: 0 WSAPISock2Usr: 0
23-07-2019 23:17:07 NumUsers: 0 WSAPISock2Usr: 0
23-07-2019 23:22:07 NumUsers: 0 WSAPISock2Usr: 0
23-07-2019 23:27:07 NumUsers: 0 WSAPISock2Usr: 0
23-07-2019 23:32:07 NumUsers: 0 WSAPISock2Usr: 0
23-07-2019 23:37:07 NumUsers: 0 WSAPISock2Usr: 0
23-07-2019 23:42:07 NumUsers: 0 WSAPISock2Usr: 0
23-07-2019 23:47:07 NumUsers: 0 WSAPISock2Usr: 0
23-07-2019 23:52:07 NumUsers: 0 WSAPISock2Usr: 0
23-07-2019 23:57:07 NumUsers: 0 WSAPISock2Usr: 0
24-07-2019 0:02:09 NumUsers: 0 WSAPISock2Usr: 0
24-07-2019 0:18:25 NumUsers: 0 WSAPISock2Usr: 0
24-07-2019 0:23:25 NumUsers: 0 WSAPISock2Usr: 0
24-07-2019 0:28:25 NumUsers: 0 WSAPISock2Usr: 0
24-07-2019 0:33:25 NumUsers: 0 WSAPISock2Usr: 0
24-07-2019 0:38:25 NumUsers: 1 WSAPISock2Usr: 1
24-07-2019 0:43:25 NumUsers: 0 WSAPISock2Usr: 0
24-07-2019 0:48:25 NumUsers: 0 WSAPISock2Usr: 0
24-07-2019 0:53:25 NumUsers: 1 WSAPISock2Usr: 1
24-07-2019 0:58:25 NumUsers: 0 WSAPISock2Usr: 0
24-07-2019 1:03:25 NumUsers: 0 WSAPISock2Usr: 0
24-07-2019 1:08:25 NumUsers: 0 WSAPISock2Usr: 0
24-07-2019 1:13:25 NumUsers: 0 WSAPISock2Usr: 0
24-07-2019 1:18:25 NumUsers: 0 WSAPISock2Usr: 0
24-07-2019 1:23:25 NumUsers: 0 WSAPISock2Usr: 0
24-07-2019 1:28:25 NumUsers: 1 WSAPISock2Usr: 1
24-07-2019 1:33:25 NumUsers: 0 WSAPISock2Usr: 0
24-07-2019 1:38:25 NumUsers: 1 WSAPISock2Usr: 1
24-07-2019 1:46:27 NumUsers: 1 WSAPISock2Usr: 1
24-07-2019 1:51:27 NumUsers: 0 WSAPISock2Usr: 0
24-07-2019 1:56:27 NumUsers: 0 WSAPISock2Usr: 0
24-07-2019 2:01:27 NumUsers: 0 WSAPISock2Usr: 0
24-07-2019 2:06:27 NumUsers: 0 WSAPISock2Usr: 0
24-07-2019 2:11:27 NumUsers: 0 WSAPISock2Usr: 0
24-07-2019 2:16:27 NumUsers: 0 WSAPISock2Usr: 0
24-07-2019 2:21:27 NumUsers: 0 WSAPISock2Usr: 0
24-07-2019 2:26:27 NumUsers: 0 WSAPISock2Usr: 0
24-07-2019 2:31:27 NumUsers: 0 WSAPISock2Usr: 0
24-07-2019 13:56:17 NumUsers: 0 WSAPISock2Usr: 0
24-07-2019 14:01:17 NumUsers: 0 WSAPISock2Usr: 0
24-07-2019 14:06:17 NumUsers: 0 WSAPISock2Usr: 0
24-07-2019 14:11:17 NumUsers: 0 WSAPISock2Usr: 0
24-07-2019 14:16:17 NumUsers: 0 WSAPISock2Usr: 0
24-07-2019 14:21:17 NumUsers: 0 WSAPISock2Usr: 0
24-07-2019 14:26:17 NumUsers: 0 WSAPISock2Usr: 0
24-07-2019 14:35:03 NumUsers: 1 WSAPISock2Usr: 1
24-07-2019 14:59:26 NumUsers: 1 WSAPISock2Usr: 1
24-07-2019 15:04:28 NumUsers: 1 WSAPISock2Usr: 1
24-07-2019 15:17:21 NumUsers: 0 WSAPISock2Usr: 0
24-07-2019 15:25:46 NumUsers: 0 WSAPISock2Usr: 0
24-07-2019 15:30:46 NumUsers: 0 WSAPISock2Usr: 0
24-07-2019 15:35:46 NumUsers: 0 WSAPISock2Usr: 0
24-07-2019 15:40:46 NumUsers: 0 WSAPISock2Usr: 0
24-07-2019 15:45:46 NumUsers: 1 WSAPISock2Usr: 1
24-07-2019 15:50:46 NumUsers: 0 WSAPISock2Usr: 0
24-07-2019 15:55:46 NumUsers: 1 WSAPISock2Usr: 1
24-07-2019 16:00:46 NumUsers: 1 WSAPISock2Usr: 1
24-07-2019 16:05:46 NumUsers: 1 WSAPISock2Usr: 1
24-07-2019 16:10:46 NumUsers: 1 WSAPISock2Usr: 1
24-07-2019 16:15:46 NumUsers: 1 WSAPISock2Usr: 1
24-07-2019 16:20:46 NumUsers: 0 WSAPISock2Usr: 0
24-07-2019 16:25:46 NumUsers: 0 WSAPISock2Usr: 0
24-07-2019 16:30:46 NumUsers: 0 WSAPISock2Usr: 0
24-07-2019 16:35:46 NumUsers: 0 WSAPISock2Usr: 0
24-07-2019 16:40:46 NumUsers: 0 WSAPISock2Usr: 0
24-07-2019 16:45:46 NumUsers: 0 WSAPISock2Usr: 0
24-07-2019 20:11:25 NumUsers: 1 WSAPISock2Usr: 1
24-07-2019 20:16:25 NumUsers: 1 WSAPISock2Usr: 1
24-07-2019 20:21:25 NumUsers: 0 WSAPISock2Usr: 0
24-07-2019 20:26:25 NumUsers: 0 WSAPISock2Usr: 0
24-07-2019 20:31:25 NumUsers: 0 WSAPISock2Usr: 0
24-07-2019 20:36:25 NumUsers: 0 WSAPISock2Usr: 0
24-07-2019 20:41:25 NumUsers: 0 WSAPISock2Usr: 0
24-07-2019 20:46:25 NumUsers: 0 WSAPISock2Usr: 0
24-07-2019 20:51:25 NumUsers: 0 WSAPISock2Usr: 0
24-07-2019 20:56:25 NumUsers: 0 WSAPISock2Usr: 0
24-07-2019 21:01:25 NumUsers: 0 WSAPISock2Usr: 0
24-07-2019 21:06:25 NumUsers: 0 WSAPISock2Usr: 0
24-07-2019 21:11:25 NumUsers: 0 WSAPISock2Usr: 0
24-07-2019 21:16:25 NumUsers: 0 WSAPISock2Usr: 0
24-07-2019 21:21:25 NumUsers: 0 WSAPISock2Usr: 0
24-07-2019 21:26:25 NumUsers: 0 WSAPISock2Usr: 0
24-07-2019 21:31:25 NumUsers: 0 WSAPISock2Usr: 0
24-07-2019 21:36:25 NumUsers: 0 WSAPISock2Usr: 0
24-07-2019 21:41:25 NumUsers: 0 WSAPISock2Usr: 0
24-07-2019 21:46:25 NumUsers: 0 WSAPISock2Usr: 0
24-07-2019 21:51:25 NumUsers: 0 WSAPISock2Usr: 0
24-07-2019 21:56:25 NumUsers: 0 WSAPISock2Usr: 0
24-07-2019 22:01:25 NumUsers: 0 WSAPISock2Usr: 0
24-07-2019 22:06:25 NumUsers: 0 WSAPISock2Usr: 0
24-07-2019 22:11:25 NumUsers: 0 WSAPISock2Usr: 0
24-07-2019 22:16:25 NumUsers: 0 WSAPISock2Usr: 0
24-07-2019 22:21:25 NumUsers: 0 WSAPISock2Usr: 0
24-07-2019 22:26:25 NumUsers: 0 WSAPISock2Usr: 0
24-07-2019 22:31:25 NumUsers: 0 WSAPISock2Usr: 0
24-07-2019 22:36:25 NumUsers: 0 WSAPISock2Usr: 0
24-07-2019 22:41:25 NumUsers: 0 WSAPISock2Usr: 0
24-07-2019 22:46:25 NumUsers: 0 WSAPISock2Usr: 0
24-07-2019 22:51:25 NumUsers: 0 WSAPISock2Usr: 0
24-07-2019 22:56:25 NumUsers: 0 WSAPISock2Usr: 0
24-07-2019 23:15:13 NumUsers: 0 WSAPISock2Usr: 0
24-07-2019 23:28:58 NumUsers: 1 WSAPISock2Usr: 1
24-07-2019 23:33:58 NumUsers: 1 WSAPISock2Usr: 1
24-07-2019 23:38:58 NumUsers: 0 WSAPISock2Usr: 0
25-07-2019 0:09:38 NumUsers: 0 WSAPISock2Usr: 0
25-07-2019 0:14:38 NumUsers: 1 WSAPISock2Usr: 1
25-07-2019 0:19:38 NumUsers: 1 WSAPISock2Usr: 1
25-07-2019 0:24:38 NumUsers: 0 WSAPISock2Usr: 0
25-07-2019 0:29:38 NumUsers: 0 WSAPISock2Usr: 0
25-07-2019 0:34:38 NumUsers: 0 WSAPISock2Usr: 0
25-07-2019 0:39:38 NumUsers: 0 WSAPISock2Usr: 0
25-07-2019 0:44:38 NumUsers: 0 WSAPISock2Usr: 0
25-07-2019 13:21:09 NumUsers: 0 WSAPISock2Usr: 0
25-07-2019 13:26:09 NumUsers: 0 WSAPISock2Usr: 0
25-07-2019 13:31:09 NumUsers: 0 WSAPISock2Usr: 0
25-07-2019 13:36:09 NumUsers: 0 WSAPISock2Usr: 0
25-07-2019 13:41:09 NumUsers: 0 WSAPISock2Usr: 0
25-07-2019 13:46:09 NumUsers: 0 WSAPISock2Usr: 0
25-07-2019 13:51:09 NumUsers: 0 WSAPISock2Usr: 0
25-07-2019 13:56:09 NumUsers: 0 WSAPISock2Usr: 0
25-07-2019 14:01:09 NumUsers: 0 WSAPISock2Usr: 0
25-07-2019 14:06:09 NumUsers: 1 WSAPISock2Usr: 1
25-07-2019 14:11:09 NumUsers: 1 WSAPISock2Usr: 1
25-07-2019 14:16:09 NumUsers: 0 WSAPISock2Usr: 0
25-07-2019 14:21:09 NumUsers: 0 WSAPISock2Usr: 0
25-07-2019 14:26:09 NumUsers: 0 WSAPISock2Usr: 0
25-07-2019 22:34:12 NumUsers: 0 WSAPISock2Usr: 0
25-07-2019 22:39:12 NumUsers: 1 WSAPISock2Usr: 1
25-07-2019 22:44:12 NumUsers: 0 WSAPISock2Usr: 0
25-07-2019 22:52:17 NumUsers: 0 WSAPISock2Usr: 0
25-07-2019 22:57:17 NumUsers: 0 WSAPISock2Usr: 0
25-07-2019 23:02:18 NumUsers: 0 WSAPISock2Usr: 0
25-07-2019 23:07:18 NumUsers: 0 WSAPISock2Usr: 0
25-07-2019 23:12:18 NumUsers: 0 WSAPISock2Usr: 0
25-07-2019 23:17:18 NumUsers: 0 WSAPISock2Usr: 0
25-07-2019 23:22:18 NumUsers: 0 WSAPISock2Usr: 0
26-07-2019 0:14:34 NumUsers: 0 WSAPISock2Usr: 0
26-07-2019 0:19:34 NumUsers: 0 WSAPISock2Usr: 0
26-07-2019 0:24:34 NumUsers: 0 WSAPISock2Usr: 0
26-07-2019 0:29:34 NumUsers: 0 WSAPISock2Usr: 0
26-07-2019 0:34:34 NumUsers: 1 WSAPISock2Usr: 1
26-07-2019 0:39:34 NumUsers: 1 WSAPISock2Usr: 1
26-07-2019 0:44:34 NumUsers: 1 WSAPISock2Usr: 1
26-07-2019 0:49:34 NumUsers: 1 WSAPISock2Usr: 1
26-07-2019 0:54:34 NumUsers: 1 WSAPISock2Usr: 1
26-07-2019 0:59:34 NumUsers: 1 WSAPISock2Usr: 1
26-07-2019 14:08:16 NumUsers: 0 WSAPISock2Usr: 0
26-07-2019 14:13:16 NumUsers: 0 WSAPISock2Usr: 0
26-07-2019 14:18:16 NumUsers: 0 WSAPISock2Usr: 0
26-07-2019 14:23:16 NumUsers: 0 WSAPISock2Usr: 0
26-07-2019 14:28:16 NumUsers: 0 WSAPISock2Usr: 0
26-07-2019 14:33:16 NumUsers: 0 WSAPISock2Usr: 0
26-07-2019 14:38:17 NumUsers: 0 WSAPISock2Usr: 0
26-07-2019 14:43:16 NumUsers: 0 WSAPISock2Usr: 0
26-07-2019 14:48:17 NumUsers: 0 WSAPISock2Usr: 0
26-07-2019 14:53:17 NumUsers: 0 WSAPISock2Usr: 0
26-07-2019 14:58:17 NumUsers: 0 WSAPISock2Usr: 0
26-07-2019 15:03:18 NumUsers: 0 WSAPISock2Usr: 0
26-07-2019 15:08:18 NumUsers: 0 WSAPISock2Usr: 0
26-07-2019 15:13:18 NumUsers: 0 WSAPISock2Usr: 0
26-07-2019 15:18:18 NumUsers: 0 WSAPISock2Usr: 0
26-07-2019 15:23:18 NumUsers: 0 WSAPISock2Usr: 0
26-07-2019 15:28:18 NumUsers: 0 WSAPISock2Usr: 0
26-07-2019 15:33:18 NumUsers: 0 WSAPISock2Usr: 0
26-07-2019 15:38:18 NumUsers: 0 WSAPISock2Usr: 0
26-07-2019 15:43:18 NumUsers: 0 WSAPISock2Usr: 0
26-07-2019 15:48:18 NumUsers: 0 WSAPISock2Usr: 0
26-07-2019 15:53:18 NumUsers: 0 WSAPISock2Usr: 0
26-07-2019 15:58:18 NumUsers: 0 WSAPISock2Usr: 0
26-07-2019 16:03:18 NumUsers: 0 WSAPISock2Usr: 0
26-07-2019 16:08:18 NumUsers: 0 WSAPISock2Usr: 0
26-07-2019 16:13:18 NumUsers: 0 WSAPISock2Usr: 0
26-07-2019 16:18:18 NumUsers: 0 WSAPISock2Usr: 0
26-07-2019 16:23:18 NumUsers: 0 WSAPISock2Usr: 0
26-07-2019 16:28:18 NumUsers: 0 WSAPISock2Usr: 0
26-07-2019 16:33:18 NumUsers: 0 WSAPISock2Usr: 0
26-07-2019 16:38:18 NumUsers: 0 WSAPISock2Usr: 0
26-07-2019 16:43:18 NumUsers: 0 WSAPISock2Usr: 0
26-07-2019 16:48:18 NumUsers: 0 WSAPISock2Usr: 0
26-07-2019 16:53:18 NumUsers: 0 WSAPISock2Usr: 0
26-07-2019 16:58:18 NumUsers: 0 WSAPISock2Usr: 0
26-07-2019 17:03:18 NumUsers: 0 WSAPISock2Usr: 0
26-07-2019 17:08:18 NumUsers: 0 WSAPISock2Usr: 0
26-07-2019 17:13:18 NumUsers: 0 WSAPISock2Usr: 0
26-07-2019 17:18:18 NumUsers: 0 WSAPISock2Usr: 0
26-07-2019 17:23:18 NumUsers: 0 WSAPISock2Usr: 0
26-07-2019 17:28:18 NumUsers: 0 WSAPISock2Usr: 0
26-07-2019 17:33:18 NumUsers: 0 WSAPISock2Usr: 0
26-07-2019 17:38:18 NumUsers: 0 WSAPISock2Usr: 0
26-07-2019 17:43:18 NumUsers: 0 WSAPISock2Usr: 0
26-07-2019 17:48:18 NumUsers: 0 WSAPISock2Usr: 0
26-07-2019 17:53:18 NumUsers: 0 WSAPISock2Usr: 0
26-07-2019 17:58:18 NumUsers: 0 WSAPISock2Usr: 0
26-07-2019 18:03:18 NumUsers: 0 WSAPISock2Usr: 0
26-07-2019 18:08:18 NumUsers: 0 WSAPISock2Usr: 0
26-07-2019 18:13:18 NumUsers: 0 WSAPISock2Usr: 0
26-07-2019 18:18:18 NumUsers: 0 WSAPISock2Usr: 0
26-07-2019 18:23:18 NumUsers: 0 WSAPISock2Usr: 0
26-07-2019 18:28:18 NumUsers: 0 WSAPISock2Usr: 0
26-07-2019 18:33:18 NumUsers: 0 WSAPISock2Usr: 0
26-07-2019 18:38:18 NumUsers: 0 WSAPISock2Usr: 0
26-07-2019 18:43:18 NumUsers: 0 WSAPISock2Usr: 0
26-07-2019 19:34:05 NumUsers: 0 WSAPISock2Usr: 0
26-07-2019 19:39:05 NumUsers: 0 WSAPISock2Usr: 0
26-07-2019 19:44:05 NumUsers: 0 WSAPISock2Usr: 0
26-07-2019 19:49:05 NumUsers: 1 WSAPISock2Usr: 1
26-07-2019 19:54:05 NumUsers: 1 WSAPISock2Usr: 1
26-07-2019 19:59:05 NumUsers: 0 WSAPISock2Usr: 0
26-07-2019 20:24:37 NumUsers: 1 WSAPISock2Usr: 1
26-07-2019 20:29:38 NumUsers: 1 WSAPISock2Usr: 1
26-07-2019 20:34:40 NumUsers: 0 WSAPISock2Usr: 0
26-07-2019 20:39:42 NumUsers: 0 WSAPISock2Usr: 0
26-07-2019 20:44:45 NumUsers: 0 WSAPISock2Usr: 0
26-07-2019 20:49:45 NumUsers: 0 WSAPISock2Usr: 0
26-07-2019 20:56:59 NumUsers: 0 WSAPISock2Usr: 0
26-07-2019 21:05:27 NumUsers: 1 WSAPISock2Usr: 1
26-07-2019 21:10:27 NumUsers: 0 WSAPISock2Usr: 0
26-07-2019 21:15:27 NumUsers: 0 WSAPISock2Usr: 0
26-07-2019 21:20:27 NumUsers: 0 WSAPISock2Usr: 0
26-07-2019 21:25:27 NumUsers: 0 WSAPISock2Usr: 0
26-07-2019 21:30:27 NumUsers: 0 WSAPISock2Usr: 0
26-07-2019 21:35:27 NumUsers: 1 WSAPISock2Usr: 1
26-07-2019 21:40:27 NumUsers: 1 WSAPISock2Usr: 1
26-07-2019 21:45:27 NumUsers: 1 WSAPISock2Usr: 1
26-07-2019 21:50:27 NumUsers: 1 WSAPISock2Usr: 1
26-07-2019 21:55:27 NumUsers: 0 WSAPISock2Usr: 0
26-07-2019 22:00:27 NumUsers: 0 WSAPISock2Usr: 0
26-07-2019 22:05:27 NumUsers: 0 WSAPISock2Usr: 0
26-07-2019 22:10:27 NumUsers: 0 WSAPISock2Usr: 0
26-07-2019 22:15:27 NumUsers: 0 WSAPISock2Usr: 0
26-07-2019 22:20:27 NumUsers: 0 WSAPISock2Usr: 0
26-07-2019 22:25:27 NumUsers: 1 WSAPISock2Usr: 1
26-07-2019 22:30:28 NumUsers: 1 WSAPISock2Usr: 1
26-07-2019 22:35:28 NumUsers: 1 WSAPISock2Usr: 1
26-07-2019 22:40:28 NumUsers: 1 WSAPISock2Usr: 1
26-07-2019 22:45:28 NumUsers: 0 WSAPISock2Usr: 0
26-07-2019 22:50:28 NumUsers: 0 WSAPISock2Usr: 0
26-07-2019 22:55:28 NumUsers: 0 WSAPISock2Usr: 0
26-07-2019 23:05:43 NumUsers: 0 WSAPISock2Usr: 0
26-07-2019 23:10:43 NumUsers: 0 WSAPISock2Usr: 0
26-07-2019 23:15:43 NumUsers: 0 WSAPISock2Usr: 0
26-07-2019 23:20:43 NumUsers: 0 WSAPISock2Usr: 0
26-07-2019 23:25:43 NumUsers: 0 WSAPISock2Usr: 0
26-07-2019 23:30:43 NumUsers: 0 WSAPISock2Usr: 0
26-07-2019 23:35:43 NumUsers: 0 WSAPISock2Usr: 0
26-07-2019 23:40:43 NumUsers: 0 WSAPISock2Usr: 0
26-07-2019 23:45:43 NumUsers: 0 WSAPISock2Usr: 0
26-07-2019 23:50:43 NumUsers: 0 WSAPISock2Usr: 0
26-07-2019 23:55:43 NumUsers: 0 WSAPISock2Usr: 0
27-07-2019 0:00:45 NumUsers: 0 WSAPISock2Usr: 0
27-07-2019 0:05:45 NumUsers: 0 WSAPISock2Usr: 0
27-07-2019 0:10:45 NumUsers: 0 WSAPISock2Usr: 0
27-07-2019 0:15:45 NumUsers: 0 WSAPISock2Usr: 0
27-07-2019 0:20:45 NumUsers: 0 WSAPISock2Usr: 0
27-07-2019 0:25:45 NumUsers: 0 WSAPISock2Usr: 0
27-07-2019 0:30:45 NumUsers: 0 WSAPISock2Usr: 0
27-07-2019 0:35:45 NumUsers: 0 WSAPISock2Usr: 0
27-07-2019 0:40:45 NumUsers: 0 WSAPISock2Usr: 0
27-07-2019 0:45:45 NumUsers: 0 WSAPISock2Usr: 0
27-07-2019 0:50:45 NumUsers: 0 WSAPISock2Usr: 0
27-07-2019 0:55:45 NumUsers: 0 WSAPISock2Usr: 0
27-07-2019 1:00:45 NumUsers: 0 WSAPISock2Usr: 0
27-07-2019 1:05:45 NumUsers: 0 WSAPISock2Usr: 0
27-07-2019 1:10:45 NumUsers: 0 WSAPISock2Usr: 0
27-07-2019 1:15:45 NumUsers: 0 WSAPISock2Usr: 0
27-07-2019 1:20:45 NumUsers: 0 WSAPISock2Usr: 0
27-07-2019 14:50:00 NumUsers: 0 WSAPISock2Usr: 0
27-07-2019 14:55:00 NumUsers: 0 WSAPISock2Usr: 0
27-07-2019 15:00:01 NumUsers: 0 WSAPISock2Usr: 0
27-07-2019 15:05:01 NumUsers: 0 WSAPISock2Usr: 0
27-07-2019 15:10:01 NumUsers: 0 WSAPISock2Usr: 0
27-07-2019 15:15:01 NumUsers: 0 WSAPISock2Usr: 0
27-07-2019 15:20:01 NumUsers: 0 WSAPISock2Usr: 0
27-07-2019 15:25:01 NumUsers: 0 WSAPISock2Usr: 0
27-07-2019 15:30:01 NumUsers: 0 WSAPISock2Usr: 0
27-07-2019 15:35:01 NumUsers: 0 WSAPISock2Usr: 0
27-07-2019 15:40:01 NumUsers: 0 WSAPISock2Usr: 0
27-07-2019 15:45:01 NumUsers: 0 WSAPISock2Usr: 0
27-07-2019 15:50:01 NumUsers: 0 WSAPISock2Usr: 0
27-07-2019 15:55:01 NumUsers: 0 WSAPISock2Usr: 0
27-07-2019 16:00:01 NumUsers: 0 WSAPISock2Usr: 0
27-07-2019 16:05:01 NumUsers: 0 WSAPISock2Usr: 0
27-07-2019 16:10:01 NumUsers: 0 WSAPISock2Usr: 0
27-07-2019 16:15:01 NumUsers: 0 WSAPISock2Usr: 0
27-07-2019 17:03:56 NumUsers: 1 WSAPISock2Usr: 1
27-07-2019 17:08:56 NumUsers: 1 WSAPISock2Usr: 1
27-07-2019 17:13:56 NumUsers: 0 WSAPISock2Usr: 0
27-07-2019 17:18:56 NumUsers: 0 WSAPISock2Usr: 0
27-07-2019 17:23:56 NumUsers: 0 WSAPISock2Usr: 0
27-07-2019 17:28:56 NumUsers: 0 WSAPISock2Usr: 0
27-07-2019 17:33:56 NumUsers: 0 WSAPISock2Usr: 0
27-07-2019 17:38:56 NumUsers: 0 WSAPISock2Usr: 0
27-07-2019 17:43:57 NumUsers: 0 WSAPISock2Usr: 0
27-07-2019 17:48:57 NumUsers: 0 WSAPISock2Usr: 0
27-07-2019 17:53:57 NumUsers: 0 WSAPISock2Usr: 0
27-07-2019 17:58:57 NumUsers: 0 WSAPISock2Usr: 0
27-07-2019 18:03:59 NumUsers: 0 WSAPISock2Usr: 0
27-07-2019 18:08:59 NumUsers: 0 WSAPISock2Usr: 0
27-07-2019 18:13:59 NumUsers: 0 WSAPISock2Usr: 0
27-07-2019 18:18:59 NumUsers: 0 WSAPISock2Usr: 0
27-07-2019 18:23:59 NumUsers: 0 WSAPISock2Usr: 0
27-07-2019 18:28:59 NumUsers: 0 WSAPISock2Usr: 0
27-07-2019 18:33:59 NumUsers: 0 WSAPISock2Usr: 0
27-07-2019 18:38:59 NumUsers: 0 WSAPISock2Usr: 0
27-07-2019 18:43:59 NumUsers: 0 WSAPISock2Usr: 0
27-07-2019 18:48:59 NumUsers: 0 WSAPISock2Usr: 0
29-07-2019 0:40:09 NumUsers: 0 WSAPISock2Usr: 0
29-07-2019 0:45:09 NumUsers: 0 WSAPISock2Usr: 0
29-07-2019 0:54:59 NumUsers: 0 WSAPISock2Usr: 0
29-07-2019 0:59:59 NumUsers: 0 WSAPISock2Usr: 0
29-07-2019 1:04:59 NumUsers: 0 WSAPISock2Usr: 0
29-07-2019 19:41:47 NumUsers: 0 WSAPISock2Usr: 0
30-07-2019 16:51:57 NumUsers: 1 WSAPISock2Usr: 1
30-07-2019 16:56:57 NumUsers: 1 WSAPISock2Usr: 1
30-07-2019 17:01:57 NumUsers: 1 WSAPISock2Usr: 1
30-07-2019 17:06:57 NumUsers: 0 WSAPISock2Usr: 0
30-07-2019 17:16:44 NumUsers: 1 WSAPISock2Usr: 1
30-07-2019 17:21:44 NumUsers: 0 WSAPISock2Usr: 1
30-07-2019 17:26:44 NumUsers: 0 WSAPISock2Usr: 0
30-07-2019 17:31:44 NumUsers: 1 WSAPISock2Usr: 1
30-07-2019 17:36:44 NumUsers: 1 WSAPISock2Usr: 1
30-07-2019 17:41:44 NumUsers: 0 WSAPISock2Usr: 0
30-07-2019 17:46:44 NumUsers: 1 WSAPISock2Usr: 1
30-07-2019 17:51:44 NumUsers: 0 WSAPISock2Usr: 0
30-07-2019 17:56:44 NumUsers: 1 WSAPISock2Usr: 1
30-07-2019 18:01:46 NumUsers: 1 WSAPISock2Usr: 1
30-07-2019 18:06:46 NumUsers: 1 WSAPISock2Usr: 1
30-07-2019 18:11:46 NumUsers: 0 WSAPISock2Usr: 0
30-07-2019 18:16:46 NumUsers: 0 WSAPISock2Usr: 0
30-07-2019 18:21:46 NumUsers: 0 WSAPISock2Usr: 0
30-07-2019 18:26:46 NumUsers: 0 WSAPISock2Usr: 0
30-07-2019 18:31:46 NumUsers: 1 WSAPISock2Usr: 1
30-07-2019 18:36:46 NumUsers: 1 WSAPISock2Usr: 1
30-07-2019 18:41:46 NumUsers: 0 WSAPISock2Usr: 0
30-07-2019 18:46:46 NumUsers: 0 WSAPISock2Usr: 0
30-07-2019 18:51:46 NumUsers: 0 WSAPISock2Usr: 0
30-07-2019 18:56:46 NumUsers: 1 WSAPISock2Usr: 1
30-07-2019 19:01:46 NumUsers: 1 WSAPISock2Usr: 1
30-07-2019 19:06:46 NumUsers: 1 WSAPISock2Usr: 1
30-07-2019 19:11:46 NumUsers: 0 WSAPISock2Usr: 0
30-07-2019 19:16:46 NumUsers: 0 WSAPISock2Usr: 0
30-07-2019 19:21:46 NumUsers: 0 WSAPISock2Usr: 0
30-07-2019 19:26:46 NumUsers: 0 WSAPISock2Usr: 0
30-07-2019 19:31:46 NumUsers: 0 WSAPISock2Usr: 0
30-07-2019 19:36:46 NumUsers: 0 WSAPISock2Usr: 0
30-07-2019 20:02:27 NumUsers: 1 WSAPISock2Usr: 1
30-07-2019 20:07:27 NumUsers: 1 WSAPISock2Usr: 1
30-07-2019 20:12:27 NumUsers: 0 WSAPISock2Usr: 0
30-07-2019 20:17:27 NumUsers: 0 WSAPISock2Usr: 0
30-07-2019 20:22:27 NumUsers: 0 WSAPISock2Usr: 0
30-07-2019 20:27:27 NumUsers: 0 WSAPISock2Usr: 0
30-07-2019 20:32:27 NumUsers: 0 WSAPISock2Usr: 0
30-07-2019 20:37:27 NumUsers: 1 WSAPISock2Usr: 1
30-07-2019 20:42:27 NumUsers: 1 WSAPISock2Usr: 1
30-07-2019 20:47:27 NumUsers: 1 WSAPISock2Usr: 1
30-07-2019 20:52:27 NumUsers: 1 WSAPISock2Usr: 1
30-07-2019 21:00:33 NumUsers: 0 WSAPISock2Usr: 0
30-07-2019 21:05:33 NumUsers: 0 WSAPISock2Usr: 0
30-07-2019 21:10:33 NumUsers: 0 WSAPISock2Usr: 0
30-07-2019 21:15:33 NumUsers: 1 WSAPISock2Usr: 1
30-07-2019 21:20:33 NumUsers: 1 WSAPISock2Usr: 1
30-07-2019 21:25:33 NumUsers: 1 WSAPISock2Usr: 1
30-07-2019 21:30:33 NumUsers: 1 WSAPISock2Usr: 1
30-07-2019 21:35:33 NumUsers: 1 WSAPISock2Usr: 1
30-07-2019 21:40:33 NumUsers: 1 WSAPISock2Usr: 1
30-07-2019 21:45:33 NumUsers: 1 WSAPISock2Usr: 1
30-07-2019 21:50:33 NumUsers: 0 WSAPISock2Usr: 0
30-07-2019 21:55:33 NumUsers: 0 WSAPISock2Usr: 0
30-07-2019 22:00:33 NumUsers: 1 WSAPISock2Usr: 1
30-07-2019 22:05:33 NumUsers: 1 WSAPISock2Usr: 1
30-07-2019 22:10:33 NumUsers: 0 WSAPISock2Usr: 0
30-07-2019 22:15:33 NumUsers: 0 WSAPISock2Usr: 0
30-07-2019 22:20:33 NumUsers: 0 WSAPISock2Usr: 0
30-07-2019 22:25:33 NumUsers: 0 WSAPISock2Usr: 0
30-07-2019 22:30:33 NumUsers: 0 WSAPISock2Usr: 0
30-07-2019 22:35:33 NumUsers: 0 WSAPISock2Usr: 0
30-07-2019 22:40:33 NumUsers: 0 WSAPISock2Usr: 0
30-07-2019 22:45:33 NumUsers: 0 WSAPISock2Usr: 0
30-07-2019 22:50:33 NumUsers: 0 WSAPISock2Usr: 0
30-07-2019 22:55:33 NumUsers: 0 WSAPISock2Usr: 0
30-07-2019 23:00:33 NumUsers: 1 WSAPISock2Usr: 1
30-07-2019 23:05:33 NumUsers: 0 WSAPISock2Usr: 0
30-07-2019 23:10:33 NumUsers: 0 WSAPISock2Usr: 0
30-07-2019 23:15:33 NumUsers: 0 WSAPISock2Usr: 0
30-07-2019 23:20:33 NumUsers: 0 WSAPISock2Usr: 0
30-07-2019 23:25:33 NumUsers: 0 WSAPISock2Usr: 0
30-07-2019 23:30:33 NumUsers: 2 WSAPISock2Usr: 2
30-07-2019 23:35:33 NumUsers: 1 WSAPISock2Usr: 1
30-07-2019 23:50:08 NumUsers: 0 WSAPISock2Usr: 0
30-07-2019 23:55:08 NumUsers: 0 WSAPISock2Usr: 0
31-07-2019 0:00:10 NumUsers: 1 WSAPISock2Usr: 1
31-07-2019 0:14:24 NumUsers: 1 WSAPISock2Usr: 1
31-07-2019 0:19:24 NumUsers: 1 WSAPISock2Usr: 1
31-07-2019 0:24:24 NumUsers: 0 WSAPISock2Usr: 0
31-07-2019 0:29:24 NumUsers: 0 WSAPISock2Usr: 0
31-07-2019 0:34:24 NumUsers: 0 WSAPISock2Usr: 0
31-07-2019 0:39:24 NumUsers: 0 WSAPISock2Usr: 0
31-07-2019 0:44:24 NumUsers: 0 WSAPISock2Usr: 0
31-07-2019 0:49:24 NumUsers: 0 WSAPISock2Usr: 0
31-07-2019 0:54:24 NumUsers: 0 WSAPISock2Usr: 0
31-07-2019 0:59:24 NumUsers: 0 WSAPISock2Usr: 0
31-07-2019 1:04:24 NumUsers: 0 WSAPISock2Usr: 0
31-07-2019 1:09:24 NumUsers: 0 WSAPISock2Usr: 0
31-07-2019 1:14:24 NumUsers: 0 WSAPISock2Usr: 0
31-07-2019 1:19:24 NumUsers: 0 WSAPISock2Usr: 0
31-07-2019 1:24:24 NumUsers: 0 WSAPISock2Usr: 0
31-07-2019 1:29:24 NumUsers: 0 WSAPISock2Usr: 0
31-07-2019 1:34:24 NumUsers: 0 WSAPISock2Usr: 0
31-07-2019 1:39:24 NumUsers: 0 WSAPISock2Usr: 0
31-07-2019 1:44:24 NumUsers: 0 WSAPISock2Usr: 0
31-07-2019 1:49:24 NumUsers: 0 WSAPISock2Usr: 0
31-07-2019 1:54:24 NumUsers: 0 WSAPISock2Usr: 0
31-07-2019 1:59:24 NumUsers: 0 WSAPISock2Usr: 0
31-07-2019 2:04:24 NumUsers: 1 WSAPISock2Usr: 1
31-07-2019 2:09:24 NumUsers: 1 WSAPISock2Usr: 1
31-07-2019 2:14:24 NumUsers: 0 WSAPISock2Usr: 0
31-07-2019 2:19:24 NumUsers: 0 WSAPISock2Usr: 0
31-07-2019 2:24:24 NumUsers: 0 WSAPISock2Usr: 0
31-07-2019 2:29:24 NumUsers: 0 WSAPISock2Usr: 0
31-07-2019 2:34:24 NumUsers: 0 WSAPISock2Usr: 0
31-07-2019 2:39:24 NumUsers: 0 WSAPISock2Usr: 0
31-07-2019 2:44:24 NumUsers: 0 WSAPISock2Usr: 0
31-07-2019 2:49:24 NumUsers: 0 WSAPISock2Usr: 0
31-07-2019 2:54:24 NumUsers: 0 WSAPISock2Usr: 0
31-07-2019 2:59:25 NumUsers: 0 WSAPISock2Usr: 0
31-07-2019 3:04:26 NumUsers: 0 WSAPISock2Usr: 0
31-07-2019 3:09:26 NumUsers: 0 WSAPISock2Usr: 0
31-07-2019 11:59:23 NumUsers: 1 WSAPISock2Usr: 1
31-07-2019 12:09:36 NumUsers: 1 WSAPISock2Usr: 1
31-07-2019 12:14:36 NumUsers: 1 WSAPISock2Usr: 1
31-07-2019 12:22:16 NumUsers: 1 WSAPISock2Usr: 1
31-07-2019 12:27:16 NumUsers: 1 WSAPISock2Usr: 1
31-07-2019 12:32:16 NumUsers: 1 WSAPISock2Usr: 1
31-07-2019 12:37:16 NumUsers: 0 WSAPISock2Usr: 0
31-07-2019 12:42:16 NumUsers: 0 WSAPISock2Usr: 0
31-07-2019 12:47:16 NumUsers: 0 WSAPISock2Usr: 0
31-07-2019 12:52:16 NumUsers: 0 WSAPISock2Usr: 0
31-07-2019 12:57:16 NumUsers: 0 WSAPISock2Usr: 0
31-07-2019 13:02:16 NumUsers: 0 WSAPISock2Usr: 0
31-07-2019 13:07:16 NumUsers: 0 WSAPISock2Usr: 0
31-07-2019 13:12:16 NumUsers: 0 WSAPISock2Usr: 0
31-07-2019 13:17:16 NumUsers: 0 WSAPISock2Usr: 0
31-07-2019 13:22:16 NumUsers: 0 WSAPISock2Usr: 0
31-07-2019 13:27:16 NumUsers: 0 WSAPISock2Usr: 0
31-07-2019 14:12:48 NumUsers: 0 WSAPISock2Usr: 0
31-07-2019 14:19:40 NumUsers: 1 WSAPISock2Usr: 1
31-07-2019 14:24:40 NumUsers: 1 WSAPISock2Usr: 1
31-07-2019 14:29:40 NumUsers: 1 WSAPISock2Usr: 1
31-07-2019 14:34:40 NumUsers: 1 WSAPISock2Usr: 1
31-07-2019 14:39:40 NumUsers: 1 WSAPISock2Usr: 1
31-07-2019 14:44:40 NumUsers: 0 WSAPISock2Usr: 0
31-07-2019 14:49:40 NumUsers: 0 WSAPISock2Usr: 0
31-07-2019 14:54:40 NumUsers: 0 WSAPISock2Usr: 0
31-07-2019 14:59:40 NumUsers: 0 WSAPISock2Usr: 0
31-07-2019 15:04:41 NumUsers: 0 WSAPISock2Usr: 0
31-07-2019 15:09:41 NumUsers: 0 WSAPISock2Usr: 0
31-07-2019 15:14:41 NumUsers: 0 WSAPISock2Usr: 0
31-07-2019 15:19:41 NumUsers: 0 WSAPISock2Usr: 0
31-07-2019 15:24:41 NumUsers: 0 WSAPISock2Usr: 0
31-07-2019 15:29:41 NumUsers: 0 WSAPISock2Usr: 0
31-07-2019 15:34:41 NumUsers: 0 WSAPISock2Usr: 0
31-07-2019 15:39:41 NumUsers: 0 WSAPISock2Usr: 0
31-07-2019 15:44:41 NumUsers: 0 WSAPISock2Usr: 0
31-07-2019 15:49:41 NumUsers: 0 WSAPISock2Usr: 0
31-07-2019 15:54:41 NumUsers: 0 WSAPISock2Usr: 0
31-07-2019 15:59:41 NumUsers: 0 WSAPISock2Usr: 0
31-07-2019 16:04:41 NumUsers: 0 WSAPISock2Usr: 0
31-07-2019 16:09:41 NumUsers: 0 WSAPISock2Usr: 0
31-07-2019 16:14:41 NumUsers: 0 WSAPISock2Usr: 0
31-07-2019 16:19:41 NumUsers: 0 WSAPISock2Usr: 0
31-07-2019 16:24:41 NumUsers: 0 WSAPISock2Usr: 0
31-07-2019 16:29:41 NumUsers: 0 WSAPISock2Usr: 0
31-07-2019 16:34:41 NumUsers: 1 WSAPISock2Usr: 1
31-07-2019 16:39:41 NumUsers: 0 WSAPISock2Usr: 0
31-07-2019 16:44:42 NumUsers: 0 WSAPISock2Usr: 0
31-07-2019 16:49:42 NumUsers: 0 WSAPISock2Usr: 0
31-07-2019 16:54:42 NumUsers: 1 WSAPISock2Usr: 1
31-07-2019 16:59:42 NumUsers: 0 WSAPISock2Usr: 0
31-07-2019 17:19:01 NumUsers: 1 WSAPISock2Usr: 1
31-07-2019 17:24:01 NumUsers: 0 WSAPISock2Usr: 0
31-07-2019 17:29:01 NumUsers: 0 WSAPISock2Usr: 0
31-07-2019 17:34:01 NumUsers: 0 WSAPISock2Usr: 0
31-07-2019 17:39:01 NumUsers: 0 WSAPISock2Usr: 0
31-07-2019 17:44:01 NumUsers: 0 WSAPISock2Usr: 0
31-07-2019 17:49:01 NumUsers: 0 WSAPISock2Usr: 0
31-07-2019 17:54:01 NumUsers: 0 WSAPISock2Usr: 0
31-07-2019 17:59:01 NumUsers: 0 WSAPISock2Usr: 0
31-07-2019 18:04:02 NumUsers: 0 WSAPISock2Usr: 0
31-07-2019 18:09:02 NumUsers: 0 WSAPISock2Usr: 0
31-07-2019 18:14:02 NumUsers: 0 WSAPISock2Usr: 0
31-07-2019 18:19:02 NumUsers: 0 WSAPISock2Usr: 0
31-07-2019 18:24:02 NumUsers: 0 WSAPISock2Usr: 0
31-07-2019 18:29:02 NumUsers: 0 WSAPISock2Usr: 0
31-07-2019 18:34:02 NumUsers: 0 WSAPISock2Usr: 0
31-07-2019 18:39:02 NumUsers: 0 WSAPISock2Usr: 0
31-07-2019 18:44:02 NumUsers: 0 WSAPISock2Usr: 0
31-07-2019 18:49:02 NumUsers: 0 WSAPISock2Usr: 0
31-07-2019 18:54:02 NumUsers: 0 WSAPISock2Usr: 0
31-07-2019 18:59:02 NumUsers: 0 WSAPISock2Usr: 0
31-07-2019 19:04:02 NumUsers: 0 WSAPISock2Usr: 0
31-07-2019 19:09:02 NumUsers: 0 WSAPISock2Usr: 0
31-07-2019 19:14:02 NumUsers: 0 WSAPISock2Usr: 0
31-07-2019 19:19:02 NumUsers: 0 WSAPISock2Usr: 0
31-07-2019 19:24:02 NumUsers: 0 WSAPISock2Usr: 0
31-07-2019 19:29:02 NumUsers: 0 WSAPISock2Usr: 0
31-07-2019 19:34:02 NumUsers: 0 WSAPISock2Usr: 0
31-07-2019 19:39:02 NumUsers: 0 WSAPISock2Usr: 0
31-07-2019 19:44:02 NumUsers: 0 WSAPISock2Usr: 0
31-07-2019 19:49:02 NumUsers: 0 WSAPISock2Usr: 0
31-07-2019 19:54:02 NumUsers: 0 WSAPISock2Usr: 0
31-07-2019 19:59:02 NumUsers: 0 WSAPISock2Usr: 0
31-07-2019 20:04:02 NumUsers: 0 WSAPISock2Usr: 0
31-07-2019 20:09:02 NumUsers: 0 WSAPISock2Usr: 0
31-07-2019 20:14:02 NumUsers: 0 WSAPISock2Usr: 0
31-07-2019 20:20:11 NumUsers: 0 WSAPISock2Usr: 0
31-07-2019 20:25:11 NumUsers: 0 WSAPISock2Usr: 0
31-07-2019 20:30:11 NumUsers: 0 WSAPISock2Usr: 0
31-07-2019 20:35:11 NumUsers: 0 WSAPISock2Usr: 0
31-07-2019 20:40:11 NumUsers: 0 WSAPISock2Usr: 0
31-07-2019 20:45:11 NumUsers: 0 WSAPISock2Usr: 0
31-07-2019 20:50:11 NumUsers: 0 WSAPISock2Usr: 0
31-07-2019 20:55:11 NumUsers: 0 WSAPISock2Usr: 0
31-07-2019 21:00:13 NumUsers: 0 WSAPISock2Usr: 0
31-07-2019 21:05:13 NumUsers: 0 WSAPISock2Usr: 0
31-07-2019 21:10:13 NumUsers: 0 WSAPISock2Usr: 0
31-07-2019 21:15:13 NumUsers: 0 WSAPISock2Usr: 0
31-07-2019 21:20:13 NumUsers: 0 WSAPISock2Usr: 0
31-07-2019 21:25:13 NumUsers: 0 WSAPISock2Usr: 0
31-07-2019 21:30:13 NumUsers: 0 WSAPISock2Usr: 0
31-07-2019 21:35:13 NumUsers: 0 WSAPISock2Usr: 0
31-07-2019 21:40:13 NumUsers: 0 WSAPISock2Usr: 0
31-07-2019 21:45:13 NumUsers: 0 WSAPISock2Usr: 0
31-07-2019 21:50:13 NumUsers: 0 WSAPISock2Usr: 0
31-07-2019 21:55:13 NumUsers: 0 WSAPISock2Usr: 0
31-07-2019 22:00:13 NumUsers: 0 WSAPISock2Usr: 0
31-07-2019 22:05:13 NumUsers: 0 WSAPISock2Usr: 0
31-07-2019 22:10:13 NumUsers: 0 WSAPISock2Usr: 0
31-07-2019 22:15:13 NumUsers: 0 WSAPISock2Usr: 0
31-07-2019 22:20:13 NumUsers: 0 WSAPISock2Usr: 0
31-07-2019 22:25:13 NumUsers: 0 WSAPISock2Usr: 0
31-07-2019 22:30:13 NumUsers: 0 WSAPISock2Usr: 0
31-07-2019 22:35:13 NumUsers: 0 WSAPISock2Usr: 0
31-07-2019 22:40:13 NumUsers: 0 WSAPISock2Usr: 0
31-07-2019 22:45:13 NumUsers: 0 WSAPISock2Usr: 0
31-07-2019 22:50:13 NumUsers: 0 WSAPISock2Usr: 0
31-07-2019 22:55:13 NumUsers: 0 WSAPISock2Usr: 0
31-07-2019 23:00:13 NumUsers: 0 WSAPISock2Usr: 0
31-07-2019 23:05:13 NumUsers: 0 WSAPISock2Usr: 0
31-07-2019 23:10:13 NumUsers: 0 WSAPISock2Usr: 0
31-07-2019 23:15:13 NumUsers: 0 WSAPISock2Usr: 0
31-07-2019 23:21:23 NumUsers: 0 WSAPISock2Usr: 0
31-07-2019 23:26:23 NumUsers: 0 WSAPISock2Usr: 0
31-07-2019 23:31:23 NumUsers: 0 WSAPISock2Usr: 0
31-07-2019 23:36:23 NumUsers: 0 WSAPISock2Usr: 0
31-07-2019 23:41:23 NumUsers: 0 WSAPISock2Usr: 0
31-07-2019 23:46:23 NumUsers: 0 WSAPISock2Usr: 0
31-07-2019 23:51:23 NumUsers: 0 WSAPISock2Usr: 0
31-07-2019 23:56:23 NumUsers: 0 WSAPISock2Usr: 0
01-08-2019 0:01:24 NumUsers: 0 WSAPISock2Usr: 0
01-08-2019 0:06:24 NumUsers: 0 WSAPISock2Usr: 0
01-08-2019 0:11:24 NumUsers: 0 WSAPISock2Usr: 0
01-08-2019 0:16:24 NumUsers: 0 WSAPISock2Usr: 0
01-08-2019 0:21:24 NumUsers: 0 WSAPISock2Usr: 0
01-08-2019 0:26:24 NumUsers: 0 WSAPISock2Usr: 0
01-08-2019 0:31:24 NumUsers: 0 WSAPISock2Usr: 0
01-08-2019 0:36:24 NumUsers: 0 WSAPISock2Usr: 0
01-08-2019 0:41:24 NumUsers: 0 WSAPISock2Usr: 0
01-08-2019 0:46:24 NumUsers: 0 WSAPISock2Usr: 0
01-08-2019 0:51:24 NumUsers: 0 WSAPISock2Usr: 0
01-08-2019 0:56:24 NumUsers: 0 WSAPISock2Usr: 0
01-08-2019 1:01:24 NumUsers: 0 WSAPISock2Usr: 0
01-08-2019 1:06:24 NumUsers: 0 WSAPISock2Usr: 0
01-08-2019 1:11:24 NumUsers: 0 WSAPISock2Usr: 0
01-08-2019 1:16:24 NumUsers: 0 WSAPISock2Usr: 0
01-08-2019 1:21:24 NumUsers: 0 WSAPISock2Usr: 0
01-08-2019 1:26:24 NumUsers: 0 WSAPISock2Usr: 0
01-08-2019 1:31:24 NumUsers: 0 WSAPISock2Usr: 0
01-08-2019 1:36:24 NumUsers: 0 WSAPISock2Usr: 0
01-08-2019 1:41:24 NumUsers: 0 WSAPISock2Usr: 0
01-08-2019 1:46:24 NumUsers: 0 WSAPISock2Usr: 0
01-08-2019 1:51:24 NumUsers: 0 WSAPISock2Usr: 0
01-08-2019 1:56:24 NumUsers: 0 WSAPISock2Usr: 0
01-08-2019 2:01:24 NumUsers: 0 WSAPISock2Usr: 0
01-08-2019 2:06:24 NumUsers: 0 WSAPISock2Usr: 0
01-08-2019 2:11:24 NumUsers: 0 WSAPISock2Usr: 0
01-08-2019 2:16:24 NumUsers: 0 WSAPISock2Usr: 0
01-08-2019 2:22:34 NumUsers: 0 WSAPISock2Usr: 0
01-08-2019 2:27:34 NumUsers: 0 WSAPISock2Usr: 0
01-08-2019 2:32:34 NumUsers: 0 WSAPISock2Usr: 0
01-08-2019 2:37:34 NumUsers: 0 WSAPISock2Usr: 0
01-08-2019 2:42:34 NumUsers: 0 WSAPISock2Usr: 0
01-08-2019 2:47:34 NumUsers: 0 WSAPISock2Usr: 0
01-08-2019 2:52:34 NumUsers: 0 WSAPISock2Usr: 0
01-08-2019 2:57:34 NumUsers: 0 WSAPISock2Usr: 0
01-08-2019 3:02:35 NumUsers: 0 WSAPISock2Usr: 0
01-08-2019 3:07:35 NumUsers: 0 WSAPISock2Usr: 0
01-08-2019 3:12:35 NumUsers: 0 WSAPISock2Usr: 0
01-08-2019 3:17:35 NumUsers: 0 WSAPISock2Usr: 0
01-08-2019 3:22:35 NumUsers: 0 WSAPISock2Usr: 0
01-08-2019 3:27:35 NumUsers: 0 WSAPISock2Usr: 0
01-08-2019 3:32:35 NumUsers: 0 WSAPISock2Usr: 0
01-08-2019 3:37:35 NumUsers: 0 WSAPISock2Usr: 0
01-08-2019 3:42:35 NumUsers: 0 WSAPISock2Usr: 0
01-08-2019 3:47:35 NumUsers: 0 WSAPISock2Usr: 0
01-08-2019 3:52:35 NumUsers: 0 WSAPISock2Usr: 0
01-08-2019 3:57:35 NumUsers: 0 WSAPISock2Usr: 0
01-08-2019 4:02:35 NumUsers: 0 WSAPISock2Usr: 0
01-08-2019 4:07:35 NumUsers: 0 WSAPISock2Usr: 0
01-08-2019 4:12:35 NumUsers: 0 WSAPISock2Usr: 0
01-08-2019 4:17:35 NumUsers: 0 WSAPISock2Usr: 0
01-08-2019 4:22:35 NumUsers: 0 WSAPISock2Usr: 0
01-08-2019 4:27:35 NumUsers: 0 WSAPISock2Usr: 0
01-08-2019 14:56:02 NumUsers: 0 WSAPISock2Usr: 0
01-08-2019 15:01:04 NumUsers: 0 WSAPISock2Usr: 0
01-08-2019 15:06:04 NumUsers: 0 WSAPISock2Usr: 0
01-08-2019 15:11:04 NumUsers: 0 WSAPISock2Usr: 0
01-08-2019 15:16:04 NumUsers: 0 WSAPISock2Usr: 0
01-08-2019 15:21:04 NumUsers: 0 WSAPISock2Usr: 0
01-08-2019 15:26:04 NumUsers: 0 WSAPISock2Usr: 0
01-08-2019 15:31:04 NumUsers: 0 WSAPISock2Usr: 0
01-08-2019 15:36:04 NumUsers: 0 WSAPISock2Usr: 0
01-08-2019 15:41:04 NumUsers: 0 WSAPISock2Usr: 0
01-08-2019 15:46:04 NumUsers: 0 WSAPISock2Usr: 0
01-08-2019 15:51:04 NumUsers: 0 WSAPISock2Usr: 0
01-08-2019 15:56:04 NumUsers: 0 WSAPISock2Usr: 0
01-08-2019 16:01:04 NumUsers: 0 WSAPISock2Usr: 0
01-08-2019 16:06:04 NumUsers: 0 WSAPISock2Usr: 0
01-08-2019 16:11:04 NumUsers: 0 WSAPISock2Usr: 0
01-08-2019 16:16:04 NumUsers: 0 WSAPISock2Usr: 0
01-08-2019 16:21:04 NumUsers: 0 WSAPISock2Usr: 0
01-08-2019 16:26:04 NumUsers: 0 WSAPISock2Usr: 0
01-08-2019 16:31:04 NumUsers: 0 WSAPISock2Usr: 0
01-08-2019 16:36:04 NumUsers: 0 WSAPISock2Usr: 0
01-08-2019 16:41:04 NumUsers: 0 WSAPISock2Usr: 0
01-08-2019 16:46:04 NumUsers: 0 WSAPISock2Usr: 0
01-08-2019 16:51:04 NumUsers: 0 WSAPISock2Usr: 0
01-08-2019 16:56:04 NumUsers: 0 WSAPISock2Usr: 0
01-08-2019 17:01:04 NumUsers: 0 WSAPISock2Usr: 0
01-08-2019 17:06:04 NumUsers: 0 WSAPISock2Usr: 0
01-08-2019 17:11:04 NumUsers: 0 WSAPISock2Usr: 0
01-08-2019 17:16:04 NumUsers: 0 WSAPISock2Usr: 0
01-08-2019 17:21:04 NumUsers: 0 WSAPISock2Usr: 0
01-08-2019 17:26:04 NumUsers: 0 WSAPISock2Usr: 0
01-08-2019 17:31:04 NumUsers: 0 WSAPISock2Usr: 0
01-08-2019 17:36:04 NumUsers: 0 WSAPISock2Usr: 0
01-08-2019 17:41:04 NumUsers: 0 WSAPISock2Usr: 0
01-08-2019 17:46:04 NumUsers: 0 WSAPISock2Usr: 0
01-08-2019 17:51:04 NumUsers: 0 WSAPISock2Usr: 0
01-08-2019 17:57:11 NumUsers: 0 WSAPISock2Usr: 0
01-08-2019 18:02:12 NumUsers: 0 WSAPISock2Usr: 0
01-08-2019 18:07:13 NumUsers: 0 WSAPISock2Usr: 0
01-08-2019 18:12:13 NumUsers: 0 WSAPISock2Usr: 0
01-08-2019 18:17:13 NumUsers: 0 WSAPISock2Usr: 0
01-08-2019 18:22:13 NumUsers: 0 WSAPISock2Usr: 0
01-08-2019 18:27:13 NumUsers: 0 WSAPISock2Usr: 0
01-08-2019 18:32:13 NumUsers: 0 WSAPISock2Usr: 0
01-08-2019 18:37:13 NumUsers: 0 WSAPISock2Usr: 0
01-08-2019 18:42:13 NumUsers: 0 WSAPISock2Usr: 0
01-08-2019 18:47:13 NumUsers: 0 WSAPISock2Usr: 0
01-08-2019 18:52:13 NumUsers: 0 WSAPISock2Usr: 0
01-08-2019 18:57:13 NumUsers: 0 WSAPISock2Usr: 0
01-08-2019 19:02:13 NumUsers: 0 WSAPISock2Usr: 0
01-08-2019 19:07:13 NumUsers: 0 WSAPISock2Usr: 0
01-08-2019 19:12:13 NumUsers: 0 WSAPISock2Usr: 0
01-08-2019 19:17:13 NumUsers: 0 WSAPISock2Usr: 0
01-08-2019 19:22:13 NumUsers: 0 WSAPISock2Usr: 0
01-08-2019 19:27:13 NumUsers: 0 WSAPISock2Usr: 0
01-08-2019 19:32:13 NumUsers: 0 WSAPISock2Usr: 0
01-08-2019 19:37:13 NumUsers: 0 WSAPISock2Usr: 0
01-08-2019 19:42:13 NumUsers: 0 WSAPISock2Usr: 0
01-08-2019 19:47:13 NumUsers: 0 WSAPISock2Usr: 0
01-08-2019 19:52:13 NumUsers: 0 WSAPISock2Usr: 0
01-08-2019 19:57:13 NumUsers: 0 WSAPISock2Usr: 0
01-08-2019 20:02:13 NumUsers: 0 WSAPISock2Usr: 0
01-08-2019 20:07:13 NumUsers: 0 WSAPISock2Usr: 0
01-08-2019 20:12:13 NumUsers: 0 WSAPISock2Usr: 0
01-08-2019 20:17:13 NumUsers: 0 WSAPISock2Usr: 0
01-08-2019 20:22:13 NumUsers: 0 WSAPISock2Usr: 0
01-08-2019 20:27:13 NumUsers: 0 WSAPISock2Usr: 0
01-08-2019 20:32:13 NumUsers: 0 WSAPISock2Usr: 0
01-08-2019 20:37:13 NumUsers: 0 WSAPISock2Usr: 0
01-08-2019 20:42:13 NumUsers: 0 WSAPISock2Usr: 0
01-08-2019 20:47:13 NumUsers: 0 WSAPISock2Usr: 0
01-08-2019 20:52:13 NumUsers: 0 WSAPISock2Usr: 0
01-08-2019 20:58:19 NumUsers: 0 WSAPISock2Usr: 0
01-08-2019 21:03:20 NumUsers: 0 WSAPISock2Usr: 0
01-08-2019 21:08:20 NumUsers: 0 WSAPISock2Usr: 0
01-08-2019 21:13:20 NumUsers: 1 WSAPISock2Usr: 1
01-08-2019 21:18:20 NumUsers: 1 WSAPISock2Usr: 1
01-08-2019 21:23:20 NumUsers: 0 WSAPISock2Usr: 0
01-08-2019 21:28:20 NumUsers: 1 WSAPISock2Usr: 1
01-08-2019 21:33:20 NumUsers: 1 WSAPISock2Usr: 1
01-08-2019 21:38:20 NumUsers: 1 WSAPISock2Usr: 1
01-08-2019 21:43:20 NumUsers: 1 WSAPISock2Usr: 1
01-08-2019 21:48:20 NumUsers: 1 WSAPISock2Usr: 1
01-08-2019 21:53:20 NumUsers: 1 WSAPISock2Usr: 1
01-08-2019 21:58:20 NumUsers: 0 WSAPISock2Usr: 0
01-08-2019 22:03:20 NumUsers: 0 WSAPISock2Usr: 0
01-08-2019 22:08:20 NumUsers: 0 WSAPISock2Usr: 0
01-08-2019 22:13:20 NumUsers: 0 WSAPISock2Usr: 0
01-08-2019 22:18:21 NumUsers: 0 WSAPISock2Usr: 0
01-08-2019 22:23:21 NumUsers: 0 WSAPISock2Usr: 0
01-08-2019 22:28:21 NumUsers: 0 WSAPISock2Usr: 0
01-08-2019 22:33:21 NumUsers: 0 WSAPISock2Usr: 0
01-08-2019 22:38:21 NumUsers: 0 WSAPISock2Usr: 0
01-08-2019 22:43:21 NumUsers: 0 WSAPISock2Usr: 0
01-08-2019 22:48:21 NumUsers: 0 WSAPISock2Usr: 0
01-08-2019 22:53:21 NumUsers: 0 WSAPISock2Usr: 0
01-08-2019 22:58:21 NumUsers: 0 WSAPISock2Usr: 0
01-08-2019 23:03:21 NumUsers: 0 WSAPISock2Usr: 0
01-08-2019 23:08:21 NumUsers: 0 WSAPISock2Usr: 0
01-08-2019 23:13:21 NumUsers: 0 WSAPISock2Usr: 0
01-08-2019 23:18:21 NumUsers: 0 WSAPISock2Usr: 0
01-08-2019 23:23:21 NumUsers: 0 WSAPISock2Usr: 0
01-08-2019 23:28:21 NumUsers: 0 WSAPISock2Usr: 0
01-08-2019 23:33:21 NumUsers: 0 WSAPISock2Usr: 0
01-08-2019 23:38:21 NumUsers: 0 WSAPISock2Usr: 0
01-08-2019 23:43:21 NumUsers: 0 WSAPISock2Usr: 0
01-08-2019 23:48:21 NumUsers: 0 WSAPISock2Usr: 0
01-08-2019 23:53:21 NumUsers: 0 WSAPISock2Usr: 0
01-08-2019 23:59:29 NumUsers: 0 WSAPISock2Usr: 0
02-08-2019 0:04:30 NumUsers: 0 WSAPISock2Usr: 0
02-08-2019 0:09:30 NumUsers: 0 WSAPISock2Usr: 0
02-08-2019 0:14:30 NumUsers: 0 WSAPISock2Usr: 0
02-08-2019 0:19:30 NumUsers: 0 WSAPISock2Usr: 0
02-08-2019 0:24:30 NumUsers: 0 WSAPISock2Usr: 0
02-08-2019 0:29:30 NumUsers: 0 WSAPISock2Usr: 0
02-08-2019 0:34:30 NumUsers: 0 WSAPISock2Usr: 0
02-08-2019 0:39:30 NumUsers: 0 WSAPISock2Usr: 0
02-08-2019 0:44:30 NumUsers: 0 WSAPISock2Usr: 0
02-08-2019 0:49:30 NumUsers: 0 WSAPISock2Usr: 0
02-08-2019 0:54:30 NumUsers: 0 WSAPISock2Usr: 0
02-08-2019 0:59:30 NumUsers: 0 WSAPISock2Usr: 0
02-08-2019 1:04:30 NumUsers: 0 WSAPISock2Usr: 0
02-08-2019 1:09:30 NumUsers: 0 WSAPISock2Usr: 0
02-08-2019 1:14:30 NumUsers: 0 WSAPISock2Usr: 0
02-08-2019 1:28:30 NumUsers: 1 WSAPISock2Usr: 1
02-08-2019 1:39:37 NumUsers: 1 WSAPISock2Usr: 1
02-08-2019 1:44:37 NumUsers: 1 WSAPISock2Usr: 1
02-08-2019 1:49:38 NumUsers: 0 WSAPISock2Usr: 0
02-08-2019 1:54:39 NumUsers: 0 WSAPISock2Usr: 0
02-08-2019 1:59:39 NumUsers: 0 WSAPISock2Usr: 0
02-08-2019 2:04:40 NumUsers: 0 WSAPISock2Usr: 0
02-08-2019 15:05:40 NumUsers: 0 WSAPISock2Usr: 0
02-08-2019 15:10:40 NumUsers: 0 WSAPISock2Usr: 0
02-08-2019 15:15:40 NumUsers: 0 WSAPISock2Usr: 0
02-08-2019 15:20:40 NumUsers: 0 WSAPISock2Usr: 0
02-08-2019 15:25:40 NumUsers: 0 WSAPISock2Usr: 0
02-08-2019 15:30:40 NumUsers: 0 WSAPISock2Usr: 0
02-08-2019 15:35:40 NumUsers: 0 WSAPISock2Usr: 0
02-08-2019 15:40:40 NumUsers: 0 WSAPISock2Usr: 0
02-08-2019 15:45:40 NumUsers: 0 WSAPISock2Usr: 0
02-08-2019 15:50:40 NumUsers: 1 WSAPISock2Usr: 1
02-08-2019 15:55:40 NumUsers: 0 WSAPISock2Usr: 0
02-08-2019 16:00:40 NumUsers: 1 WSAPISock2Usr: 1
02-08-2019 16:05:40 NumUsers: 1 WSAPISock2Usr: 1
02-08-2019 16:10:41 NumUsers: 1 WSAPISock2Usr: 1
02-08-2019 16:15:43 NumUsers: 0 WSAPISock2Usr: 0
16-08-2019 20:44:25 NumUsers: 0 WSAPISock2Usr: 0
16-08-2019 20:49:25 NumUsers: 0 WSAPISock2Usr: 0
16-08-2019 20:54:06 NumUsers: 0 WSAPISock2Usr: 0
16-08-2019 20:59:07 NumUsers: 0 WSAPISock2Usr: 0
16-08-2019 21:04:55 NumUsers: 0 WSAPISock2Usr: 0
16-08-2019 21:09:55 NumUsers: 0 WSAPISock2Usr: 0
16-08-2019 21:14:57 NumUsers: 0 WSAPISock2Usr: 0
16-08-2019 21:19:58 NumUsers: 0 WSAPISock2Usr: 0
16-08-2019 21:24:58 NumUsers: 0 WSAPISock2Usr: 0
16-08-2019 21:29:58 NumUsers: 0 WSAPISock2Usr: 0
16-08-2019 21:34:58 NumUsers: 0 WSAPISock2Usr: 0
16-08-2019 21:39:58 NumUsers: 0 WSAPISock2Usr: 0
16-08-2019 21:44:58 NumUsers: 0 WSAPISock2Usr: 0
16-08-2019 21:49:58 NumUsers: 0 WSAPISock2Usr: 0
16-08-2019 21:54:58 NumUsers: 0 WSAPISock2Usr: 0
16-08-2019 21:59:58 NumUsers: 0 WSAPISock2Usr: 0
16-08-2019 22:04:58 NumUsers: 0 WSAPISock2Usr: 0
16-08-2019 22:09:58 NumUsers: 0 WSAPISock2Usr: 0
16-08-2019 22:14:59 NumUsers: 0 WSAPISock2Usr: 0
16-08-2019 22:20:00 NumUsers: 0 WSAPISock2Usr: 0
16-08-2019 22:25:00 NumUsers: 0 WSAPISock2Usr: 0
16-08-2019 22:30:00 NumUsers: 0 WSAPISock2Usr: 0
16-08-2019 22:35:00 NumUsers: 0 WSAPISock2Usr: 0
16-08-2019 22:40:00 NumUsers: 0 WSAPISock2Usr: 0
16-08-2019 22:45:00 NumUsers: 0 WSAPISock2Usr: 0
16-08-2019 22:50:00 NumUsers: 0 WSAPISock2Usr: 0
16-08-2019 22:55:00 NumUsers: 0 WSAPISock2Usr: 0
16-08-2019 23:00:00 NumUsers: 0 WSAPISock2Usr: 0
16-08-2019 23:05:00 NumUsers: 0 WSAPISock2Usr: 0
19-08-2019 16:41:00 NumUsers: 0 WSAPISock2Usr: 0
19-08-2019 16:46:00 NumUsers: 0 WSAPISock2Usr: 0
19-08-2019 16:51:00 NumUsers: 0 WSAPISock2Usr: 0
19-08-2019 16:56:00 NumUsers: 1 WSAPISock2Usr: 1
19-08-2019 17:01:00 NumUsers: 0 WSAPISock2Usr: 0
19-08-2019 17:06:00 NumUsers: 0 WSAPISock2Usr: 0
19-08-2019 17:11:00 NumUsers: 0 WSAPISock2Usr: 0
19-08-2019 17:16:00 NumUsers: 0 WSAPISock2Usr: 0
19-08-2019 17:21:00 NumUsers: 0 WSAPISock2Usr: 0
19-08-2019 17:26:00 NumUsers: 0 WSAPISock2Usr: 0
19-08-2019 17:31:00 NumUsers: 0 WSAPISock2Usr: 0
19-08-2019 17:36:00 NumUsers: 0 WSAPISock2Usr: 0
19-08-2019 17:41:00 NumUsers: 0 WSAPISock2Usr: 0
19-08-2019 17:46:00 NumUsers: 0 WSAPISock2Usr: 0
19-08-2019 17:51:00 NumUsers: 0 WSAPISock2Usr: 0
19-08-2019 17:56:00 NumUsers: 0 WSAPISock2Usr: 0
19-08-2019 18:01:01 NumUsers: 0 WSAPISock2Usr: 0
19-08-2019 18:06:01 NumUsers: 0 WSAPISock2Usr: 0
19-08-2019 18:11:01 NumUsers: 0 WSAPISock2Usr: 0
25-12-2019 23:46:03 NumUsers: 1 WSAPISock2Usr: 1
26-12-2019 14:17:22 NumUsers: 1 WSAPISock2Usr: 1
26-12-2019 14:22:22 NumUsers: 0 WSAPISock2Usr: 0
26-12-2019 14:27:22 NumUsers: 0 WSAPISock2Usr: 0
26-12-2019 14:32:22 NumUsers: 0 WSAPISock2Usr: 0
26-12-2019 14:37:22 NumUsers: 0 WSAPISock2Usr: 0
26-12-2019 14:42:22 NumUsers: 0 WSAPISock2Usr: 0
26-12-2019 14:47:22 NumUsers: 0 WSAPISock2Usr: 0
26-12-2019 14:52:22 NumUsers: 0 WSAPISock2Usr: 0
26-12-2019 14:57:22 NumUsers: 0 WSAPISock2Usr: 0
26-12-2019 15:02:23 NumUsers: 0 WSAPISock2Usr: 0
26-12-2019 15:07:23 NumUsers: 0 WSAPISock2Usr: 0
26-12-2019 15:12:23 NumUsers: 0 WSAPISock2Usr: 0
26-12-2019 15:17:23 NumUsers: 0 WSAPISock2Usr: 0
26-12-2019 15:22:23 NumUsers: 0 WSAPISock2Usr: 0
26-12-2019 15:27:23 NumUsers: 0 WSAPISock2Usr: 0
26-12-2019 15:32:23 NumUsers: 0 WSAPISock2Usr: 0
26-12-2019 15:37:23 NumUsers: 0 WSAPISock2Usr: 0
26-12-2019 15:42:23 NumUsers: 0 WSAPISock2Usr: 0
26-12-2019 15:47:23 NumUsers: 0 WSAPISock2Usr: 0
26-12-2019 15:52:23 NumUsers: 0 WSAPISock2Usr: 0
26-12-2019 15:57:23 NumUsers: 0 WSAPISock2Usr: 0
26-12-2019 16:02:23 NumUsers: 0 WSAPISock2Usr: 0
26-12-2019 16:07:23 NumUsers: 0 WSAPISock2Usr: 0
26-12-2019 16:12:23 NumUsers: 0 WSAPISock2Usr: 0
26-12-2019 16:17:23 NumUsers: 0 WSAPISock2Usr: 0
26-12-2019 16:22:23 NumUsers: 0 WSAPISock2Usr: 0
26-12-2019 16:27:23 NumUsers: 0 WSAPISock2Usr: 0
26-12-2019 16:32:23 NumUsers: 0 WSAPISock2Usr: 0
26-12-2019 16:37:24 NumUsers: 0 WSAPISock2Usr: 0
26-12-2019 16:42:24 NumUsers: 0 WSAPISock2Usr: 0
26-12-2019 16:47:27 NumUsers: 0 WSAPISock2Usr: 0
26-12-2019 16:52:27 NumUsers: 0 WSAPISock2Usr: 0
26-12-2019 16:57:27 NumUsers: 0 WSAPISock2Usr: 0
26-12-2019 17:02:27 NumUsers: 0 WSAPISock2Usr: 0
26-12-2019 17:07:27 NumUsers: 0 WSAPISock2Usr: 0
26-12-2019 17:12:27 NumUsers: 0 WSAPISock2Usr: 0
26-12-2019 17:18:52 NumUsers: 0 WSAPISock2Usr: 0
26-12-2019 17:23:52 NumUsers: 0 WSAPISock2Usr: 0
26-12-2019 17:28:52 NumUsers: 0 WSAPISock2Usr: 0
26-12-2019 17:33:52 NumUsers: 0 WSAPISock2Usr: 0
26-12-2019 17:38:52 NumUsers: 0 WSAPISock2Usr: 0
26-12-2019 17:43:52 NumUsers: 0 WSAPISock2Usr: 0
26-12-2019 17:48:52 NumUsers: 0 WSAPISock2Usr: 0
26-12-2019 17:53:52 NumUsers: 0 WSAPISock2Usr: 0
26-12-2019 17:58:52 NumUsers: 0 WSAPISock2Usr: 0
26-12-2019 18:03:53 NumUsers: 0 WSAPISock2Usr: 0
26-12-2019 18:08:53 NumUsers: 0 WSAPISock2Usr: 0
26-12-2019 18:13:53 NumUsers: 0 WSAPISock2Usr: 0
26-12-2019 18:18:53 NumUsers: 0 WSAPISock2Usr: 0
26-12-2019 18:23:53 NumUsers: 0 WSAPISock2Usr: 0
26-12-2019 18:28:53 NumUsers: 0 WSAPISock2Usr: 0
26-12-2019 18:33:53 NumUsers: 0 WSAPISock2Usr: 0
26-12-2019 18:38:53 NumUsers: 0 WSAPISock2Usr: 0
26-12-2019 18:43:53 NumUsers: 0 WSAPISock2Usr: 0
26-12-2019 18:48:53 NumUsers: 0 WSAPISock2Usr: 0
26-12-2019 18:53:53 NumUsers: 0 WSAPISock2Usr: 0
26-12-2019 18:58:53 NumUsers: 0 WSAPISock2Usr: 0
26-12-2019 19:03:53 NumUsers: 0 WSAPISock2Usr: 0
26-12-2019 19:08:53 NumUsers: 0 WSAPISock2Usr: 0
26-12-2019 19:13:53 NumUsers: 0 WSAPISock2Usr: 0
26-12-2019 19:18:53 NumUsers: 0 WSAPISock2Usr: 0
26-12-2019 19:23:53 NumUsers: 0 WSAPISock2Usr: 0
26-12-2019 19:28:53 NumUsers: 0 WSAPISock2Usr: 0
26-12-2019 19:33:53 NumUsers: 0 WSAPISock2Usr: 0
26-12-2019 19:38:53 NumUsers: 0 WSAPISock2Usr: 0
26-12-2019 19:43:53 NumUsers: 0 WSAPISock2Usr: 0
26-12-2019 19:48:53 NumUsers: 0 WSAPISock2Usr: 0
26-12-2019 19:53:53 NumUsers: 0 WSAPISock2Usr: 0
26-12-2019 19:58:53 NumUsers: 0 WSAPISock2Usr: 0
26-12-2019 20:03:53 NumUsers: 0 WSAPISock2Usr: 0
26-12-2019 20:08:53 NumUsers: 0 WSAPISock2Usr: 0
26-12-2019 20:13:53 NumUsers: 0 WSAPISock2Usr: 0
26-12-2019 20:20:13 NumUsers: 0 WSAPISock2Usr: 0
26-12-2019 20:25:13 NumUsers: 0 WSAPISock2Usr: 0
26-12-2019 20:30:13 NumUsers: 0 WSAPISock2Usr: 0
26-12-2019 20:35:13 NumUsers: 0 WSAPISock2Usr: 0
26-12-2019 20:40:13 NumUsers: 0 WSAPISock2Usr: 0
26-12-2019 20:45:13 NumUsers: 0 WSAPISock2Usr: 0
26-12-2019 20:50:13 NumUsers: 0 WSAPISock2Usr: 0
26-12-2019 20:55:13 NumUsers: 0 WSAPISock2Usr: 0
26-12-2019 21:00:14 NumUsers: 0 WSAPISock2Usr: 0
26-12-2019 21:05:14 NumUsers: 0 WSAPISock2Usr: 0
26-12-2019 21:10:14 NumUsers: 0 WSAPISock2Usr: 0
26-12-2019 21:15:14 NumUsers: 0 WSAPISock2Usr: 0
26-12-2019 21:20:14 NumUsers: 0 WSAPISock2Usr: 0
26-12-2019 21:25:14 NumUsers: 0 WSAPISock2Usr: 0
26-12-2019 21:30:15 NumUsers: 0 WSAPISock2Usr: 0
26-12-2019 21:35:15 NumUsers: 0 WSAPISock2Usr: 0
26-12-2019 21:40:15 NumUsers: 0 WSAPISock2Usr: 0
26-12-2019 21:45:15 NumUsers: 0 WSAPISock2Usr: 0
26-12-2019 21:50:15 NumUsers: 0 WSAPISock2Usr: 0
26-12-2019 21:55:15 NumUsers: 0 WSAPISock2Usr: 0
26-12-2019 22:00:15 NumUsers: 0 WSAPISock2Usr: 0
26-12-2019 22:05:15 NumUsers: 0 WSAPISock2Usr: 0
26-12-2019 22:10:15 NumUsers: 0 WSAPISock2Usr: 0
26-12-2019 22:15:15 NumUsers: 0 WSAPISock2Usr: 0
26-12-2019 22:20:15 NumUsers: 0 WSAPISock2Usr: 0
26-12-2019 22:25:15 NumUsers: 0 WSAPISock2Usr: 0
26-12-2019 22:30:15 NumUsers: 0 WSAPISock2Usr: 0
26-12-2019 22:35:15 NumUsers: 0 WSAPISock2Usr: 0
26-12-2019 22:40:15 NumUsers: 0 WSAPISock2Usr: 0
26-12-2019 22:45:15 NumUsers: 0 WSAPISock2Usr: 0
26-12-2019 22:50:15 NumUsers: 0 WSAPISock2Usr: 0
26-12-2019 22:55:15 NumUsers: 0 WSAPISock2Usr: 0
26-12-2019 23:00:15 NumUsers: 0 WSAPISock2Usr: 0
26-12-2019 23:05:15 NumUsers: 0 WSAPISock2Usr: 0
26-12-2019 23:10:15 NumUsers: 0 WSAPISock2Usr: 0
26-12-2019 23:15:15 NumUsers: 0 WSAPISock2Usr: 0
26-12-2019 23:21:38 NumUsers: 0 WSAPISock2Usr: 0
26-12-2019 23:26:38 NumUsers: 0 WSAPISock2Usr: 0
26-12-2019 23:31:38 NumUsers: 0 WSAPISock2Usr: 0
26-12-2019 23:36:38 NumUsers: 0 WSAPISock2Usr: 0
26-12-2019 23:41:38 NumUsers: 0 WSAPISock2Usr: 0
26-12-2019 23:46:38 NumUsers: 0 WSAPISock2Usr: 0
26-12-2019 23:51:38 NumUsers: 0 WSAPISock2Usr: 0
26-12-2019 23:56:38 NumUsers: 0 WSAPISock2Usr: 0
27-12-2019 0:01:39 NumUsers: 0 WSAPISock2Usr: 0
27-12-2019 0:06:39 NumUsers: 0 WSAPISock2Usr: 0
27-12-2019 0:11:39 NumUsers: 0 WSAPISock2Usr: 0
27-12-2019 0:16:39 NumUsers: 0 WSAPISock2Usr: 0
27-12-2019 0:21:39 NumUsers: 0 WSAPISock2Usr: 0
27-12-2019 0:26:39 NumUsers: 0 WSAPISock2Usr: 0
27-12-2019 0:31:39 NumUsers: 0 WSAPISock2Usr: 0
27-12-2019 0:36:39 NumUsers: 0 WSAPISock2Usr: 0
27-12-2019 0:41:39 NumUsers: 0 WSAPISock2Usr: 0
27-12-2019 0:46:39 NumUsers: 0 WSAPISock2Usr: 0
27-12-2019 0:51:39 NumUsers: 0 WSAPISock2Usr: 0
27-12-2019 0:56:39 NumUsers: 1 WSAPISock2Usr: 1
27-12-2019 1:01:39 NumUsers: 1 WSAPISock2Usr: 1
27-12-2019 1:06:39 NumUsers: 0 WSAPISock2Usr: 0
27-12-2019 14:15:41 NumUsers: 0 WSAPISock2Usr: 0
