11/01/2014 02:44:25 p.m. Se conecto con ip:127.0.0.1
11/01/2014 02:44:39 p.m. Transporto a GIOSACA hacia Mapa34 X:39 Y:84
11/01/2014 02:44:40 p.m. Transporto a GIOSACA hacia Mapa34 X:37 Y:80
11/01/2014 02:44:40 p.m. Transporto a GIOSACA hacia Mapa34 X:34 Y:76
11/01/2014 02:44:40 p.m. Transporto a GIOSACA hacia Mapa34 X:31 Y:72
11/01/2014 02:44:40 p.m. Transporto a GIOSACA hacia Mapa34 X:27 Y:69
11/01/2014 02:44:41 p.m. Transporto a GIOSACA hacia Mapa34 X:26 Y:72
11/01/2014 02:44:41 p.m. Transporto a GIOSACA hacia Mapa34 X:29 Y:76
11/01/2014 02:44:42 p.m. Transporto a GIOSACA hacia Mapa34 X:30 Y:74
11/01/2014 02:44:45 p.m. Sumoneo Lobo
11/01/2014 02:45:26 p.m. /CI: 403
11/01/2014 02:45:26 p.m. Agarro:100 Objeto:Espada de Plata
11/01/2014 02:45:28 p.m. /CI: 703
11/01/2014 02:45:29 p.m. /DEST
11/01/2014 02:45:35 p.m. /CI: 537
11/01/2014 02:45:41 p.m. /DEST
11/01/2014 02:45:53 p.m. GIOSACA EXP 9999999
11/01/2014 02:45:55 p.m. GIOSACA EXP 9999999
11/01/2014 02:45:57 p.m. GIOSACA EXP 9999999
11/01/2014 02:45:58 p.m. GIOSACA EXP 9999999
11/01/2014 02:46:00 p.m. GIOSACA EXP 9999999
11/01/2014 02:46:01 p.m. GIOSACA EXP 9999999
11/01/2014 02:46:02 p.m. GIOSACA EXP 9999999
11/01/2014 02:46:04 p.m. GIOSACA EXP 9999999
11/01/2014 02:46:05 p.m. GIOSACA EXP 9999999
11/01/2014 02:46:07 p.m. GIOSACA EXP 9999999
11/01/2014 02:46:08 p.m. GIOSACA EXP 9999999
11/01/2014 02:46:09 p.m. GIOSACA EXP 9999999
11/01/2014 02:46:12 p.m. Sumoneo Lobo
11/01/2014 02:46:12 p.m. Sumoneo Lobo
11/01/2014 02:46:12 p.m. Sumoneo Lobo
11/01/2014 02:46:13 p.m. Sumoneo Lobo
11/01/2014 02:46:13 p.m. Sumoneo Lobo
11/01/2014 02:46:13 p.m. Sumoneo Lobo
11/01/2014 02:46:13 p.m. Sumoneo Lobo
11/01/2014 02:46:13 p.m. Sumoneo Lobo
11/01/2014 02:46:13 p.m. Sumoneo Lobo
11/01/2014 02:47:00 p.m. Sumoneo Lobo
11/01/2014 02:47:00 p.m. Sumoneo Lobo
11/01/2014 02:47:01 p.m. Sumoneo Lobo
11/01/2014 02:47:01 p.m. Sumoneo Lobo
11/01/2014 02:47:01 p.m. Sumoneo Lobo
11/01/2014 02:47:01 p.m. Sumoneo Lobo
11/01/2014 02:47:01 p.m. Sumoneo Lobo
11/01/2014 02:47:01 p.m. Sumoneo Lobo
11/01/2014 02:47:02 p.m. Sumoneo Lobo
11/01/2014 02:47:02 p.m. Sumoneo Lobo
11/01/2014 02:47:02 p.m. Sumoneo Lobo
11/01/2014 02:47:02 p.m. Sumoneo Lobo
11/01/2014 02:47:02 p.m. Sumoneo Lobo
11/01/2014 02:47:02 p.m. Sumoneo Lobo
11/01/2014 02:47:03 p.m. Sumoneo Lobo
11/01/2014 02:47:03 p.m. Sumoneo Lobo
11/01/2014 02:47:03 p.m. Sumoneo Lobo
11/01/2014 02:47:18 p.m. Transporto a GIOSACA hacia Mapa34 X:37 Y:71
11/01/2014 02:47:18 p.m. Transporto a GIOSACA hacia Mapa34 X:37 Y:67
11/01/2014 02:47:18 p.m. Transporto a GIOSACA hacia Mapa34 X:35 Y:64
11/01/2014 02:47:19 p.m. Transporto a GIOSACA hacia Mapa34 X:33 Y:61
11/01/2014 02:47:19 p.m. Transporto a GIOSACA hacia Mapa34 X:35 Y:58
11/01/2014 02:47:39 p.m. Se conecto con ip:127.0.0.1
11/01/2014 02:47:43 p.m. Transporto a GIOSACA hacia Mapa34 X:33 Y:57
11/01/2014 02:47:44 p.m. Transporto a GIOSACA hacia Mapa34 X:34 Y:55
11/01/2014 02:47:44 p.m. Transporto a GIOSACA hacia Mapa34 X:34 Y:53
11/01/2014 02:51:46 p.m. Se conecto con ip:127.0.0.1
11/01/2014 02:51:50 p.m. Transporto a GIOSACA hacia Mapa34 X:33 Y:62
11/01/2014 02:51:51 p.m. Transporto a GIOSACA hacia Mapa34 X:32 Y:66
11/01/2014 02:51:51 p.m. Transporto a GIOSACA hacia Mapa34 X:28 Y:70
11/01/2014 02:51:51 p.m. Transporto a GIOSACA hacia Mapa34 X:24 Y:74
11/01/2014 02:51:52 p.m. Transporto a GIOSACA hacia Mapa34 X:27 Y:73
11/01/2014 02:52:10 p.m. Transporto a GIOSACA hacia Mapa34 X:36 Y:69
11/01/2014 02:52:10 p.m. Transporto a GIOSACA hacia Mapa34 X:41 Y:64
11/01/2014 02:52:10 p.m. Transporto a GIOSACA hacia Mapa34 X:46 Y:59
11/01/2014 02:54:25 p.m. Se conecto con ip:127.0.0.1
11/01/2014 02:54:30 p.m. Transporto a GIOSACA hacia Mapa34 X:37 Y:62
11/01/2014 02:54:30 p.m. Transporto a GIOSACA hacia Mapa34 X:33 Y:65
11/01/2014 02:56:27 p.m. Se conecto con ip:127.0.0.1
11/01/2014 02:57:14 p.m. /CI: 485
11/01/2014 02:57:14 p.m. Agarro:100 Objeto:Armadura Legendaria
11/01/2014 02:57:16 p.m. /CI: 130
11/01/2014 02:57:17 p.m. Agarro:100 Objeto:Escudo de Plata
11/01/2014 02:57:19 p.m. /CI: 700
11/01/2014 02:57:20 p.m. Agarro:100 Objeto:Anillo de los Dioses
11/01/2014 02:57:31 p.m. /CI: 476
11/01/2014 02:57:31 p.m. Agarro:100 Objeto:Galeón
11/01/2014 02:57:41 p.m. Tiro cantidad:100 Objeto:Espada de Plata
11/01/2014 02:57:45 p.m. Tiro cantidad:100 Objeto:Galeón
11/01/2014 02:57:48 p.m. Tiro cantidad:100 Objeto:Anillo de los Dioses
11/01/2014 02:57:52 p.m. Tiro cantidad:100 Objeto:Escudo de Plata
11/01/2014 02:57:53 p.m. Agarro:100 Objeto:Galeón
11/01/2014 02:57:54 p.m. Agarro:100 Objeto:Espada de Plata
11/01/2014 02:57:55 p.m. Agarro:100 Objeto:Escudo de Plata
11/01/2014 02:57:55 p.m. Agarro:100 Objeto:Anillo de los Dioses
11/01/2014 02:57:58 p.m. Transporto a GIOSACA hacia Mapa34 X:27 Y:73
11/01/2014 02:57:59 p.m. Transporto a GIOSACA hacia Mapa34 X:31 Y:72
11/01/2014 02:58:00 p.m. Transporto a GIOSACA hacia Mapa34 X:34 Y:71
11/01/2014 02:58:00 p.m. Transporto a GIOSACA hacia Mapa34 X:35 Y:70
11/01/2014 02:59:10 p.m. Transporto a GIOSACA hacia Mapa34 X:12 Y:56
11/01/2014 02:59:10 p.m. Transporto a GIOSACA hacia Mapa34 X:13 Y:60
11/01/2014 02:59:10 p.m. Transporto a GIOSACA hacia Mapa34 X:14 Y:64
11/01/2014 02:59:11 p.m. Transporto a GIOSACA hacia Mapa34 X:18 Y:68
11/01/2014 02:59:11 p.m. Transporto a GIOSACA hacia Mapa34 X:23 Y:72
11/01/2014 02:59:12 p.m. Transporto a GIOSACA hacia Mapa34 X:29 Y:73
11/01/2014 02:59:12 p.m. Transporto a GIOSACA hacia Mapa34 X:34 Y:73
11/01/2014 02:59:13 p.m. Transporto a GIOSACA hacia Mapa34 X:36 Y:76
11/01/2014 02:59:13 p.m. Transporto a GIOSACA hacia Mapa34 X:37 Y:80
11/01/2014 02:59:13 p.m. Transporto a GIOSACA hacia Mapa34 X:37 Y:84
11/01/2014 02:59:20 p.m. Agarro:2 Objeto:Piel Lobo
11/01/2014 02:59:21 p.m. Tiro cantidad:100 Objeto:Anillo de los Dioses
11/01/2014 02:59:22 p.m. Agarro:100 Objeto:Anillo de los Dioses
11/01/2014 02:59:36 p.m. /DEST
11/01/2014 02:59:37 p.m. Transporto a GIOSACA hacia Mapa34 X:34 Y:82
11/01/2014 02:59:37 p.m. Transporto a GIOSACA hacia Mapa34 X:33 Y:80
11/01/2014 02:59:37 p.m. Transporto a GIOSACA hacia Mapa34 X:31 Y:78
11/01/2014 02:59:38 p.m. Transporto a GIOSACA hacia Mapa34 X:29 Y:76
11/01/2014 02:59:38 p.m. Transporto a GIOSACA hacia Mapa34 X:28 Y:75
11/01/2014 02:59:38 p.m. Transporto a GIOSACA hacia Mapa34 X:27 Y:75
11/01/2014 02:59:38 p.m. Transporto a GIOSACA hacia Mapa34 X:25 Y:76
11/01/2014 02:59:39 p.m. Transporto a GIOSACA hacia Mapa34 X:22 Y:76
11/01/2014 02:59:39 p.m. Transporto a GIOSACA hacia Mapa34 X:19 Y:75
11/01/2014 02:59:39 p.m. Transporto a GIOSACA hacia Mapa34 X:17 Y:73
11/01/2014 02:59:40 p.m. Transporto a GIOSACA hacia Mapa34 X:14 Y:73
11/01/2014 03:00:45 p.m. Se conecto con ip:127.0.0.1
11/01/2014 03:00:55 p.m. /DEST
11/01/2014 03:00:57 p.m. /DEST
11/01/2014 03:01:18 p.m. /DEST
11/01/2014 03:01:20 p.m. /DEST
11/01/2014 03:01:21 p.m. /DEST
11/01/2014 03:01:24 p.m. /DEST
11/01/2014 03:01:25 p.m. /DEST
11/01/2014 03:01:27 p.m. /DEST
11/01/2014 03:01:30 p.m. /DEST
11/01/2014 03:01:34 p.m. Transporto a GiOSACA hacia Mapa34 X:32 Y:72
11/01/2014 03:01:38 p.m. /BLOQ
11/01/2014 03:01:41 p.m. Transporto a GiOSACA hacia Mapa34 X:32 Y:72
11/01/2014 03:01:42 p.m. /BLOQ
11/01/2014 03:01:45 p.m. Transporto a GiOSACA hacia Mapa34 X:31 Y:69
11/01/2014 03:01:47 p.m. /DEST
11/01/2014 03:01:48 p.m. Transporto a GiOSACA hacia Mapa34 X:34 Y:74
11/01/2014 03:01:50 p.m. /DEST
11/01/2014 03:01:52 p.m. /DEST
11/01/2014 03:01:53 p.m. /DEST
11/01/2014 03:01:58 p.m. Transporto a GiOSACA hacia Mapa34 X:34 Y:84
11/01/2014 03:02:00 p.m. /DEST
11/01/2014 03:02:02 p.m. Transporto a GiOSACA hacia Mapa34 X:34 Y:82
11/01/2014 03:02:02 p.m. Transporto a GiOSACA hacia Mapa34 X:32 Y:79
11/01/2014 03:02:03 p.m. Transporto a GiOSACA hacia Mapa34 X:28 Y:77
11/01/2014 03:02:03 p.m. Transporto a GiOSACA hacia Mapa34 X:24 Y:75
11/01/2014 03:03:42 p.m. Se conecto con ip:127.0.0.1
11/01/2014 03:10:03 p.m. Se conecto con ip:127.0.0.1
11/01/2014 03:12:54 p.m. Se conecto con ip:127.0.0.1
11/01/2014 10:52:57 p.m. Se conecto con ip:127.0.0.1
11/01/2014 10:53:06 p.m. Transporto a GiOSACA hacia Mapa34 X:25 Y:74
11/01/2014 10:53:06 p.m. Transporto a GiOSACA hacia Mapa34 X:20 Y:75
11/01/2014 10:53:07 p.m. Transporto a GiOSACA hacia Mapa34 X:19 Y:75
11/01/2014 10:53:22 p.m. Transporto a GiOSACA hacia Mapa34 X:22 Y:75
11/01/2014 10:53:23 p.m. Transporto a GiOSACA hacia Mapa34 X:24 Y:75
11/01/2014 10:53:23 p.m. Transporto a GiOSACA hacia Mapa34 X:27 Y:75
11/01/2014 10:53:23 p.m. Transporto a GiOSACA hacia Mapa34 X:30 Y:75
11/01/2014 10:53:23 p.m. Transporto a GiOSACA hacia Mapa34 X:34 Y:75
11/01/2014 10:53:24 p.m. Transporto a GiOSACA hacia Mapa34 X:27 Y:74
11/01/2014 10:53:24 p.m. Transporto a GiOSACA hacia Mapa34 X:22 Y:75
11/01/2014 10:53:25 p.m. Transporto a GiOSACA hacia Mapa34 X:19 Y:75
11/01/2014 10:53:26 p.m. Transporto a GiOSACA hacia Mapa34 X:17 Y:77
11/01/2014 10:53:26 p.m. Transporto a GiOSACA hacia Mapa34 X:20 Y:80
11/01/2014 10:53:27 p.m. Transporto a GiOSACA hacia Mapa34 X:19 Y:83
11/01/2014 10:53:27 p.m. Transporto a GiOSACA hacia Mapa34 X:22 Y:87
11/01/2014 10:53:28 p.m. Transporto a GiOSACA hacia Mapa34 X:20 Y:91
11/01/2014 10:53:28 p.m. Transporto a GiOSACA hacia Mapa34 X:16 Y:93
11/01/2014 10:53:29 p.m. Transporto a GiOSACA hacia Mapa34 X:13 Y:91
11/01/2014 10:53:29 p.m. Transporto a GiOSACA hacia Mapa34 X:14 Y:87
11/01/2014 10:53:29 p.m. Transporto a GiOSACA hacia Mapa34 X:19 Y:84
11/01/2014 10:53:29 p.m. Transporto a GiOSACA hacia Mapa34 X:25 Y:81
11/01/2014 10:53:30 p.m. Transporto a GiOSACA hacia Mapa34 X:29 Y:77
11/01/2014 10:53:30 p.m. Transporto a GiOSACA hacia Mapa34 X:31 Y:73
11/01/2014 10:53:30 p.m. Transporto a GiOSACA hacia Mapa34 X:30 Y:72
11/01/2014 10:53:30 p.m. Transporto a GiOSACA hacia Mapa34 X:27 Y:74
11/01/2014 10:53:31 p.m. Transporto a GiOSACA hacia Mapa34 X:23 Y:76
11/01/2014 10:53:31 p.m. Transporto a GiOSACA hacia Mapa34 X:20 Y:75
11/01/2014 10:53:32 p.m. Transporto a GiOSACA hacia Mapa34 X:19 Y:75
11/01/2014 10:54:11 p.m. GIOSACA ORO 9999999
11/01/2014 10:54:16 p.m. GIOSACA ORO 999999
11/01/2014 10:59:50 p.m. Se conecto con ip:127.0.0.1
11/01/2014 10:59:54 p.m. Transporto a GiOSACA hacia Mapa34 X:21 Y:75
11/01/2014 10:59:55 p.m. Transporto a GiOSACA hacia Mapa34 X:19 Y:75
11/01/2014 11:06:54 p.m. Se conecto con ip:127.0.0.1
11/01/2014 11:06:58 p.m. Transporto a GiOSACA hacia Mapa34 X:20 Y:75
11/01/2014 11:06:59 p.m. Transporto a GiOSACA hacia Mapa34 X:19 Y:75
11/01/2014 11:07:29 p.m. /CI: 493
11/01/2014 11:07:29 p.m. Agarro:100 Objeto:Armadura de Placas Rojas (H/E/EO-M)
11/01/2014 11:12:54 p.m. Se conecto con ip:127.0.0.1
11/01/2014 11:33:23 p.m. Se conecto con ip:127.0.0.1
12/01/2014 12:04:55 a.m. Se conecto con ip:127.0.0.1
12/01/2014 12:16:35 a.m. Se conecto con ip:127.0.0.1
12/01/2014 12:16:52 a.m. Tiro cantidad:123 Objeto:Monedas de Oro
12/01/2014 12:16:53 a.m. Transporto a GiOSACA hacia Mapa34 X:18 Y:74
12/01/2014 12:16:54 a.m. Agarro:123 Objeto:Monedas de Oro
12/01/2014 12:17:06 a.m. Tiro cantidad:100 Objeto:Armadura de Placas Rojas (H/E/EO-M)
12/01/2014 12:17:08 a.m. /DEST
12/01/2014 12:17:20 a.m. Transporto a GiOSACA hacia Mapa34 X:19 Y:75
12/01/2014 12:45:28 a.m. Se conecto con ip:127.0.0.1
12/01/2014 12:46:14 a.m. Sumoneo Murcielago
12/01/2014 12:46:41 a.m. Tiro cantidad:1 Objeto:Espada de Plata
12/01/2014 12:46:44 a.m. /DEST
12/01/2014 12:50:01 a.m. Se conecto con ip:127.0.0.1
12/01/2014 12:58:20 a.m. Se conecto con ip:127.0.0.1
12/01/2014 01:05:10 a.m. Se conecto con ip:127.0.0.1
12/01/2014 01:21:19 a.m. Se conecto con ip:127.0.0.1
12/01/2014 01:21:23 a.m. Transporto a GiOSACA hacia Mapa34 X:22 Y:77
12/01/2014 01:21:25 a.m. Transporto a GiOSACA hacia Mapa34 X:24 Y:74
12/01/2014 01:21:28 a.m. Transporto a GiOSACA hacia Mapa34 X:23 Y:78
12/01/2014 01:21:30 a.m. Transporto a GiOSACA hacia Mapa34 X:24 Y:75
12/01/2014 01:21:35 a.m. Transporto a GiOSACA hacia Mapa111 X:50 Y:50
12/01/2014 01:21:59 a.m. /CI: 474
12/01/2014 01:22:00 a.m. Agarro:100 Objeto:Barca
12/01/2014 01:22:30 a.m. Tiro cantidad:100 Objeto:Barca
12/01/2014 01:22:32 a.m. /DEST
12/01/2014 01:22:35 a.m. Transporto a GiOSACA hacia Mapa34 X:50 Y:50
12/01/2014 01:22:36 a.m. Transporto a GiOSACA hacia Mapa34 X:46 Y:51
12/01/2014 01:22:36 a.m. Transporto a GiOSACA hacia Mapa34 X:41 Y:54
12/01/2014 01:22:36 a.m. Transporto a GiOSACA hacia Mapa34 X:36 Y:58
12/01/2014 01:22:36 a.m. Transporto a GiOSACA hacia Mapa34 X:31 Y:62
12/01/2014 01:22:37 a.m. Transporto a GiOSACA hacia Mapa34 X:26 Y:68
12/01/2014 01:22:37 a.m. Transporto a GiOSACA hacia Mapa34 X:24 Y:73
12/01/2014 01:22:38 a.m. Transporto a GiOSACA hacia Mapa34 X:20 Y:74
12/01/2014 01:22:39 a.m. Transporto a GiOSACA hacia Mapa34 X:19 Y:75
12/01/2014 01:36:35 a.m. Se conecto con ip:127.0.0.1
12/01/2014 01:36:38 a.m. Transporto a GiOSACA hacia Mapa34 X:21 Y:75
12/01/2014 01:52:06 a.m. Se conecto con ip:127.0.0.1
12/01/2014 01:55:14 a.m. Se conecto con ip:127.0.0.1
12/01/2014 02:07:53 a.m. Se conecto con ip:127.0.0.1
12/01/2014 02:07:56 a.m. Transporto a GiOSACA hacia Mapa34 X:21 Y:75
12/01/2014 02:07:56 a.m. Transporto a GiOSACA hacia Mapa34 X:20 Y:75
12/01/2014 02:07:57 a.m. Transporto a GiOSACA hacia Mapa34 X:19 Y:75
12/01/2014 08:55:32 p.m. Se conecto con ip:127.0.0.1
12/01/2014 11:11:30 p.m. Se conecto con ip:127.0.0.1
12/01/2014 11:11:33 p.m. Transporto a GiOSACA hacia Mapa34 X:21 Y:75
12/01/2014 11:11:33 p.m. Transporto a GiOSACA hacia Mapa34 X:24 Y:75
12/01/2014 11:11:34 p.m. Transporto a GiOSACA hacia Mapa34 X:29 Y:75
12/01/2014 11:11:34 p.m. Transporto a GiOSACA hacia Mapa34 X:36 Y:75
12/01/2014 11:11:35 p.m. Transporto a GiOSACA hacia Mapa34 X:32 Y:75
12/01/2014 11:11:35 p.m. Transporto a GiOSACA hacia Mapa34 X:29 Y:75
12/01/2014 11:11:36 p.m. Transporto a GiOSACA hacia Mapa34 X:26 Y:75
12/01/2014 11:11:36 p.m. Transporto a GiOSACA hacia Mapa34 X:23 Y:75
12/01/2014 11:11:37 p.m. Transporto a GiOSACA hacia Mapa34 X:20 Y:75
12/01/2014 11:11:38 p.m. Transporto a GiOSACA hacia Mapa34 X:19 Y:75
12/01/2014 11:11:38 p.m. Transporto a GiOSACA hacia Mapa34 X:19 Y:73
12/01/2014 11:11:40 p.m. Transporto a GiOSACA hacia Mapa34 X:12 Y:73
12/01/2014 11:11:41 p.m. Transporto a GiOSACA hacia Mapa34 X:9 Y:73
12/01/2014 11:11:42 p.m. Transporto a GiOSACA hacia Mapa34 X:17 Y:73
12/01/2014 11:11:42 p.m. Transporto a GiOSACA hacia Mapa34 X:25 Y:73
12/01/2014 11:11:43 p.m. Transporto a GiOSACA hacia Mapa34 X:33 Y:73
12/01/2014 11:11:43 p.m. Transporto a GiOSACA hacia Mapa34 X:30 Y:74
12/01/2014 11:11:44 p.m. Transporto a GiOSACA hacia Mapa34 X:26 Y:74
12/01/2014 11:11:44 p.m. Transporto a GiOSACA hacia Mapa34 X:22 Y:74
12/01/2014 11:11:45 p.m. Transporto a GiOSACA hacia Mapa34 X:19 Y:75
12/01/2014 11:12:08 p.m. Transporto a GiOSACA hacia Mapa34 X:21 Y:74
12/01/2014 11:12:22 p.m. Transporto a GiOSACA hacia Mapa34 X:22 Y:75
12/01/2014 11:12:23 p.m. Transporto a GiOSACA hacia Mapa34 X:28 Y:75
12/01/2014 11:12:24 p.m. Transporto a GiOSACA hacia Mapa34 X:30 Y:75
12/01/2014 11:12:24 p.m. Transporto a GiOSACA hacia Mapa34 X:32 Y:75
12/01/2014 11:12:24 p.m. Transporto a GiOSACA hacia Mapa34 X:26 Y:75
12/01/2014 11:12:25 p.m. Transporto a GiOSACA hacia Mapa34 X:21 Y:75
12/01/2014 11:12:26 p.m. Transporto a GiOSACA hacia Mapa34 X:19 Y:75
12/01/2014 11:12:27 p.m. Transporto a GiOSACA hacia Mapa34 X:19 Y:73
12/01/2014 11:12:28 p.m. Transporto a GiOSACA hacia Mapa34 X:16 Y:72
12/01/2014 11:12:29 p.m. Transporto a GiOSACA hacia Mapa34 X:13 Y:72
12/01/2014 11:12:29 p.m. Transporto a GiOSACA hacia Mapa34 X:10 Y:73
12/01/2014 11:12:30 p.m. Transporto a GiOSACA hacia Mapa34 X:15 Y:73
12/01/2014 11:12:31 p.m. Transporto a GiOSACA hacia Mapa34 X:19 Y:73
13/01/2014 12:14:44 a.m. Se conecto con ip:127.0.0.1
13/01/2014 12:14:46 a.m. Transporto a GiOSACA hacia Mapa34 X:21 Y:72
13/01/2014 12:15:07 a.m. Transporto a GiOSACA hacia Mapa34 X:19 Y:74
13/01/2014 12:15:07 a.m. Transporto a GiOSACA hacia Mapa34 X:17 Y:75
13/01/2014 12:15:07 a.m. Transporto a GiOSACA hacia Mapa34 X:11 Y:74
13/01/2014 12:15:08 a.m. Transporto a GiOSACA hacia Mapa34 X:13 Y:73
13/01/2014 12:15:08 a.m. Transporto a GiOSACA hacia Mapa34 X:21 Y:74
13/01/2014 12:15:08 a.m. Transporto a GiOSACA hacia Mapa34 X:26 Y:78
13/01/2014 12:15:08 a.m. Transporto a GiOSACA hacia Mapa34 X:25 Y:83
13/01/2014 12:15:09 a.m. Transporto a GiOSACA hacia Mapa34 X:28 Y:84
13/01/2014 12:15:09 a.m. Transporto a GiOSACA hacia Mapa34 X:34 Y:84
13/01/2014 12:15:09 a.m. Transporto a GiOSACA hacia Mapa34 X:36 Y:84
13/01/2014 12:16:11 a.m. Transporto a GiOSACA hacia Mapa34 X:33 Y:86
13/01/2014 12:16:12 a.m. Transporto a GiOSACA hacia Mapa34 X:29 Y:86
13/01/2014 12:16:12 a.m. Transporto a GiOSACA hacia Mapa34 X:23 Y:85
13/01/2014 12:16:12 a.m. Transporto a GiOSACA hacia Mapa34 X:18 Y:82
13/01/2014 12:16:13 a.m. Transporto a GiOSACA hacia Mapa34 X:21 Y:80
13/01/2014 12:16:13 a.m. Transporto a GiOSACA hacia Mapa34 X:26 Y:77
13/01/2014 12:16:14 a.m. Transporto a GiOSACA hacia Mapa34 X:24 Y:75
13/01/2014 12:16:14 a.m. Transporto a GiOSACA hacia Mapa34 X:21 Y:75
13/01/2014 12:16:15 a.m. Transporto a GiOSACA hacia Mapa34 X:18 Y:74
13/01/2014 12:16:16 a.m. Transporto a GiOSACA hacia Mapa34 X:19 Y:75
13/01/2014 12:21:42 a.m. Se conecto con ip:127.0.0.1
13/01/2014 12:27:12 a.m. Se conecto con ip:127.0.0.1
13/01/2014 12:32:58 a.m. Se conecto con ip:127.0.0.1
13/01/2014 12:33:02 a.m. /CI: 130
13/01/2014 12:33:05 a.m. /DEST
13/01/2014 12:33:09 a.m. /BLOQ
13/01/2014 12:33:13 a.m. Transporto a GiOSACA hacia Mapa34 X:21 Y:75
13/01/2014 12:33:14 a.m. Transporto a GiOSACA hacia Mapa34 X:20 Y:75
13/01/2014 12:33:14 a.m. /BLOQ
13/01/2014 12:53:35 a.m. Se conecto con ip:127.0.0.1
13/01/2014 12:53:53 a.m. Tiro cantidad:1 Objeto:Espada de Plata
13/01/2014 12:53:55 a.m. Agarro:1 Objeto:Espada de Plata
13/01/2014 12:54:30 a.m. Tiro cantidad:100 Objeto:Espada de Plata
13/01/2014 12:54:33 a.m. Transporto a GiOSACA hacia Mapa34 X:27 Y:75
13/01/2014 12:54:33 a.m. Agarro:100 Objeto:Espada de Plata
13/01/2014 12:54:40 a.m. Tiro cantidad:100 Objeto:Espada de Plata
13/01/2014 12:54:46 a.m. Tiro cantidad:1 Objeto:Armadura Legendaria
13/01/2014 12:54:49 a.m. Agarro:1 Objeto:Armadura Legendaria
13/01/2014 12:54:51 a.m. Agarro:100 Objeto:Espada de Plata
13/01/2014 12:55:03 a.m. Transporto a GiOSACA hacia Mapa34 X:23 Y:74
13/01/2014 12:55:04 a.m. Transporto a GiOSACA hacia Mapa34 X:19 Y:75
13/01/2014 12:55:09 a.m. Tiro cantidad:1 Objeto:Espada de Plata
13/01/2014 12:55:13 a.m. Tiro cantidad:1 Objeto:Espada de Plata
13/01/2014 12:55:16 a.m. Tiro cantidad:1 Objeto:Espada de Plata
13/01/2014 12:55:18 a.m. Transporto a GiOSACA hacia Mapa34 X:19 Y:73
13/01/2014 12:55:19 a.m. Agarro:1 Objeto:Espada de Plata
13/01/2014 12:55:19 a.m. Transporto a GiOSACA hacia Mapa34 X:22 Y:74
13/01/2014 12:55:20 a.m. Agarro:1 Objeto:Espada de Plata
13/01/2014 12:55:20 a.m. Transporto a GiOSACA hacia Mapa34 X:25 Y:73
13/01/2014 12:55:22 a.m. Transporto a GiOSACA hacia Mapa34 X:26 Y:73
13/01/2014 12:55:22 a.m. Agarro:1 Objeto:Espada de Plata
13/01/2014 12:56:43 a.m. Se conecto con ip:127.0.0.1
13/01/2014 12:57:06 a.m. /CI: 433
13/01/2014 12:57:08 a.m. /DEST
13/01/2014 12:57:13 a.m. /CI: 593
13/01/2014 12:57:16 a.m. /CI: 123
13/01/2014 12:57:18 a.m. /DEST
13/01/2014 12:57:19 a.m. Agarro:100 Objeto:Espada Vikinga
13/01/2014 12:57:23 a.m. /CI: 122
13/01/2014 12:57:25 a.m. /DEST
13/01/2014 12:57:27 a.m. /CI: 54
13/01/2014 12:57:28 a.m. Agarro:100 Objeto:Llave Ullathorpe Casa Nro 1
13/01/2014 12:57:38 a.m. Tiro cantidad:100 Objeto:Espada Vikinga
13/01/2014 12:57:40 a.m. /DEST
13/01/2014 12:57:46 a.m. Tiro cantidad:1 Objeto:Armadura Legendaria
13/01/2014 12:57:48 a.m. Agarro:1 Objeto:Armadura Legendaria
13/01/2014 12:50:23 p.m. Se conecto con ip:127.0.0.1
13/01/2014 12:52:25 p.m. Se conecto con ip:127.0.0.1
13/01/2014 12:52:39 p.m. Tiro cantidad:1 Objeto:Espada de Plata
13/01/2014 12:52:42 p.m. Agarro:1 Objeto:Espada de Plata
13/01/2014 12:52:50 p.m. Tiro cantidad:1 Objeto:Espada de Plata
13/01/2014 12:52:53 p.m. Tiro cantidad:1 Objeto:Espada de Plata
13/01/2014 12:52:54 p.m. Transporto a GiOSACA hacia Mapa34 X:30 Y:71
13/01/2014 12:52:55 p.m. Agarro:1 Objeto:Espada de Plata
13/01/2014 12:52:55 p.m. Transporto a GiOSACA hacia Mapa34 X:32 Y:67
13/01/2014 12:52:56 p.m. Agarro:1 Objeto:Espada de Plata
13/01/2014 12:52:56 p.m. Transporto a GiOSACA hacia Mapa34 X:28 Y:71
13/01/2014 12:52:57 p.m. Transporto a GiOSACA hacia Mapa34 X:26 Y:73
13/01/2014 01:35:21 p.m. Se conecto con ip:127.0.0.1
13/01/2014 01:58:37 p.m. Se conecto con ip:127.0.0.1
13/01/2014 01:58:51 p.m. /CI: 130
13/01/2014 01:58:53 p.m. /DEST
13/01/2014 06:32:57 p.m. Se conecto con ip:127.0.0.1
13/01/2014 06:35:29 p.m. Se conecto con ip:127.0.0.1
13/01/2014 06:36:48 p.m. Se conecto con ip:127.0.0.1
13/01/2014 06:58:39 p.m. Se conecto con ip:127.0.0.1
13/01/2014 07:00:48 p.m. Se conecto con ip:127.0.0.1
13/01/2014 07:02:47 p.m. Se conecto con ip:127.0.0.1
13/01/2014 11:19:51 p.m. Se conecto con ip:127.0.0.1
13/01/2014 11:19:55 p.m. Transporto a GiOSACA hacia Mapa34 X:21 Y:74
13/01/2014 11:19:56 p.m. Transporto a GiOSACA hacia Mapa34 X:18 Y:76
13/01/2014 11:19:57 p.m. Transporto a GiOSACA hacia Mapa34 X:19 Y:75
18/01/2014 10:24:53 a.m. Se conecto con ip:127.0.0.1
18/01/2014 07:25:49 p.m. Se conecto con ip:127.0.0.1
18/01/2014 07:25:52 p.m. Transporto a GiOSACA hacia Mapa34 X:21 Y:73
18/01/2014 07:26:21 p.m. /CI: 130
18/01/2014 07:26:23 p.m. /DEST
18/01/2014 07:34:03 p.m. Se conecto con ip:127.0.0.1
18/01/2014 07:34:06 p.m. Transporto a GiOSACA hacia Mapa34 X:22 Y:75
18/01/2014 07:34:07 p.m. Transporto a GiOSACA hacia Mapa34 X:19 Y:75
18/01/2014 07:39:49 p.m. Se conecto con ip:127.0.0.1
18/01/2014 07:39:52 p.m. Transporto a GiOSACA hacia Mapa34 X:22 Y:75
18/01/2014 07:39:53 p.m. Transporto a GiOSACA hacia Mapa34 X:20 Y:75
18/01/2014 07:39:54 p.m. Transporto a GiOSACA hacia Mapa34 X:19 Y:75
18/01/2014 07:41:12 p.m. Se conecto con ip:127.0.0.1
18/01/2014 07:41:16 p.m. /CI: 130
18/01/2014 07:41:18 p.m. /DEST
18/01/2014 07:41:21 p.m. Tiro cantidad:1 Objeto:Galeón
18/01/2014 07:41:23 p.m. Agarro:1 Objeto:Galeón
18/01/2014 07:49:06 p.m. Se conecto con ip:127.0.0.1
18/01/2014 07:49:11 p.m. Transporto a GiOSACA hacia Mapa34 X:21 Y:75
18/01/2014 07:49:11 p.m. Transporto a GiOSACA hacia Mapa34 X:20 Y:75
18/01/2014 07:49:12 p.m. Transporto a GiOSACA hacia Mapa34 X:19 Y:75
18/01/2014 08:39:19 p.m. Se conecto con ip:127.0.0.1
18/01/2014 08:39:32 p.m. Transporto a GIOSACA hacia Mapa59 X:52 Y:46
18/01/2014 08:39:34 p.m. /CI: 130
18/01/2014 08:39:36 p.m. /DEST
18/01/2014 08:39:38 p.m. GIOSACA EXP 1
18/01/2014 08:39:43 p.m. GIOSACA EXP 0
18/01/2014 08:39:47 p.m. Tiro cantidad:1 Objeto:Vestimentas Comunes (Newbie)
18/01/2014 08:39:49 p.m. /DEST
18/01/2014 08:39:50 p.m. Tiro cantidad:1 Objeto:Daga (Newbie)
18/01/2014 08:39:51 p.m. /DEST
18/01/2014 08:39:53 p.m. Tiro cantidad:99 Objeto:Manzana Roja (Newbie)
18/01/2014 08:39:54 p.m. /DEST
18/01/2014 08:39:56 p.m. Tiro cantidad:99 Objeto:Botella de Agua (Newbie)
18/01/2014 08:39:57 p.m. /DEST
18/01/2014 08:41:02 p.m. Se conecto con ip:127.0.0.1
18/01/2014 08:41:04 p.m. Transporto a GIOSACA hacia Mapa59 X:51 Y:42
18/01/2014 08:41:05 p.m. Transporto a GIOSACA hacia Mapa59 X:54 Y:41
18/01/2014 08:41:05 p.m. Transporto a GIOSACA hacia Mapa59 X:54 Y:44
18/01/2014 08:41:06 p.m. Transporto a GIOSACA hacia Mapa59 X:50 Y:45
18/01/2014 08:41:06 p.m. Transporto a GIOSACA hacia Mapa59 X:46 Y:44
18/01/2014 08:41:06 p.m. Transporto a GIOSACA hacia Mapa59 X:47 Y:41
18/01/2014 08:41:06 p.m. Transporto a GIOSACA hacia Mapa59 X:51 Y:42
18/01/2014 08:41:06 p.m. Transporto a GIOSACA hacia Mapa59 X:53 Y:45
18/01/2014 08:41:07 p.m. Transporto a GIOSACA hacia Mapa59 X:50 Y:44
18/01/2014 08:41:07 p.m. Transporto a GIOSACA hacia Mapa59 X:50 Y:41
18/01/2014 08:41:07 p.m. Transporto a GIOSACA hacia Mapa59 X:54 Y:40
18/01/2014 08:41:07 p.m. Transporto a GIOSACA hacia Mapa59 X:56 Y:42
18/01/2014 08:41:08 p.m. Transporto a GIOSACA hacia Mapa59 X:55 Y:44
18/01/2014 08:41:08 p.m. Transporto a GIOSACA hacia Mapa59 X:53 Y:46
18/01/2014 08:41:15 p.m. Tiro cantidad:1 Objeto:Espada de Plata
18/01/2014 08:41:16 p.m. /DEST
18/01/2014 09:59:20 p.m. Se conecto con ip:127.0.0.1
18/01/2014 09:59:22 p.m. Transporto a GIOSACA hacia Mapa59 X:50 Y:46
18/01/2014 10:11:31 p.m. Se conecto con ip:127.0.0.1
18/01/2014 10:11:34 p.m. Transporto a GIOSACA hacia Mapa59 X:51 Y:47
18/01/2014 10:11:34 p.m. Transporto a GIOSACA hacia Mapa59 X:51 Y:44
18/01/2014 10:11:35 p.m. Transporto a GIOSACA hacia Mapa59 X:48 Y:40
18/01/2014 10:11:35 p.m. Transporto a GIOSACA hacia Mapa59 X:48 Y:38
18/01/2014 10:11:35 p.m. Transporto a GIOSACA hacia Mapa59 X:52 Y:40
18/01/2014 10:11:35 p.m. Transporto a GIOSACA hacia Mapa59 X:54 Y:43
18/01/2014 10:11:36 p.m. Transporto a GIOSACA hacia Mapa59 X:54 Y:47
18/01/2014 10:11:36 p.m. Transporto a GIOSACA hacia Mapa59 X:51 Y:45
18/01/2014 10:11:36 p.m. Transporto a GIOSACA hacia Mapa59 X:51 Y:43
18/01/2014 10:11:36 p.m. Transporto a GIOSACA hacia Mapa59 X:53 Y:42
18/01/2014 10:11:36 p.m. Transporto a GIOSACA hacia Mapa59 X:54 Y:42
18/01/2014 10:11:36 p.m. Transporto a GIOSACA hacia Mapa59 X:53 Y:42
18/01/2014 10:11:37 p.m. Transporto a GIOSACA hacia Mapa59 X:51 Y:40
18/01/2014 10:11:37 p.m. Transporto a GIOSACA hacia Mapa59 X:49 Y:39
18/01/2014 10:11:37 p.m. Transporto a GIOSACA hacia Mapa59 X:47 Y:39
18/01/2014 10:11:37 p.m. Transporto a GIOSACA hacia Mapa59 X:46 Y:39
18/01/2014 10:11:38 p.m. Transporto a GIOSACA hacia Mapa59 X:47 Y:41
18/01/2014 10:11:38 p.m. Transporto a GIOSACA hacia Mapa59 X:51 Y:44
18/01/2014 10:11:38 p.m. Transporto a GIOSACA hacia Mapa59 X:56 Y:47
18/01/2014 10:11:38 p.m. Transporto a GIOSACA hacia Mapa59 X:59 Y:50
18/01/2014 10:11:38 p.m. Transporto a GIOSACA hacia Mapa59 X:56 Y:49
18/01/2014 10:11:39 p.m. Transporto a GIOSACA hacia Mapa59 X:53 Y:47
18/01/2014 10:11:39 p.m. Transporto a GIOSACA hacia Mapa59 X:51 Y:44
18/01/2014 10:11:39 p.m. Transporto a GIOSACA hacia Mapa59 X:53 Y:41
18/01/2014 10:12:06 p.m. Tiro cantidad:123 Objeto:Monedas de Oro
18/01/2014 10:12:07 p.m. Agarro:123 Objeto:Monedas de Oro
18/01/2014 10:12:11 p.m. Transporto a GIOSACA hacia Mapa59 X:52 Y:43
18/01/2014 10:12:11 p.m. Transporto a GIOSACA hacia Mapa59 X:49 Y:45
18/01/2014 10:12:11 p.m. Transporto a GIOSACA hacia Mapa59 X:46 Y:45
18/01/2014 10:12:11 p.m. Transporto a GIOSACA hacia Mapa59 X:44 Y:47
18/01/2014 10:12:11 p.m. Transporto a GIOSACA hacia Mapa59 X:42 Y:51
18/01/2014 10:12:12 p.m. Transporto a GIOSACA hacia Mapa59 X:42 Y:56
18/01/2014 10:12:12 p.m. Transporto a GIOSACA hacia Mapa59 X:43 Y:60
18/01/2014 10:12:12 p.m. Transporto a GIOSACA hacia Mapa59 X:44 Y:64
18/01/2014 10:12:12 p.m. Transporto a GIOSACA hacia Mapa59 X:44 Y:69
18/01/2014 10:12:13 p.m. Transporto a GIOSACA hacia Mapa59 X:44 Y:71
18/01/2014 10:12:13 p.m. Transporto a GIOSACA hacia Mapa59 X:43 Y:69
18/01/2014 10:12:13 p.m. Transporto a GIOSACA hacia Mapa59 X:42 Y:67
18/01/2014 10:12:13 p.m. Transporto a GIOSACA hacia Mapa59 X:42 Y:65
18/01/2014 10:12:13 p.m. Transporto a GIOSACA hacia Mapa59 X:42 Y:63
18/01/2014 10:12:13 p.m. Transporto a GIOSACA hacia Mapa59 X:42 Y:61
18/01/2014 10:12:13 p.m. Transporto a GIOSACA hacia Mapa59 X:42 Y:59
18/01/2014 10:12:14 p.m. Transporto a GIOSACA hacia Mapa59 X:42 Y:57
18/01/2014 10:12:14 p.m. Transporto a GIOSACA hacia Mapa59 X:42 Y:55
18/01/2014 10:12:14 p.m. Transporto a GIOSACA hacia Mapa59 X:42 Y:55
18/01/2014 10:12:15 p.m. Transporto a GIOSACA hacia Mapa59 X:43 Y:53
18/01/2014 10:12:15 p.m. Transporto a GIOSACA hacia Mapa59 X:44 Y:53
18/01/2014 10:12:16 p.m. Transporto a GIOSACA hacia Mapa59 X:45 Y:55
18/01/2014 10:12:16 p.m. Transporto a GIOSACA hacia Mapa59 X:46 Y:57
18/01/2014 10:12:16 p.m. Transporto a GIOSACA hacia Mapa59 X:44 Y:59
18/01/2014 10:12:16 p.m. Transporto a GIOSACA hacia Mapa59 X:42 Y:59
18/01/2014 10:12:16 p.m. Transporto a GIOSACA hacia Mapa59 X:40 Y:58
18/01/2014 10:12:16 p.m. Transporto a GIOSACA hacia Mapa59 X:39 Y:57
18/01/2014 10:12:16 p.m. Transporto a GIOSACA hacia Mapa59 X:39 Y:56
18/01/2014 10:12:16 p.m. Transporto a GIOSACA hacia Mapa59 X:39 Y:55
18/01/2014 10:12:16 p.m. Transporto a GIOSACA hacia Mapa59 X:39 Y:54
18/01/2014 10:12:17 p.m. Transporto a GIOSACA hacia Mapa59 X:39 Y:53
18/01/2014 10:12:17 p.m. Transporto a GIOSACA hacia Mapa59 X:39 Y:53
18/01/2014 10:12:17 p.m. Transporto a GIOSACA hacia Mapa59 X:39 Y:52
18/01/2014 10:12:17 p.m. Transporto a GIOSACA hacia Mapa59 X:39 Y:52
18/01/2014 10:12:17 p.m. Transporto a GIOSACA hacia Mapa59 X:40 Y:51
18/01/2014 10:12:17 p.m. Transporto a GIOSACA hacia Mapa59 X:40 Y:51
18/01/2014 10:12:17 p.m. Transporto a GIOSACA hacia Mapa59 X:41 Y:50
18/01/2014 10:12:17 p.m. Transporto a GIOSACA hacia Mapa59 X:41 Y:50
18/01/2014 10:12:17 p.m. Transporto a GIOSACA hacia Mapa59 X:43 Y:50
18/01/2014 10:12:18 p.m. Transporto a GIOSACA hacia Mapa59 X:43 Y:50
18/01/2014 10:12:18 p.m. Transporto a GIOSACA hacia Mapa59 X:44 Y:50
18/01/2014 10:12:18 p.m. Transporto a GIOSACA hacia Mapa59 X:45 Y:50
18/01/2014 10:12:18 p.m. Transporto a GIOSACA hacia Mapa59 X:46 Y:50
18/01/2014 10:12:18 p.m. Transporto a GIOSACA hacia Mapa59 X:46 Y:50
18/01/2014 10:12:18 p.m. Transporto a GIOSACA hacia Mapa59 X:46 Y:50
18/01/2014 10:12:18 p.m. Transporto a GIOSACA hacia Mapa59 X:46 Y:50
18/01/2014 10:12:18 p.m. Transporto a GIOSACA hacia Mapa59 X:46 Y:50
18/01/2014 10:12:18 p.m. Transporto a GIOSACA hacia Mapa59 X:45 Y:50
18/01/2014 10:12:18 p.m. Transporto a GIOSACA hacia Mapa59 X:45 Y:50
18/01/2014 10:12:19 p.m. Transporto a GIOSACA hacia Mapa59 X:44 Y:50
18/01/2014 10:12:19 p.m. Transporto a GIOSACA hacia Mapa59 X:44 Y:50
18/01/2014 10:12:19 p.m. Transporto a GIOSACA hacia Mapa59 X:43 Y:50
18/01/2014 10:12:19 p.m. Transporto a GIOSACA hacia Mapa59 X:42 Y:50
18/01/2014 10:12:19 p.m. Transporto a GIOSACA hacia Mapa59 X:41 Y:50
18/01/2014 10:12:19 p.m. Transporto a GIOSACA hacia Mapa59 X:41 Y:50
18/01/2014 10:12:19 p.m. Transporto a GIOSACA hacia Mapa59 X:41 Y:50
18/01/2014 10:12:19 p.m. Transporto a GIOSACA hacia Mapa59 X:41 Y:50
18/01/2014 10:12:20 p.m. Transporto a GIOSACA hacia Mapa59 X:41 Y:50
18/01/2014 10:12:20 p.m. Transporto a GIOSACA hacia Mapa59 X:41 Y:50
18/01/2014 10:12:20 p.m. Transporto a GIOSACA hacia Mapa59 X:41 Y:50
18/01/2014 10:12:20 p.m. Transporto a GIOSACA hacia Mapa59 X:41 Y:50
18/01/2014 10:12:20 p.m. Transporto a GIOSACA hacia Mapa59 X:42 Y:50
18/01/2014 10:12:20 p.m. Transporto a GIOSACA hacia Mapa59 X:43 Y:50
18/01/2014 10:12:20 p.m. Transporto a GIOSACA hacia Mapa59 X:44 Y:50
18/01/2014 10:12:20 p.m. Transporto a GIOSACA hacia Mapa59 X:45 Y:50
18/01/2014 10:12:20 p.m. Transporto a GIOSACA hacia Mapa59 X:46 Y:50
18/01/2014 10:12:21 p.m. Transporto a GIOSACA hacia Mapa59 X:46 Y:50
18/01/2014 10:12:21 p.m. Transporto a GIOSACA hacia Mapa59 X:46 Y:50
18/01/2014 10:12:21 p.m. Transporto a GIOSACA hacia Mapa59 X:45 Y:50
18/01/2014 10:12:21 p.m. Transporto a GIOSACA hacia Mapa59 X:44 Y:50
18/01/2014 10:12:21 p.m. Transporto a GIOSACA hacia Mapa59 X:43 Y:50
18/01/2014 10:12:21 p.m. Transporto a GIOSACA hacia Mapa59 X:43 Y:50
18/01/2014 10:12:21 p.m. Transporto a GIOSACA hacia Mapa59 X:42 Y:50
18/01/2014 10:14:18 p.m. Se conecto con ip:127.0.0.1
18/01/2014 10:15:29 p.m. Se conecto con ip:127.0.0.1
18/01/2014 10:15:34 p.m. Transporto a GIOSACA hacia Mapa59 X:44 Y:51
18/01/2014 10:15:34 p.m. Transporto a GIOSACA hacia Mapa59 X:44 Y:49
18/01/2014 10:15:34 p.m. Transporto a GIOSACA hacia Mapa59 X:45 Y:47
18/01/2014 10:15:34 p.m. Transporto a GIOSACA hacia Mapa59 X:48 Y:46
18/01/2014 10:15:35 p.m. Transporto a GIOSACA hacia Mapa59 X:53 Y:45
18/01/2014 10:15:35 p.m. Transporto a GIOSACA hacia Mapa59 X:58 Y:43
18/01/2014 10:15:35 p.m. Transporto a GIOSACA hacia Mapa59 X:60 Y:40
18/01/2014 10:15:35 p.m. Transporto a GIOSACA hacia Mapa59 X:60 Y:37
18/01/2014 10:15:35 p.m. Transporto a GIOSACA hacia Mapa59 X:59 Y:34
18/01/2014 10:15:36 p.m. Transporto a GIOSACA hacia Mapa59 X:56 Y:32
18/01/2014 10:15:36 p.m. Transporto a GIOSACA hacia Mapa59 X:52 Y:33
18/01/2014 10:15:36 p.m. Transporto a GIOSACA hacia Mapa59 X:49 Y:35
18/01/2014 10:15:36 p.m. Transporto a GIOSACA hacia Mapa59 X:48 Y:38
18/01/2014 10:15:37 p.m. Transporto a GIOSACA hacia Mapa59 X:48 Y:42
18/01/2014 10:15:37 p.m. Transporto a GIOSACA hacia Mapa59 X:49 Y:46
18/01/2014 10:15:37 p.m. Transporto a GIOSACA hacia Mapa59 X:51 Y:50
18/01/2014 10:15:37 p.m. Transporto a GIOSACA hacia Mapa59 X:52 Y:55
18/01/2014 10:15:37 p.m. Transporto a GIOSACA hacia Mapa59 X:48 Y:59
18/01/2014 10:15:38 p.m. Transporto a GIOSACA hacia Mapa59 X:42 Y:62
18/01/2014 10:15:38 p.m. Transporto a GIOSACA hacia Mapa59 X:40 Y:65
18/01/2014 10:15:38 p.m. Transporto a GIOSACA hacia Mapa59 X:47 Y:64
18/01/2014 10:15:39 p.m. Transporto a GIOSACA hacia Mapa59 X:53 Y:64
18/01/2014 10:15:40 p.m. Transporto a GIOSACA hacia Mapa59 X:48 Y:60
18/01/2014 10:15:41 p.m. Transporto a GIOSACA hacia Mapa59 X:42 Y:58
18/01/2014 10:15:41 p.m. Transporto a GIOSACA hacia Mapa59 X:42 Y:55
18/01/2014 10:15:42 p.m. Transporto a GIOSACA hacia Mapa59 X:36 Y:56
18/01/2014 10:15:42 p.m. Transporto a GIOSACA hacia Mapa59 X:32 Y:59
18/01/2014 10:15:42 p.m. Transporto a GIOSACA hacia Mapa59 X:30 Y:63
18/01/2014 10:15:42 p.m. Transporto a GIOSACA hacia Mapa59 X:29 Y:67
18/01/2014 10:15:43 p.m. Transporto a GIOSACA hacia Mapa59 X:31 Y:70
18/01/2014 10:15:43 p.m. Transporto a GIOSACA hacia Mapa59 X:34 Y:73
18/01/2014 10:15:43 p.m. Transporto a GIOSACA hacia Mapa59 X:38 Y:73
18/01/2014 10:15:43 p.m. Transporto a GIOSACA hacia Mapa59 X:42 Y:73
18/01/2014 10:15:44 p.m. Transporto a GIOSACA hacia Mapa59 X:42 Y:75
18/01/2014 10:15:44 p.m. Transporto a GIOSACA hacia Mapa59 X:39 Y:77
18/01/2014 10:15:44 p.m. Transporto a GIOSACA hacia Mapa59 X:34 Y:78
18/01/2014 10:15:44 p.m. Transporto a GIOSACA hacia Mapa59 X:28 Y:78
18/01/2014 10:15:45 p.m. Transporto a GIOSACA hacia Mapa59 X:31 Y:74
18/01/2014 10:15:45 p.m. Transporto a GIOSACA hacia Mapa59 X:34 Y:70
18/01/2014 10:15:47 p.m. Transporto a GIOSACA hacia Mapa59 X:41 Y:73
18/01/2014 10:15:47 p.m. Transporto a GIOSACA hacia Mapa59 X:47 Y:77
18/01/2014 10:15:48 p.m. Transporto a GIOSACA hacia Mapa59 X:49 Y:81
18/01/2014 10:15:48 p.m. Transporto a GIOSACA hacia Mapa59 X:50 Y:77
18/01/2014 10:15:48 p.m. Transporto a GIOSACA hacia Mapa59 X:51 Y:72
18/01/2014 10:15:48 p.m. Transporto a GIOSACA hacia Mapa59 X:52 Y:68
18/01/2014 10:15:49 p.m. Transporto a GIOSACA hacia Mapa59 X:51 Y:65
18/01/2014 10:15:49 p.m. Transporto a GIOSACA hacia Mapa59 X:50 Y:62
18/01/2014 10:15:49 p.m. Transporto a GIOSACA hacia Mapa59 X:50 Y:58
18/01/2014 10:15:49 p.m. Transporto a GIOSACA hacia Mapa59 X:53 Y:55
18/01/2014 10:15:51 p.m. Transporto a GIOSACA hacia Mapa59 X:56 Y:58
18/01/2014 10:15:51 p.m. Transporto a GIOSACA hacia Mapa59 X:58 Y:61
18/01/2014 10:15:51 p.m. Transporto a GIOSACA hacia Mapa59 X:60 Y:60
18/01/2014 10:15:52 p.m. Transporto a GIOSACA hacia Mapa59 X:63 Y:59
18/01/2014 10:15:52 p.m. Transporto a GIOSACA hacia Mapa59 X:65 Y:57
18/01/2014 10:15:52 p.m. Transporto a GIOSACA hacia Mapa59 X:66 Y:54
18/01/2014 10:15:52 p.m. Transporto a GIOSACA hacia Mapa59 X:63 Y:50
18/01/2014 10:15:53 p.m. Transporto a GIOSACA hacia Mapa59 X:59 Y:47
18/01/2014 10:15:53 p.m. Transporto a GIOSACA hacia Mapa59 X:54 Y:45
18/01/2014 10:15:53 p.m. Transporto a GIOSACA hacia Mapa59 X:49 Y:44
18/01/2014 10:15:54 p.m. Transporto a GIOSACA hacia Mapa59 X:50 Y:43
18/01/2014 10:15:54 p.m. Transporto a GIOSACA hacia Mapa59 X:50 Y:42
18/01/2014 10:15:55 p.m. Transporto a GIOSACA hacia Mapa59 X:50 Y:41
18/01/2014 10:15:55 p.m. Transporto a GIOSACA hacia Mapa59 X:50 Y:41
18/01/2014 10:21:23 p.m. Se conecto con ip:127.0.0.1
18/01/2014 10:21:27 p.m. Transporto a GIOSACA hacia Mapa59 X:47 Y:51
18/01/2014 10:21:27 p.m. Transporto a GIOSACA hacia Mapa59 X:44 Y:53
18/01/2014 10:21:27 p.m. Transporto a GIOSACA hacia Mapa59 X:41 Y:56
18/01/2014 10:21:28 p.m. Transporto a GIOSACA hacia Mapa59 X:42 Y:54
18/01/2014 10:21:35 p.m. Transporto a GIOSACA hacia Mapa59 X:43 Y:51
18/01/2014 10:21:36 p.m. Transporto a GIOSACA hacia Mapa59 X:48 Y:47
18/01/2014 10:21:36 p.m. Transporto a GIOSACA hacia Mapa59 X:51 Y:44
19/01/2014 06:30:09 p.m. Se conecto con ip:127.0.0.1
19/01/2014 06:34:48 p.m. Se conecto con ip:127.0.0.1
19/01/2014 06:38:19 p.m. Se conecto con ip:127.0.0.1
19/01/2014 06:40:40 p.m. Se conecto con ip:127.0.0.1
19/01/2014 06:42:51 p.m. Se conecto con ip:127.0.0.1
19/01/2014 06:44:00 p.m. Se conecto con ip:127.0.0.1
19/01/2014 06:57:14 p.m. Se conecto con ip:127.0.0.1
19/01/2014 07:00:31 p.m. Se conecto con ip:127.0.0.1
19/01/2014 07:00:52 p.m. Se conecto con ip:127.0.0.1
19/01/2014 07:29:56 p.m. Se conecto con ip:127.0.0.1
19/01/2014 07:29:59 p.m. /CI: 130
19/01/2014 07:30:01 p.m. /DEST
19/01/2014 10:18:12 p.m. Se conecto con ip:127.0.0.1
19/01/2014 10:25:20 p.m. Se conecto con ip:127.0.0.1
19/01/2014 10:25:23 p.m. Sumoneo a Murciélago en mapa 59
19/01/2014 10:25:29 p.m. Transporto a GIOSACA hacia Mapa59 X:54 Y:42
19/01/2014 10:25:30 p.m. Transporto a GIOSACA hacia Mapa59 X:51 Y:43
19/01/2014 10:25:30 p.m. Transporto a GIOSACA hacia Mapa59 X:48 Y:44
19/01/2014 10:25:31 p.m. Transporto a GIOSACA hacia Mapa59 X:48 Y:47
19/01/2014 10:25:31 p.m. Transporto a GIOSACA hacia Mapa59 X:50 Y:46
19/01/2014 10:25:32 p.m. Transporto a GIOSACA hacia Mapa59 X:55 Y:44
19/01/2014 10:25:32 p.m. Transporto a GIOSACA hacia Mapa59 X:56 Y:45
19/01/2014 10:25:32 p.m. Transporto a GIOSACA hacia Mapa59 X:53 Y:44
19/01/2014 10:25:32 p.m. Transporto a GIOSACA hacia Mapa59 X:50 Y:42
19/01/2014 10:25:40 p.m. Transporto a GIOSACA hacia Mapa59 X:52 Y:43
19/01/2014 10:25:41 p.m. /DEST
19/01/2014 10:25:42 p.m. Transporto a GIOSACA hacia Mapa59 X:52 Y:42
19/01/2014 10:26:00 p.m. Se conecto con ip:127.0.0.1
19/01/2014 10:26:03 p.m. Sumoneo a Serpiente en mapa 59
19/01/2014 10:28:50 p.m. Se conecto con ip:127.0.0.1
19/01/2014 10:28:53 p.m. Sumoneo a Serpiente en mapa 59
19/01/2014 10:41:59 p.m. Se conecto con ip:127.0.0.1
19/01/2014 10:42:02 p.m. Transporto a GIOSACA hacia Mapa59 X:51 Y:45
19/01/2014 10:42:03 p.m. Transporto a GIOSACA hacia Mapa59 X:48 Y:49
19/01/2014 10:42:03 p.m. Transporto a GIOSACA hacia Mapa59 X:46 Y:53
19/01/2014 10:42:04 p.m. Transporto a GIOSACA hacia Mapa59 X:44 Y:57
19/01/2014 10:42:04 p.m. Transporto a GIOSACA hacia Mapa59 X:40 Y:59
19/01/2014 10:42:05 p.m. Transporto a GIOSACA hacia Mapa59 X:41 Y:56
19/01/2014 10:42:05 p.m. Transporto a GIOSACA hacia Mapa59 X:43 Y:53
19/01/2014 10:42:05 p.m. Transporto a GIOSACA hacia Mapa59 X:46 Y:50
19/01/2014 10:42:06 p.m. Transporto a GIOSACA hacia Mapa59 X:51 Y:49
19/01/2014 10:42:06 p.m. Transporto a GIOSACA hacia Mapa59 X:55 Y:49
19/01/2014 10:42:07 p.m. Transporto a GIOSACA hacia Mapa59 X:58 Y:49
19/01/2014 10:42:08 p.m. Transporto a GIOSACA hacia Mapa59 X:58 Y:49
19/01/2014 10:42:08 p.m. Transporto a GIOSACA hacia Mapa59 X:56 Y:49
19/01/2014 10:42:09 p.m. Transporto a GIOSACA hacia Mapa59 X:52 Y:45
19/01/2014 10:42:09 p.m. Transporto a GIOSACA hacia Mapa59 X:49 Y:41
19/01/2014 10:42:09 p.m. Transporto a GIOSACA hacia Mapa59 X:48 Y:39
19/01/2014 10:42:09 p.m. Transporto a GIOSACA hacia Mapa59 X:51 Y:36
19/01/2014 10:42:09 p.m. Transporto a GIOSACA hacia Mapa59 X:54 Y:38
19/01/2014 10:42:10 p.m. Transporto a GIOSACA hacia Mapa59 X:55 Y:41
19/01/2014 10:42:10 p.m. Transporto a GIOSACA hacia Mapa59 X:54 Y:44
19/01/2014 10:42:10 p.m. Transporto a GIOSACA hacia Mapa59 X:53 Y:47
19/01/2014 10:44:50 p.m. Se conecto con ip:127.0.0.1
19/01/2014 10:44:57 p.m. Se conecto con ip:127.0.0.1
21/01/2014 02:07:35 p.m. Se conecto con ip:127.0.0.1
21/01/2014 02:07:38 p.m. Transporto a GIOSACA hacia Mapa59 X:50 Y:46
21/01/2014 02:07:39 p.m. Transporto a GIOSACA hacia Mapa59 X:50 Y:44
21/01/2014 02:07:51 p.m. /CI: 476
21/01/2014 02:07:51 p.m. Agarro:100 Objeto:Galeón
21/01/2014 02:08:15 p.m. /CI: 485
21/01/2014 02:08:16 p.m. Agarro:100 Objeto:Armadura Legendaria
21/01/2014 02:08:17 p.m. /CI: 403
21/01/2014 02:08:18 p.m. Agarro:100 Objeto:Espada de Plata
21/01/2014 02:08:23 p.m. /CI: 130
21/01/2014 02:08:23 p.m. Agarro:100 Objeto:Escudo de Plata
21/01/2014 02:08:29 p.m. Transporto a GIOSACA hacia Mapa59 X:50 Y:44
21/01/2014 02:08:38 p.m. /CI: 560
21/01/2014 02:08:40 p.m. Agarro:100 Objeto:Gema Sagrada Recuperada por Shadow VX
21/01/2014 02:08:43 p.m. Tiro cantidad:99 Objeto:Gema Sagrada Recuperada por Shadow VX
21/01/2014 02:08:46 p.m. /DEST
21/01/2014 02:09:18 p.m. Se conecto con ip:127.0.0.1
21/01/2014 02:09:59 p.m. Tiro cantidad:1 Objeto:Gema Sagrada Recuperada por Shadow VX
21/01/2014 02:10:19 p.m. Agarro:1 Objeto:Gema Sagrada Recuperada por Shadow VX
21/01/2014 02:11:25 p.m. Se conecto con ip:127.0.0.1
