22/02/2009 14:26:40 server iniciado 0.11.45
22/02/2009 14:29:16 server cerrado.
22/02/2009 14:29:39 server iniciado 0.11.45
22/02/2009 14:37:38 server cerrado.
22/02/2009 15:01:58 server iniciado 0.11.45
22/02/2009 15:22:47 server cerrado.
22/02/2009 16:45:08 server iniciado 0.11.45
22/02/2009 16:51:35 server cerrado.
22/02/2009 20:34:31 server iniciado 0.11.45
22/02/2009 20:40:53 server cerrado.
23/02/2009 18:59:20 server iniciado 0.11.45
23/02/2009 19:11:03 server cerrado.
23/02/2009 19:55:41 server iniciado 0.11.45
23/02/2009 20:03:23 server cerrado.
23/02/2009 21:21:04 server iniciado 0.11.45
23/02/2009 21:22:55 server cerrado.
24/02/2009 13:55:29 server iniciado 0.11.45
24/02/2009 14:24:25 server cerrado.
24/02/2009 19:53:24 server iniciado 0.11.45
24/02/2009 20:03:08 server cerrado.
24/02/2009 20:27:10 server iniciado 0.11.45
24/02/2009 20:55:55 server cerrado.
25/02/2009 15:21:02 server iniciado 0.11.45
25/02/2009 15:25:33 server cerrado.
27/02/2009 15:11:29 server iniciado 0.11.45
27/02/2009 15:13:26 server cerrado.
05/03/2009 13:38:10 server iniciado 0.11.45
05/03/2009 13:52:56 server cerrado.
05/03/2009 15:23:28 server cerrado.
05/03/2009 15:27:21 server iniciado 0.11.45
05/03/2009 15:52:50 server cerrado.
05/03/2009 16:03:29 server iniciado 0.11.45
05/03/2009 16:14:19 server cerrado.
05/03/2009 20:08:16 server iniciado 0.11.45
05/03/2009 20:39:24 server cerrado.
06/03/2009 13:59:13 server iniciado 0.11.45
06/03/2009 14:06:20 server cerrado.
07/03/2009 12:36:58 server iniciado 0.11.45
07/03/2009 12:50:44 server cerrado.
07/03/2009 15:00:04 server cerrado.
07/03/2009 15:03:46 server iniciado 0.11.45
07/03/2009 15:42:03 server cerrado.
08/03/2009 12:09:19 server iniciado 0.11.45
08/03/2009 12:14:41 server cerrado.
09/03/2009 20:12:27 server iniciado 0.11.45
09/03/2009 20:22:01 server cerrado.
10/03/2009 12:29:34 server cerrado.
10/03/2009 12:32:47 server iniciado 0.11.45
10/03/2009 12:34:27 server cerrado.
12/03/2009 13:13:02 server iniciado 0.11.45
12/03/2009 13:24:47 server cerrado.
13/03/2009 13:08:44 server iniciado 0.11.45
13/03/2009 13:08:56 server cerrado.
15/03/2009 18:58:33 server iniciado 0.11.45
15/03/2009 19:17:10 server cerrado.
16/03/2009 14:28:02 server iniciado 0.11.45
16/03/2009 14:29:34 server cerrado.
16/03/2009 14:30:19 server iniciado 0.11.45
16/03/2009 15:04:41 server cerrado.
18/03/2009 12:40:57 server iniciado 0.11.45
18/03/2009 12:44:05 server cerrado.
18/03/2009 12:44:36 server iniciado 0.11.45
18/03/2009 12:49:37 server cerrado.
21/03/2009 18:01:59 server iniciado 0.11.45
21/03/2009 18:23:56 server cerrado.
21/03/2009 19:24:35 server iniciado 0.11.45
21/03/2009 19:41:33 server cerrado.
06/08/2009 10:59:23 p.m. server iniciado 0.11.45
06/08/2009 11:02:21 p.m. server cerrado.
06/08/2009 11:07:20 p.m. server iniciado 0.11.45
07/08/2009 12:28:03 a.m. server cerrado.
07/08/2009 12:50:21 a.m. server iniciado 0.11.45
07/08/2009 12:59:16 a.m. server cerrado.
07/08/2009 01:00:41 a.m. server iniciado 0.11.45
07/08/2009 01:02:32 a.m. server cerrado.
07/08/2009 01:03:41 a.m. server iniciado 0.11.45
07/08/2009 01:04:32 a.m. server cerrado.
07/08/2009 01:05:49 a.m. server iniciado 0.11.45
12/01/2010 18:35:23 server iniciado 0.11.45
12/01/2010 18:36:28 server cerrado.
28/08/2010 21:20:52 server iniciado 0.11.45
28/08/2010 21:54:17 server cerrado.
16/09/2011 07:05:13 p.m. server iniciado 0.11.45
16/09/2011 07:10:33 p.m. server cerrado.
18/09/2011 01:34:35 p.m. server iniciado 0.11.45
18/09/2011 02:35:53 p.m. server cerrado.
18/09/2011 07:54:15 p.m. server iniciado 0.11.45
18/09/2011 09:57:53 p.m. server cerrado.
04/01/2014 08:13:52 p.m. server iniciado 0.11.45
04/01/2014 09:10:39 p.m. server cerrado.
04/01/2014 09:14:05 p.m. server iniciado 0.11.45
04/01/2014 09:29:02 p.m. server cerrado.
04/01/2014 09:31:23 p.m. server iniciado 0.11.45
04/01/2014 09:32:06 p.m. server cerrado.
04/01/2014 09:36:14 p.m. server iniciado 0.11.45
04/01/2014 09:48:06 p.m. server cerrado.
04/01/2014 09:55:37 p.m. server iniciado 0.11.45
04/01/2014 10:08:53 p.m. server cerrado.
04/01/2014 11:06:53 p.m. server iniciado 0.11.45
09/01/2014 11:37:49 p.m. server iniciado 0.11.45
09/01/2014 11:42:27 p.m. server cerrado.
09/01/2014 11:52:23 p.m. server iniciado 0.11.45
10/01/2014 12:23:55 a.m. server cerrado.
10/01/2014 12:29:55 a.m. server iniciado 0.11.45
10/01/2014 12:36:00 a.m. server cerrado.
10/01/2014 12:35:56 p.m. server iniciado 0.11.45
10/01/2014 12:45:02 p.m. server cerrado.
10/01/2014 12:52:57 p.m. server iniciado 0.11.45
10/01/2014 01:50:39 p.m. server cerrado.
10/01/2014 02:00:37 p.m. server iniciado 0.11.45
10/01/2014 02:06:48 p.m. server cerrado.
10/01/2014 11:07:37 p.m. server iniciado 0.11.45
10/01/2014 11:14:16 p.m. server cerrado.
10/01/2014 11:27:44 p.m. server iniciado 0.11.45
11/01/2014 12:31:10 a.m. server cerrado.
11/01/2014 12:32:40 a.m. server iniciado 0.11.45
11/01/2014 12:34:43 a.m. server cerrado.
11/01/2014 10:24:51 a.m. server iniciado 0.11.45
11/01/2014 10:25:13 a.m. server cerrado.
11/01/2014 02:43:47 p.m. server iniciado 0.11.45
11/01/2014 03:02:26 p.m. server cerrado.
11/01/2014 03:03:34 p.m. server iniciado 0.11.45
11/01/2014 03:05:10 p.m. server cerrado.
11/01/2014 03:10:00 p.m. server iniciado 0.11.45
11/01/2014 03:14:35 p.m. server cerrado.
11/01/2014 10:52:55 p.m. server iniciado 0.11.45
11/01/2014 11:17:57 p.m. server cerrado.
11/01/2014 11:29:51 p.m. server iniciado 0.11.45
11/01/2014 11:42:37 p.m. server cerrado.
11/01/2014 11:57:04 p.m. server iniciado 0.11.45
11/01/2014 11:59:52 p.m. server cerrado.
12/01/2014 12:02:56 a.m. server iniciado 0.11.45
12/01/2014 12:10:50 a.m. server cerrado.
12/01/2014 12:16:30 a.m. server iniciado 0.11.45
12/01/2014 12:30:34 a.m. server cerrado.
12/01/2014 12:44:13 a.m. server iniciado 0.11.45
12/01/2014 01:40:33 a.m. server cerrado.
12/01/2014 01:51:20 a.m. server iniciado 0.11.45
12/01/2014 02:02:33 a.m. server cerrado.
12/01/2014 02:05:51 a.m. server iniciado 0.11.45
12/01/2014 02:06:08 a.m. server iniciado 0.11.45
12/01/2014 02:12:10 a.m. server cerrado.
12/01/2014 02:12:10 a.m. server cerrado.
12/01/2014 08:20:06 p.m. server iniciado 0.11.45
12/01/2014 08:21:27 p.m. server cerrado.
12/01/2014 08:23:19 p.m. server iniciado 0.11.45
12/01/2014 08:29:31 p.m. server cerrado.
12/01/2014 08:44:33 p.m. server iniciado 0.11.45
12/01/2014 08:51:14 p.m. server cerrado.
12/01/2014 08:54:25 p.m. server iniciado 0.11.45
12/01/2014 08:55:54 p.m. server cerrado.
12/01/2014 11:03:39 p.m. server iniciado 0.11.45
12/01/2014 11:14:18 p.m. server cerrado.
13/01/2014 12:11:09 a.m. server iniciado 0.11.45
13/01/2014 12:16:34 a.m. server cerrado.
13/01/2014 12:20:58 a.m. server iniciado 0.11.45
13/01/2014 12:22:05 a.m. server cerrado.
13/01/2014 12:25:06 a.m. server iniciado 0.11.45
13/01/2014 12:28:20 a.m. server cerrado.
13/01/2014 12:32:19 a.m. server iniciado 0.11.45
13/01/2014 12:36:43 a.m. server cerrado.
13/01/2014 12:50:45 a.m. server iniciado 0.11.45
13/01/2014 01:00:59 a.m. server cerrado.
13/01/2014 12:31:14 p.m. server iniciado 0.11.45
13/01/2014 12:32:29 p.m. server cerrado.
13/01/2014 12:35:00 p.m. server iniciado 0.11.45
13/01/2014 12:36:01 p.m. server cerrado.
13/01/2014 12:42:35 p.m. server iniciado 0.11.45
13/01/2014 12:53:35 p.m. server cerrado.
13/01/2014 01:35:04 p.m. server iniciado 0.11.45
13/01/2014 01:57:20 p.m. server cerrado.
13/01/2014 01:58:04 p.m. server iniciado 0.11.45
13/01/2014 02:12:53 p.m. server cerrado.
13/01/2014 06:32:35 p.m. server iniciado 0.11.45
13/01/2014 06:41:03 p.m. server cerrado.
13/01/2014 06:57:44 p.m. server iniciado 0.11.45
13/01/2014 08:27:44 p.m. server cerrado.
13/01/2014 11:19:46 p.m. server iniciado 0.11.45
17/01/2014 10:45:24 p.m. server iniciado 0.11.45
17/01/2014 10:53:01 p.m. server cerrado.
17/01/2014 10:55:34 p.m. server iniciado 0.11.45
17/01/2014 11:01:07 p.m. server cerrado.
18/01/2014 10:24:40 a.m. server iniciado 0.11.45
18/01/2014 10:25:02 a.m. server cerrado.
18/01/2014 07:25:23 p.m. server iniciado 0.11.45
18/01/2014 07:28:23 p.m. server cerrado.
18/01/2014 07:33:35 p.m. server iniciado 0.11.45
18/01/2014 07:34:25 p.m. server cerrado.
18/01/2014 07:39:01 p.m. server iniciado 0.11.45
18/01/2014 07:49:38 p.m. server cerrado.
18/01/2014 08:19:45 p.m. server iniciado 0.11.45
18/01/2014 08:34:27 p.m. server cerrado.
18/01/2014 08:37:46 p.m. server iniciado 0.11.45
18/01/2014 09:43:10 p.m. server cerrado.
18/01/2014 09:55:26 p.m. server iniciado 0.11.45
18/01/2014 10:31:36 p.m. server cerrado.
19/01/2014 06:21:40 p.m. server iniciado 0.11.45
19/01/2014 06:23:25 p.m. server cerrado.
19/01/2014 06:25:06 p.m. server iniciado 0.11.45
19/01/2014 07:06:36 p.m. server cerrado.
19/01/2014 07:22:46 p.m. server iniciado 0.11.45
19/01/2014 07:32:24 p.m. server cerrado.
19/01/2014 07:47:22 p.m. server iniciado 0.11.45
19/01/2014 09:23:37 p.m. server cerrado.
19/01/2014 10:18:04 p.m. server iniciado 0.11.45
19/01/2014 10:27:29 p.m. server cerrado.
19/01/2014 10:28:31 p.m. server iniciado 0.11.45
19/01/2014 10:29:23 p.m. server cerrado.
19/01/2014 10:40:22 p.m. server iniciado 0.11.45
20/01/2014 12:20:31 a.m. server cerrado.
21/01/2014 02:00:15 p.m. server iniciado 0.11.45
21/01/2014 02:13:04 p.m. server cerrado.
19-07-2019 23:29:47 server iniciado 0.11.45
20-07-2019 0:44:12 server cerrado.
20-07-2019 0:44:35 server iniciado 0.11.45
20-07-2019 1:15:50 server cerrado.
21-07-2019 0:17:08 server iniciado 0.11.45
21-07-2019 0:18:48 server cerrado.
21-07-2019 0:26:32 server iniciado 0.11.45
21-07-2019 2:02:06 server cerrado.
21-07-2019 2:02:27 server iniciado 0.11.45
21-07-2019 2:16:26 server cerrado.
21-07-2019 2:16:52 server iniciado 0.11.45
21-07-2019 2:28:56 server cerrado.
21-07-2019 2:29:17 server iniciado 0.11.45
21-07-2019 2:38:15 server cerrado.
21-07-2019 3:45:31 server iniciado 0.11.45
21-07-2019 3:46:54 server cerrado.
21-07-2019 3:48:49 server iniciado 0.11.45
21-07-2019 3:53:48 server cerrado.
21-07-2019 22:10:33 server iniciado 0.11.45
21-07-2019 22:17:04 server cerrado.
21-07-2019 22:17:36 server iniciado 0.11.45
21-07-2019 22:39:22 server cerrado.
21-07-2019 22:39:49 server iniciado 0.11.45
21-07-2019 22:42:21 server cerrado.
21-07-2019 22:50:44 server iniciado 0.11.45
21-07-2019 23:47:46 server cerrado.
21-07-2019 23:48:18 server iniciado 0.11.45
22-07-2019 1:19:45 server cerrado.
22-07-2019 12:00:46 server iniciado 0.11.45
22-07-2019 13:52:41 server cerrado.
22-07-2019 13:54:51 server iniciado 0.11.45
22-07-2019 14:03:11 server cerrado.
22-07-2019 14:03:44 server iniciado 0.11.45
22-07-2019 15:12:19 server cerrado.
22-07-2019 15:15:50 server iniciado 0.11.45
22-07-2019 15:30:07 server cerrado.
22-07-2019 15:31:04 server iniciado 0.11.45
22-07-2019 15:34:15 server cerrado.
22-07-2019 15:35:25 server iniciado 0.11.45
22-07-2019 15:40:34 server cerrado.
22-07-2019 15:41:18 server iniciado 0.11.45
22-07-2019 15:47:32 server cerrado.
22-07-2019 15:48:28 server iniciado 0.11.45
22-07-2019 16:56:56 server cerrado.
22-07-2019 16:57:30 server iniciado 0.11.45
22-07-2019 16:58:50 server cerrado.
22-07-2019 17:01:21 server iniciado 0.11.45
22-07-2019 17:05:04 server cerrado.
22-07-2019 17:05:17 server iniciado 0.11.45
22-07-2019 17:13:28 server iniciado 0.11.45
22-07-2019 17:14:16 server cerrado.
22-07-2019 17:14:54 server iniciado 0.11.45
22-07-2019 17:15:16 server cerrado.
22-07-2019 17:15:54 server iniciado 0.11.45
22-07-2019 17:16:10 server cerrado.
22-07-2019 17:17:53 server iniciado 0.11.45
22-07-2019 17:47:26 server cerrado.
22-07-2019 17:47:53 server iniciado 0.11.45
22-07-2019 17:49:44 server cerrado.
22-07-2019 17:50:41 server iniciado 0.11.45
22-07-2019 17:54:13 server cerrado.
22-07-2019 17:55:07 server iniciado 0.11.45
22-07-2019 17:59:18 server cerrado.
22-07-2019 18:00:15 server iniciado 0.11.45
22-07-2019 18:06:35 server cerrado.
22-07-2019 18:07:04 server iniciado 0.11.45
22-07-2019 19:46:35 server cerrado.
22-07-2019 19:48:09 server iniciado 0.11.45
22-07-2019 22:03:42 server cerrado.
22-07-2019 22:04:48 server iniciado 0.11.45
22-07-2019 22:28:46 server cerrado.
22-07-2019 22:29:16 server iniciado 0.11.45
22-07-2019 23:12:50 server cerrado.
22-07-2019 23:13:31 server iniciado 0.11.45
22-07-2019 23:14:54 server cerrado.
22-07-2019 23:15:35 server iniciado 0.11.45
22-07-2019 23:24:21 server cerrado.
22-07-2019 23:24:52 server iniciado 0.11.45
22-07-2019 23:25:17 server cerrado.
23-07-2019 12:50:21 server iniciado 0.11.45
23-07-2019 12:51:00 server cerrado.
23-07-2019 12:51:27 server iniciado 0.11.45
23-07-2019 19:02:03 server cerrado.
23-07-2019 19:02:39 server iniciado 0.11.45
23-07-2019 19:03:14 server cerrado.
23-07-2019 19:09:31 server iniciado 0.11.45
23-07-2019 19:10:32 server cerrado.
23-07-2019 19:11:14 server iniciado 0.11.45
23-07-2019 19:11:51 server cerrado.
23-07-2019 19:13:11 server iniciado 0.11.45
23-07-2019 19:19:44 server cerrado.
23-07-2019 19:20:12 server iniciado 0.11.45
23-07-2019 19:30:29 server cerrado.
23-07-2019 19:32:06 server iniciado 0.11.45
24-07-2019 0:06:17 server cerrado.
24-07-2019 0:13:25 server iniciado 0.11.45
24-07-2019 1:40:52 server cerrado.
24-07-2019 1:41:27 server iniciado 0.11.45
24-07-2019 2:34:54 server cerrado.
24-07-2019 13:51:17 server iniciado 0.11.45
24-07-2019 14:29:04 server cerrado.
24-07-2019 14:30:03 server iniciado 0.11.45
24-07-2019 14:35:29 server cerrado.
24-07-2019 14:38:43 server iniciado 0.11.45
24-07-2019 14:41:09 server cerrado.
24-07-2019 14:42:36 server iniciado 0.11.45
24-07-2019 14:43:07 server cerrado.
24-07-2019 14:54:26 server iniciado 0.11.45
24-07-2019 15:07:47 server cerrado.
24-07-2019 15:08:32 server iniciado 0.11.45
24-07-2019 15:11:04 server cerrado.
24-07-2019 15:12:21 server iniciado 0.11.45
24-07-2019 15:18:19 server cerrado.
24-07-2019 15:20:46 server iniciado 0.11.45
24-07-2019 16:47:10 server cerrado.
24-07-2019 19:59:28 server iniciado 0.11.45
24-07-2019 20:02:57 server cerrado.
24-07-2019 20:06:25 server iniciado 0.11.45
24-07-2019 22:58:09 server cerrado.
24-07-2019 22:59:20 server iniciado 0.11.45
24-07-2019 23:01:20 server cerrado.
24-07-2019 23:10:13 server iniciado 0.11.45
24-07-2019 23:16:01 server cerrado.
24-07-2019 23:17:07 server iniciado 0.11.45
24-07-2019 23:20:25 server cerrado.
24-07-2019 23:22:20 server iniciado 0.11.45
24-07-2019 23:23:28 server cerrado.
24-07-2019 23:23:58 server iniciado 0.11.45
24-07-2019 23:39:29 server cerrado.
25-07-2019 0:04:38 server iniciado 0.11.45
25-07-2019 0:45:15 server cerrado.
25-07-2019 13:16:09 server iniciado 0.11.45
25-07-2019 14:26:48 server cerrado.
25-07-2019 22:29:12 server iniciado 0.11.45
25-07-2019 22:45:47 server cerrado.
25-07-2019 22:46:26 server iniciado 0.11.45
25-07-2019 22:46:43 server cerrado.
25-07-2019 22:47:17 server iniciado 0.11.45
25-07-2019 23:24:19 server iniciado 0.11.45
25-07-2019 23:25:15 server cerrado.
25-07-2019 23:25:18 server cerrado.
25-07-2019 23:25:53 server iniciado 0.11.45
25-07-2019 23:27:43 server cerrado.
25-07-2019 23:28:37 server iniciado 0.11.45
25-07-2019 23:29:17 server cerrado.
26-07-2019 0:09:34 server iniciado 0.11.45
26-07-2019 1:00:56 server cerrado.
26-07-2019 14:03:16 server iniciado 0.11.45
26-07-2019 18:46:52 server cerrado.
26-07-2019 19:29:05 server iniciado 0.11.45
26-07-2019 20:03:50 server cerrado.
26-07-2019 20:19:37 server iniciado 0.11.45
26-07-2019 20:51:08 server cerrado.
26-07-2019 20:51:59 server iniciado 0.11.45
26-07-2019 20:58:49 server cerrado.
26-07-2019 21:00:25 server iniciado 0.11.45
26-07-2019 22:59:27 server cerrado.
26-07-2019 23:00:43 server iniciado 0.11.45
27-07-2019 1:22:49 server cerrado.
27-07-2019 14:45:00 server iniciado 0.11.45
27-07-2019 16:17:17 server cerrado.
27-07-2019 16:58:56 server iniciado 0.11.45
27-07-2019 18:52:46 server cerrado.
29-07-2019 0:35:09 server iniciado 0.11.45
29-07-2019 0:49:26 server cerrado.
29-07-2019 0:49:58 server iniciado 0.11.45
29-07-2019 1:08:39 server cerrado.
29-07-2019 19:36:47 server iniciado 0.11.45
29-07-2019 19:44:23 server cerrado.
30-07-2019 16:46:57 server iniciado 0.11.45
30-07-2019 17:08:50 server cerrado.
30-07-2019 17:11:44 server iniciado 0.11.45
30-07-2019 19:37:52 server cerrado.
30-07-2019 19:38:18 server iniciado 0.11.45
30-07-2019 19:39:36 server cerrado.
30-07-2019 19:45:38 server iniciado 0.11.45
30-07-2019 19:50:05 server cerrado.
30-07-2019 19:50:50 server iniciado 0.11.45
30-07-2019 19:51:48 server cerrado.
30-07-2019 19:53:28 server iniciado 0.11.45
30-07-2019 19:56:07 server cerrado.
30-07-2019 19:57:27 server iniciado 0.11.45
30-07-2019 20:53:41 server cerrado.
30-07-2019 20:55:31 server iniciado 0.11.45
30-07-2019 23:36:30 server cerrado.
30-07-2019 23:41:03 server iniciado 0.11.45
30-07-2019 23:43:09 server cerrado.
30-07-2019 23:43:32 server iniciado 0.11.45
30-07-2019 23:44:48 server cerrado.
30-07-2019 23:45:08 server iniciado 0.11.45
31-07-2019 0:01:17 server cerrado.
31-07-2019 0:02:42 server iniciado 0.11.45
31-07-2019 0:05:55 server cerrado.
31-07-2019 0:09:24 server iniciado 0.11.45
31-07-2019 3:12:49 server cerrado.
31-07-2019 11:54:23 server iniciado 0.11.45
31-07-2019 12:04:11 server cerrado.
31-07-2019 12:04:36 server iniciado 0.11.45
31-07-2019 12:16:45 server cerrado.
31-07-2019 12:17:16 server iniciado 0.11.45
31-07-2019 13:32:35 server cerrado.
31-07-2019 14:07:48 server iniciado 0.11.45
31-07-2019 14:14:09 server cerrado.
31-07-2019 14:14:40 server iniciado 0.11.45
31-07-2019 17:01:59 server cerrado.
31-07-2019 17:02:41 server iniciado 0.11.45
31-07-2019 17:04:23 server cerrado.
31-07-2019 17:05:58 server iniciado 0.11.45
31-07-2019 17:08:41 server cerrado.
31-07-2019 17:14:01 server iniciado 0.11.45
01-08-2019 4:30:06 server cerrado.
01-08-2019 14:51:02 server iniciado 0.11.45
02-08-2019 1:15:00 server cerrado.
02-08-2019 1:15:28 server iniciado 0.11.45
02-08-2019 1:16:05 server cerrado.
02-08-2019 1:23:30 server iniciado 0.11.45
02-08-2019 1:33:19 server cerrado.
02-08-2019 1:34:37 server iniciado 0.11.45
02-08-2019 2:05:59 server cerrado.
02-08-2019 15:00:40 server iniciado 0.11.45
02-08-2019 16:17:57 server cerrado.
16-08-2019 20:39:25 server iniciado 0.11.45
16-08-2019 23:08:23 server cerrado.
19-08-2019 16:36:00 server iniciado 0.11.45
19-08-2019 18:15:32 server cerrado.
25-12-2019 23:33:15 server iniciado 0.11.45
25-12-2019 23:41:03 server iniciado 0.11.45
25-12-2019 23:47:17 server cerrado.
26-12-2019 14:10:32 server iniciado 0.11.45
26-12-2019 14:11:52 server cerrado.
26-12-2019 14:12:22 server iniciado 0.11.45
27-12-2019 14:10:41 server iniciado 0.11.45
27-12-2019 14:19:46 server cerrado.
